{"E:\\mpp\\backend\\src\\server.js": {"path":"E:\\mpp\\backend\\src\\server.js","statementMap":{"0":{"start":{"line":1,"column":16},"end":{"line":1,"column":34}},"1":{"start":{"line":2,"column":13},"end":{"line":2,"column":28}},"2":{"start":{"line":3,"column":13},"end":{"line":3,"column":28}},"3":{"start":{"line":4,"column":26},"end":{"line":4,"column":65}},"4":{"start":{"line":5,"column":15},"end":{"line":5,"column":42}},"5":{"start":{"line":6,"column":18},"end":{"line":6,"column":48}},"6":{"start":{"line":7,"column":25},"end":{"line":7,"column":61}},"7":{"start":{"line":8,"column":19},"end":{"line":8,"column":49}},"8":{"start":{"line":9,"column":26},"end":{"line":9,"column":63}},"9":{"start":{"line":10,"column":20},"end":{"line":10,"column":51}},"10":{"start":{"line":11,"column":24},"end":{"line":11,"column":59}},"11":{"start":{"line":12,"column":20},"end":{"line":12,"column":51}},"12":{"start":{"line":13,"column":24},"end":{"line":13,"column":59}},"13":{"start":{"line":14,"column":21},"end":{"line":14,"column":53}},"14":{"start":{"line":15,"column":26},"end":{"line":15,"column":57}},"15":{"start":{"line":17,"column":12},"end":{"line":17,"column":21}},"16":{"start":{"line":18,"column":13},"end":{"line":18,"column":37}},"17":{"start":{"line":20,"column":23},"end":{"line":22,"column":8}},"18":{"start":{"line":21,"column":55},"end":{"line":21,"column":68}},"19":{"start":{"line":24,"column":0},"end":{"line":32,"column":4}},"20":{"start":{"line":26,"column":4},"end":{"line":26,"column":84}},"21":{"start":{"line":26,"column":56},"end":{"line":26,"column":84}},"22":{"start":{"line":27,"column":4},"end":{"line":27,"column":45}},"23":{"start":{"line":27,"column":17},"end":{"line":27,"column":45}},"24":{"start":{"line":28,"column":4},"end":{"line":28,"column":69}},"25":{"start":{"line":28,"column":41},"end":{"line":28,"column":69}},"26":{"start":{"line":29,"column":4},"end":{"line":29,"column":58}},"27":{"start":{"line":33,"column":0},"end":{"line":33,"column":24}},"28":{"start":{"line":35,"column":30},"end":{"line":35,"column":68}},"29":{"start":{"line":36,"column":0},"end":{"line":36,"column":27}},"30":{"start":{"line":37,"column":33},"end":{"line":37,"column":77}},"31":{"start":{"line":38,"column":0},"end":{"line":38,"column":30}},"32":{"start":{"line":40,"column":0},"end":{"line":42,"column":3}},"33":{"start":{"line":41,"column":2},"end":{"line":41,"column":29}},"34":{"start":{"line":44,"column":30},"end":{"line":44,"column":52}},"35":{"start":{"line":45,"column":0},"end":{"line":60,"column":4}},"36":{"start":{"line":49,"column":20},"end":{"line":49,"column":57}},"37":{"start":{"line":50,"column":17},"end":{"line":50,"column":75}},"38":{"start":{"line":51,"column":4},"end":{"line":55,"column":5}},"39":{"start":{"line":52,"column":20},"end":{"line":52,"column":48}},"40":{"start":{"line":53,"column":22},"end":{"line":53,"column":46}},"41":{"start":{"line":54,"column":6},"end":{"line":54,"column":71}},"42":{"start":{"line":54,"column":37},"end":{"line":54,"column":71}},"43":{"start":{"line":56,"column":18},"end":{"line":56,"column":51}},"44":{"start":{"line":57,"column":19},"end":{"line":57,"column":63}},"45":{"start":{"line":58,"column":4},"end":{"line":58,"column":22}},"46":{"start":{"line":62,"column":0},"end":{"line":62,"column":43}},"47":{"start":{"line":63,"column":0},"end":{"line":63,"column":33}},"48":{"start":{"line":64,"column":0},"end":{"line":64,"column":47}},"49":{"start":{"line":65,"column":0},"end":{"line":65,"column":35}},"50":{"start":{"line":66,"column":0},"end":{"line":66,"column":43}},"51":{"start":{"line":67,"column":0},"end":{"line":67,"column":35}},"52":{"start":{"line":68,"column":0},"end":{"line":68,"column":43}},"53":{"start":{"line":69,"column":0},"end":{"line":69,"column":37}},"54":{"start":{"line":71,"column":0},"end":{"line":78,"column":3}},"55":{"start":{"line":72,"column":2},"end":{"line":72,"column":21}},"56":{"start":{"line":73,"column":2},"end":{"line":77,"column":5}},"57":{"start":{"line":80,"column":0},"end":{"line":116,"column":1}},"58":{"start":{"line":82,"column":2},"end":{"line":94,"column":3}},"59":{"start":{"line":83,"column":15},"end":{"line":83,"column":28}},"60":{"start":{"line":84,"column":18},"end":{"line":84,"column":34}},"61":{"start":{"line":85,"column":20},"end":{"line":85,"column":46}},"62":{"start":{"line":86,"column":21},"end":{"line":86,"column":48}},"63":{"start":{"line":87,"column":4},"end":{"line":91,"column":5}},"64":{"start":{"line":88,"column":22},"end":{"line":88,"column":88}},"65":{"start":{"line":89,"column":6},"end":{"line":89,"column":48}},"66":{"start":{"line":90,"column":6},"end":{"line":90,"column":43}},"67":{"start":{"line":93,"column":4},"end":{"line":93,"column":74}},"68":{"start":{"line":95,"column":2},"end":{"line":95,"column":47}},"69":{"start":{"line":95,"column":15},"end":{"line":95,"column":47}},"70":{"start":{"line":96,"column":2},"end":{"line":96,"column":24}},"71":{"start":{"line":97,"column":28},"end":{"line":97,"column":54}},"72":{"start":{"line":98,"column":2},"end":{"line":98,"column":18}},"73":{"start":{"line":99,"column":24},"end":{"line":99,"column":43}},"74":{"start":{"line":100,"column":29},"end":{"line":100,"column":65}},"75":{"start":{"line":101,"column":2},"end":{"line":115,"column":5}},"76":{"start":{"line":102,"column":4},"end":{"line":106,"column":5}},"77":{"start":{"line":103,"column":6},"end":{"line":103,"column":33}},"78":{"start":{"line":105,"column":6},"end":{"line":105,"column":59}},"79":{"start":{"line":107,"column":4},"end":{"line":109,"column":7}},"80":{"start":{"line":108,"column":6},"end":{"line":108,"column":63}},"81":{"start":{"line":111,"column":4},"end":{"line":111,"column":44}},"82":{"start":{"line":112,"column":4},"end":{"line":114,"column":7}},"83":{"start":{"line":113,"column":6},"end":{"line":113,"column":80}},"84":{"start":{"line":118,"column":0},"end":{"line":118,"column":21}}},"fnMap":{"0":{"name":"(anonymous_0)","decl":{"start":{"line":21,"column":43},"end":{"line":21,"column":44}},"loc":{"start":{"line":21,"column":55},"end":{"line":21,"column":68}},"line":21},"1":{"name":"(anonymous_1)","decl":{"start":{"line":25,"column":10},"end":{"line":25,"column":11}},"loc":{"start":{"line":25,"column":32},"end":{"line":30,"column":3}},"line":25},"2":{"name":"(anonymous_2)","decl":{"start":{"line":40,"column":19},"end":{"line":40,"column":20}},"loc":{"start":{"line":40,"column":33},"end":{"line":42,"column":1}},"line":40},"3":{"name":"(anonymous_3)","decl":{"start":{"line":48,"column":11},"end":{"line":48,"column":12}},"loc":{"start":{"line":48,"column":20},"end":{"line":59,"column":3}},"line":48},"4":{"name":"(anonymous_4)","decl":{"start":{"line":71,"column":8},"end":{"line":71,"column":9}},"loc":{"start":{"line":71,"column":33},"end":{"line":78,"column":1}},"line":71},"5":{"name":"(anonymous_5)","decl":{"start":{"line":101,"column":24},"end":{"line":101,"column":25}},"loc":{"start":{"line":101,"column":36},"end":{"line":110,"column":3}},"line":101},"6":{"name":"(anonymous_6)","decl":{"start":{"line":107,"column":35},"end":{"line":107,"column":36}},"loc":{"start":{"line":107,"column":41},"end":{"line":109,"column":5}},"line":107},"7":{"name":"(anonymous_7)","decl":{"start":{"line":110,"column":11},"end":{"line":110,"column":12}},"loc":{"start":{"line":110,"column":20},"end":{"line":115,"column":3}},"line":110},"8":{"name":"(anonymous_8)","decl":{"start":{"line":112,"column":35},"end":{"line":112,"column":36}},"loc":{"start":{"line":112,"column":41},"end":{"line":114,"column":5}},"line":112}},"branchMap":{"0":{"loc":{"start":{"line":18,"column":13},"end":{"line":18,"column":37}},"type":"binary-expr","locations":[{"start":{"line":18,"column":13},"end":{"line":18,"column":29}},{"start":{"line":18,"column":33},"end":{"line":18,"column":37}}],"line":18},"1":{"loc":{"start":{"line":20,"column":23},"end":{"line":22,"column":8}},"type":"cond-expr","locations":[{"start":{"line":21,"column":4},"end":{"line":21,"column":85}},{"start":{"line":22,"column":4},"end":{"line":22,"column":8}}],"line":20},"2":{"loc":{"start":{"line":26,"column":4},"end":{"line":26,"column":84}},"type":"if","locations":[{"start":{"line":26,"column":4},"end":{"line":26,"column":84}},{"start":{},"end":{}}],"line":26},"3":{"loc":{"start":{"line":26,"column":8},"end":{"line":26,"column":54}},"type":"binary-expr","locations":[{"start":{"line":26,"column":8},"end":{"line":26,"column":23}},{"start":{"line":26,"column":27},"end":{"line":26,"column":54}}],"line":26},"4":{"loc":{"start":{"line":27,"column":4},"end":{"line":27,"column":45}},"type":"if","locations":[{"start":{"line":27,"column":4},"end":{"line":27,"column":45}},{"start":{},"end":{}}],"line":27},"5":{"loc":{"start":{"line":28,"column":4},"end":{"line":28,"column":69}},"type":"if","locations":[{"start":{"line":28,"column":4},"end":{"line":28,"column":69}},{"start":{},"end":{}}],"line":28},"6":{"loc":{"start":{"line":49,"column":20},"end":{"line":49,"column":57}},"type":"cond-expr","locations":[{"start":{"line":49,"column":41},"end":{"line":49,"column":52}},{"start":{"line":49,"column":55},"end":{"line":49,"column":57}}],"line":49},"7":{"loc":{"start":{"line":49,"column":20},"end":{"line":49,"column":38}},"type":"binary-expr","locations":[{"start":{"line":49,"column":20},"end":{"line":49,"column":23}},{"start":{"line":49,"column":27},"end":{"line":49,"column":38}}],"line":49},"8":{"loc":{"start":{"line":50,"column":17},"end":{"line":50,"column":75}},"type":"binary-expr","locations":[{"start":{"line":50,"column":17},"end":{"line":50,"column":41}},{"start":{"line":50,"column":45},"end":{"line":50,"column":69}},{"start":{"line":50,"column":73},"end":{"line":50,"column":75}}],"line":50},"9":{"loc":{"start":{"line":51,"column":4},"end":{"line":55,"column":5}},"type":"if","locations":[{"start":{"line":51,"column":4},"end":{"line":55,"column":5}},{"start":{},"end":{}}],"line":51},"10":{"loc":{"start":{"line":51,"column":8},"end":{"line":51,"column":42}},"type":"binary-expr","locations":[{"start":{"line":51,"column":8},"end":{"line":51,"column":12}},{"start":{"line":51,"column":16},"end":{"line":51,"column":42}}],"line":51},"11":{"loc":{"start":{"line":54,"column":6},"end":{"line":54,"column":71}},"type":"if","locations":[{"start":{"line":54,"column":6},"end":{"line":54,"column":71}},{"start":{},"end":{}}],"line":54},"12":{"loc":{"start":{"line":54,"column":10},"end":{"line":54,"column":35}},"type":"binary-expr","locations":[{"start":{"line":54,"column":10},"end":{"line":54,"column":17}},{"start":{"line":54,"column":21},"end":{"line":54,"column":35}}],"line":54},"13":{"loc":{"start":{"line":56,"column":18},"end":{"line":56,"column":51}},"type":"cond-expr","locations":[{"start":{"line":56,"column":37},"end":{"line":56,"column":46}},{"start":{"line":56,"column":49},"end":{"line":56,"column":51}}],"line":56},"14":{"loc":{"start":{"line":56,"column":18},"end":{"line":56,"column":34}},"type":"binary-expr","locations":[{"start":{"line":56,"column":18},"end":{"line":56,"column":21}},{"start":{"line":56,"column":25},"end":{"line":56,"column":34}}],"line":56},"15":{"loc":{"start":{"line":57,"column":19},"end":{"line":57,"column":63}},"type":"binary-expr","locations":[{"start":{"line":57,"column":19},"end":{"line":57,"column":39}},{"start":{"line":57,"column":43},"end":{"line":57,"column":55}},{"start":{"line":57,"column":59},"end":{"line":57,"column":63}}],"line":57},"16":{"loc":{"start":{"line":80,"column":0},"end":{"line":116,"column":1}},"type":"if","locations":[{"start":{"line":80,"column":0},"end":{"line":116,"column":1}},{"start":{},"end":{}}],"line":80},"17":{"loc":{"start":{"line":87,"column":4},"end":{"line":91,"column":5}},"type":"if","locations":[{"start":{"line":87,"column":4},"end":{"line":91,"column":5}},{"start":{},"end":{}}],"line":87},"18":{"loc":{"start":{"line":87,"column":8},"end":{"line":87,"column":80}},"type":"binary-expr","locations":[{"start":{"line":87,"column":8},"end":{"line":87,"column":15}},{"start":{"line":87,"column":19},"end":{"line":87,"column":27}},{"start":{"line":87,"column":31},"end":{"line":87,"column":53}},{"start":{"line":87,"column":57},"end":{"line":87,"column":80}}],"line":87},"19":{"loc":{"start":{"line":95,"column":2},"end":{"line":95,"column":47}},"type":"if","locations":[{"start":{"line":95,"column":2},"end":{"line":95,"column":47}},{"start":{},"end":{}}],"line":95}},"s":{"0":2,"1":2,"2":2,"3":2,"4":2,"5":2,"6":2,"7":2,"8":2,"9":2,"10":2,"11":2,"12":2,"13":2,"14":2,"15":2,"16":2,"17":2,"18":0,"19":2,"20":26,"21":26,"22":0,"23":0,"24":0,"25":0,"26":0,"27":2,"28":2,"29":2,"30":2,"31":2,"32":2,"33":0,"34":2,"35":2,"36":23,"37":23,"38":23,"39":0,"40":0,"41":0,"42":0,"43":23,"44":23,"45":23,"46":2,"47":2,"48":2,"49":2,"50":2,"51":2,"52":2,"53":2,"54":2,"55":0,"56":0,"57":2,"58":0,"59":0,"60":0,"61":0,"62":0,"63":0,"64":0,"65":0,"66":0,"67":0,"68":0,"69":0,"70":0,"71":0,"72":0,"73":0,"74":0,"75":0,"76":0,"77":0,"78":0,"79":0,"80":0,"81":0,"82":0,"83":0,"84":2},"f":{"0":0,"1":26,"2":0,"3":23,"4":0,"5":0,"6":0,"7":0,"8":0},"b":{"0":[2,2],"1":[0,2],"2":[26,0],"3":[26,0],"4":[0,0],"5":[0,0],"6":[23,0],"7":[23,23],"8":[23,23,23],"9":[0,23],"10":[23,0],"11":[0,0],"12":[0,0],"13":[0,23],"14":[23,23],"15":[23,23,23],"16":[0,2],"17":[0,0],"18":[0,0,0,0],"19":[0,0]},"_coverageSchema":"1a1c01bbd47fc00a2c39e90264f33305004495a9","hash":"23db4dedf85755cf25c1cd84fd3329a0e1355117"}
,"E:\\mpp\\backend\\src\\chat\\chatStore.js": {"path":"E:\\mpp\\backend\\src\\chat\\chatStore.js","statementMap":{"0":{"start":{"line":1,"column":24},"end":{"line":1,"column":42}},"1":{"start":{"line":3,"column":18},"end":{"line":3,"column":22}},"2":{"start":{"line":4,"column":14},"end":{"line":4,"column":18}},"3":{"start":{"line":5,"column":21},"end":{"line":5,"column":25}},"4":{"start":{"line":8,"column":2},"end":{"line":8,"column":66}},"5":{"start":{"line":12,"column":2},"end":{"line":12,"column":44}},"6":{"start":{"line":12,"column":22},"end":{"line":12,"column":44}},"7":{"start":{"line":14,"column":14},"end":{"line":14,"column":31}},"8":{"start":{"line":15,"column":2},"end":{"line":15,"column":37}},"9":{"start":{"line":16,"column":2},"end":{"line":16,"column":30}},"10":{"start":{"line":17,"column":2},"end":{"line":17,"column":29}},"11":{"start":{"line":18,"column":2},"end":{"line":18,"column":55}},"12":{"start":{"line":20,"column":2},"end":{"line":24,"column":3}},"13":{"start":{"line":21,"column":4},"end":{"line":21,"column":71}},"14":{"start":{"line":22,"column":4},"end":{"line":22,"column":56}},"15":{"start":{"line":26,"column":2},"end":{"line":26,"column":24}},"16":{"start":{"line":30,"column":20},"end":{"line":32,"column":57}},"17":{"start":{"line":33,"column":2},"end":{"line":42,"column":4}},"18":{"start":{"line":46,"column":2},"end":{"line":88,"column":3}},"19":{"start":{"line":47,"column":23},"end":{"line":47,"column":44}},"20":{"start":{"line":48,"column":16},"end":{"line":56,"column":5}},"21":{"start":{"line":58,"column":19},"end":{"line":58,"column":50}},"22":{"start":{"line":59,"column":4},"end":{"line":59,"column":54}},"23":{"start":{"line":61,"column":4},"end":{"line":87,"column":5}},"24":{"start":{"line":62,"column":17},"end":{"line":62,"column":30}},"25":{"start":{"line":63,"column":19},"end":{"line":63,"column":34}},"26":{"start":{"line":64,"column":19},"end":{"line":64,"column":67}},"27":{"start":{"line":65,"column":17},"end":{"line":65,"column":33}},"28":{"start":{"line":66,"column":6},"end":{"line":68,"column":7}},"29":{"start":{"line":67,"column":8},"end":{"line":67,"column":78}},"30":{"start":{"line":69,"column":17},"end":{"line":69,"column":73}},"31":{"start":{"line":70,"column":18},"end":{"line":79,"column":7}},"32":{"start":{"line":80,"column":6},"end":{"line":80,"column":42}},"33":{"start":{"line":81,"column":6},"end":{"line":81,"column":30}},"34":{"start":{"line":82,"column":6},"end":{"line":82,"column":60}},"35":{"start":{"line":83,"column":6},"end":{"line":83,"column":68}},"36":{"start":{"line":84,"column":6},"end":{"line":84,"column":17}},"37":{"start":{"line":86,"column":6},"end":{"line":86,"column":14}},"38":{"start":{"line":92,"column":21},"end":{"line":92,"column":42}},"39":{"start":{"line":93,"column":12},"end":{"line":93,"column":48}},"40":{"start":{"line":94,"column":15},"end":{"line":94,"column":83}},"41":{"start":{"line":95,"column":2},"end":{"line":95,"column":26}},"42":{"start":{"line":99,"column":2},"end":{"line":99,"column":40}},"43":{"start":{"line":99,"column":30},"end":{"line":99,"column":40}},"44":{"start":{"line":100,"column":21},"end":{"line":100,"column":42}},"45":{"start":{"line":101,"column":14},"end":{"line":101,"column":28}},"46":{"start":{"line":102,"column":16},"end":{"line":102,"column":34}},"47":{"start":{"line":103,"column":15},"end":{"line":108,"column":37}},"48":{"start":{"line":109,"column":2},"end":{"line":109,"column":26}},"49":{"start":{"line":112,"column":0},"end":{"line":116,"column":2}}},"fnMap":{"0":{"name":"resolveMongoUrl","decl":{"start":{"line":7,"column":9},"end":{"line":7,"column":24}},"loc":{"start":{"line":7,"column":27},"end":{"line":9,"column":1}},"line":7},"1":{"name":"getCollection","decl":{"start":{"line":11,"column":15},"end":{"line":11,"column":28}},"loc":{"start":{"line":11,"column":31},"end":{"line":27,"column":1}},"line":11},"2":{"name":"mapDoc","decl":{"start":{"line":29,"column":9},"end":{"line":29,"column":15}},"loc":{"start":{"line":29,"column":21},"end":{"line":43,"column":1}},"line":29},"3":{"name":"saveChatMessage","decl":{"start":{"line":45,"column":15},"end":{"line":45,"column":30}},"loc":{"start":{"line":45,"column":37},"end":{"line":89,"column":1}},"line":45},"4":{"name":"listChats","decl":{"start":{"line":91,"column":15},"end":{"line":91,"column":24}},"loc":{"start":{"line":91,"column":32},"end":{"line":96,"column":1}},"line":91},"5":{"name":"getConversation","decl":{"start":{"line":98,"column":15},"end":{"line":98,"column":30}},"loc":{"start":{"line":98,"column":51},"end":{"line":110,"column":1}},"line":98}},"branchMap":{"0":{"loc":{"start":{"line":8,"column":9},"end":{"line":8,"column":65}},"type":"binary-expr","locations":[{"start":{"line":8,"column":9},"end":{"line":8,"column":30}},{"start":{"line":8,"column":34},"end":{"line":8,"column":65}}],"line":8},"1":{"loc":{"start":{"line":12,"column":2},"end":{"line":12,"column":44}},"type":"if","locations":[{"start":{"line":12,"column":2},"end":{"line":12,"column":44}},{"start":{},"end":{}}],"line":12},"2":{"loc":{"start":{"line":30,"column":20},"end":{"line":32,"column":57}},"type":"cond-expr","locations":[{"start":{"line":31,"column":6},"end":{"line":31,"column":33}},{"start":{"line":32,"column":6},"end":{"line":32,"column":57}}],"line":30},"3":{"loc":{"start":{"line":32,"column":15},"end":{"line":32,"column":42}},"type":"binary-expr","locations":[{"start":{"line":32,"column":15},"end":{"line":32,"column":28}},{"start":{"line":32,"column":32},"end":{"line":32,"column":42}}],"line":32},"4":{"loc":{"start":{"line":35,"column":14},"end":{"line":35,"column":34}},"type":"binary-expr","locations":[{"start":{"line":35,"column":14},"end":{"line":35,"column":26}},{"start":{"line":35,"column":30},"end":{"line":35,"column":34}}],"line":35},"5":{"loc":{"start":{"line":37,"column":8},"end":{"line":37,"column":38}},"type":"cond-expr","locations":[{"start":{"line":37,"column":17},"end":{"line":37,"column":31}},{"start":{"line":37,"column":34},"end":{"line":37,"column":38}}],"line":37},"6":{"loc":{"start":{"line":38,"column":10},"end":{"line":38,"column":26}},"type":"binary-expr","locations":[{"start":{"line":38,"column":10},"end":{"line":38,"column":18}},{"start":{"line":38,"column":22},"end":{"line":38,"column":26}}],"line":38},"7":{"loc":{"start":{"line":39,"column":10},"end":{"line":39,"column":24}},"type":"binary-expr","locations":[{"start":{"line":39,"column":10},"end":{"line":39,"column":18}},{"start":{"line":39,"column":22},"end":{"line":39,"column":24}}],"line":39},"8":{"loc":{"start":{"line":41,"column":14},"end":{"line":41,"column":34}},"type":"binary-expr","locations":[{"start":{"line":41,"column":14},"end":{"line":41,"column":26}},{"start":{"line":41,"column":30},"end":{"line":41,"column":34}}],"line":41},"9":{"loc":{"start":{"line":49,"column":16},"end":{"line":49,"column":37}},"type":"binary-expr","locations":[{"start":{"line":49,"column":16},"end":{"line":49,"column":29}},{"start":{"line":49,"column":33},"end":{"line":49,"column":37}}],"line":49},"10":{"loc":{"start":{"line":51,"column":10},"end":{"line":51,"column":42}},"type":"cond-expr","locations":[{"start":{"line":51,"column":20},"end":{"line":51,"column":35}},{"start":{"line":51,"column":38},"end":{"line":51,"column":42}}],"line":51},"11":{"loc":{"start":{"line":52,"column":12},"end":{"line":52,"column":29}},"type":"binary-expr","locations":[{"start":{"line":52,"column":12},"end":{"line":52,"column":21}},{"start":{"line":52,"column":25},"end":{"line":52,"column":29}}],"line":52},"12":{"loc":{"start":{"line":53,"column":12},"end":{"line":53,"column":27}},"type":"binary-expr","locations":[{"start":{"line":53,"column":12},"end":{"line":53,"column":21}},{"start":{"line":53,"column":25},"end":{"line":53,"column":27}}],"line":53},"13":{"loc":{"start":{"line":54,"column":17},"end":{"line":54,"column":71}},"type":"cond-expr","locations":[{"start":{"line":54,"column":34},"end":{"line":54,"column":58}},{"start":{"line":54,"column":61},"end":{"line":54,"column":71}}],"line":54},"14":{"loc":{"start":{"line":55,"column":16},"end":{"line":55,"column":37}},"type":"binary-expr","locations":[{"start":{"line":55,"column":16},"end":{"line":55,"column":29}},{"start":{"line":55,"column":33},"end":{"line":55,"column":37}}],"line":55},"15":{"loc":{"start":{"line":66,"column":6},"end":{"line":68,"column":7}},"type":"if","locations":[{"start":{"line":66,"column":6},"end":{"line":68,"column":7}},{"start":{},"end":{}}],"line":66},"16":{"loc":{"start":{"line":67,"column":26},"end":{"line":67,"column":76}},"type":"binary-expr","locations":[{"start":{"line":67,"column":26},"end":{"line":67,"column":55}},{"start":{"line":67,"column":59},"end":{"line":67,"column":76}}],"line":67},"17":{"loc":{"start":{"line":72,"column":18},"end":{"line":72,"column":39}},"type":"binary-expr","locations":[{"start":{"line":72,"column":18},"end":{"line":72,"column":31}},{"start":{"line":72,"column":35},"end":{"line":72,"column":39}}],"line":72},"18":{"loc":{"start":{"line":74,"column":12},"end":{"line":74,"column":44}},"type":"cond-expr","locations":[{"start":{"line":74,"column":22},"end":{"line":74,"column":37}},{"start":{"line":74,"column":40},"end":{"line":74,"column":44}}],"line":74},"19":{"loc":{"start":{"line":75,"column":14},"end":{"line":75,"column":31}},"type":"binary-expr","locations":[{"start":{"line":75,"column":14},"end":{"line":75,"column":23}},{"start":{"line":75,"column":27},"end":{"line":75,"column":31}}],"line":75},"20":{"loc":{"start":{"line":76,"column":14},"end":{"line":76,"column":29}},"type":"binary-expr","locations":[{"start":{"line":76,"column":14},"end":{"line":76,"column":23}},{"start":{"line":76,"column":27},"end":{"line":76,"column":29}}],"line":76},"21":{"loc":{"start":{"line":77,"column":19},"end":{"line":77,"column":101}},"type":"cond-expr","locations":[{"start":{"line":77,"column":36},"end":{"line":77,"column":74}},{"start":{"line":77,"column":77},"end":{"line":77,"column":101}}],"line":77},"22":{"loc":{"start":{"line":78,"column":18},"end":{"line":78,"column":39}},"type":"binary-expr","locations":[{"start":{"line":78,"column":18},"end":{"line":78,"column":31}},{"start":{"line":78,"column":35},"end":{"line":78,"column":39}}],"line":78},"23":{"loc":{"start":{"line":80,"column":22},"end":{"line":80,"column":41}},"type":"binary-expr","locations":[{"start":{"line":80,"column":22},"end":{"line":80,"column":35}},{"start":{"line":80,"column":39},"end":{"line":80,"column":41}}],"line":80},"24":{"loc":{"start":{"line":93,"column":21},"end":{"line":93,"column":41}},"type":"binary-expr","locations":[{"start":{"line":93,"column":21},"end":{"line":93,"column":34}},{"start":{"line":93,"column":38},"end":{"line":93,"column":41}}],"line":93},"25":{"loc":{"start":{"line":99,"column":2},"end":{"line":99,"column":40}},"type":"if","locations":[{"start":{"line":99,"column":2},"end":{"line":99,"column":40}},{"start":{},"end":{}}],"line":99},"26":{"loc":{"start":{"line":99,"column":6},"end":{"line":99,"column":28}},"type":"binary-expr","locations":[{"start":{"line":99,"column":6},"end":{"line":99,"column":13}},{"start":{"line":99,"column":17},"end":{"line":99,"column":28}}],"line":99}},"s":{"0":3,"1":3,"2":3,"3":3,"4":1,"5":1,"6":0,"7":1,"8":1,"9":1,"10":0,"11":0,"12":0,"13":0,"14":0,"15":0,"16":0,"17":0,"18":1,"19":1,"20":0,"21":0,"22":0,"23":0,"24":0,"25":0,"26":0,"27":0,"28":0,"29":0,"30":0,"31":0,"32":0,"33":0,"34":0,"35":0,"36":0,"37":0,"38":0,"39":0,"40":0,"41":0,"42":0,"43":0,"44":0,"45":0,"46":0,"47":0,"48":0,"49":3},"f":{"0":1,"1":1,"2":0,"3":1,"4":0,"5":0},"b":{"0":[1,1],"1":[0,1],"2":[0,0],"3":[0,0],"4":[0,0],"5":[0,0],"6":[0,0],"7":[0,0],"8":[0,0],"9":[0,0],"10":[0,0],"11":[0,0],"12":[0,0],"13":[0,0],"14":[0,0],"15":[0,0],"16":[0,0],"17":[0,0],"18":[0,0],"19":[0,0],"20":[0,0],"21":[0,0],"22":[0,0],"23":[0,0],"24":[0,0],"25":[0,0],"26":[0,0]},"_coverageSchema":"1a1c01bbd47fc00a2c39e90264f33305004495a9","hash":"727c0dbb3c5cb547c4abb3732126fce697d3140f"}
,"E:\\mpp\\backend\\src\\config\\config.js": {"path":"E:\\mpp\\backend\\src\\config\\config.js","statementMap":{"0":{"start":{"line":1,"column":13},"end":{"line":1,"column":28}},"1":{"start":{"line":3,"column":0},"end":{"line":19,"column":2}}},"fnMap":{},"branchMap":{},"s":{"0":0,"1":0},"f":{},"b":{}}
,"E:\\mpp\\backend\\src\\data\\detector.js": {"path":"E:\\mpp\\backend\\src\\data\\detector.js","statementMap":{"0":{"start":{"line":1,"column":40},"end":{"line":1,"column":60}},"1":{"start":{"line":3,"column":18},"end":{"line":3,"column":61}},"2":{"start":{"line":4,"column":23},"end":{"line":4,"column":72}},"3":{"start":{"line":7,"column":2},"end":{"line":27,"column":3}},"4":{"start":{"line":8,"column":18},"end":{"line":8,"column":81}},"5":{"start":{"line":9,"column":17},"end":{"line":12,"column":5}},"6":{"start":{"line":14,"column":4},"end":{"line":24,"column":5}},"7":{"start":{"line":15,"column":18},"end":{"line":15,"column":36}},"8":{"start":{"line":16,"column":21},"end":{"line":16,"column":29}},"9":{"start":{"line":17,"column":6},"end":{"line":23,"column":7}},"10":{"start":{"line":18,"column":8},"end":{"line":22,"column":11}},"11":{"start":{"line":26,"column":4},"end":{"line":26,"column":41}},"12":{"start":{"line":31,"column":2},"end":{"line":31,"column":16}},"13":{"start":{"line":32,"column":2},"end":{"line":32,"column":46}},"14":{"start":{"line":35,"column":0},"end":{"line":35,"column":48}}},"fnMap":{"0":{"name":"scanAndFlag","decl":{"start":{"line":6,"column":15},"end":{"line":6,"column":26}},"loc":{"start":{"line":6,"column":29},"end":{"line":28,"column":1}},"line":6},"1":{"name":"startDetector","decl":{"start":{"line":30,"column":9},"end":{"line":30,"column":22}},"loc":{"start":{"line":30,"column":47},"end":{"line":33,"column":1}},"line":30}},"branchMap":{"0":{"loc":{"start":{"line":3,"column":25},"end":{"line":3,"column":60}},"type":"binary-expr","locations":[{"start":{"line":3,"column":25},"end":{"line":3,"column":55}},{"start":{"line":3,"column":59},"end":{"line":3,"column":60}}],"line":3},"1":{"loc":{"start":{"line":4,"column":30},"end":{"line":4,"column":71}},"type":"binary-expr","locations":[{"start":{"line":4,"column":30},"end":{"line":4,"column":65}},{"start":{"line":4,"column":69},"end":{"line":4,"column":71}}],"line":4},"2":{"loc":{"start":{"line":15,"column":25},"end":{"line":15,"column":35}},"type":"binary-expr","locations":[{"start":{"line":15,"column":25},"end":{"line":15,"column":30}},{"start":{"line":15,"column":34},"end":{"line":15,"column":35}}],"line":15},"3":{"loc":{"start":{"line":17,"column":6},"end":{"line":23,"column":7}},"type":"if","locations":[{"start":{"line":17,"column":6},"end":{"line":23,"column":7}},{"start":{},"end":{}}],"line":17},"4":{"loc":{"start":{"line":17,"column":10},"end":{"line":17,"column":36}},"type":"binary-expr","locations":[{"start":{"line":17,"column":10},"end":{"line":17,"column":16}},{"start":{"line":17,"column":20},"end":{"line":17,"column":36}}],"line":17},"5":{"loc":{"start":{"line":30,"column":23},"end":{"line":30,"column":45}},"type":"default-arg","locations":[{"start":{"line":30,"column":36},"end":{"line":30,"column":45}}],"line":30}},"s":{"0":1,"1":1,"2":1,"3":1,"4":1,"5":1,"6":1,"7":1,"8":1,"9":1,"10":1,"11":0,"12":0,"13":0,"14":1},"f":{"0":1,"1":0},"b":{"0":[1,1],"1":[1,1],"2":[1,0],"3":[1,0],"4":[1,1],"5":[0]},"_coverageSchema":"1a1c01bbd47fc00a2c39e90264f33305004495a9","hash":"e03c1d6df9b00e195fa78f6539b82128c16cfe1d"}
,"E:\\mpp\\backend\\src\\data\\ensureDefaultUsers.js": {"path":"E:\\mpp\\backend\\src\\data\\ensureDefaultUsers.js","statementMap":{"0":{"start":{"line":1,"column":17},"end":{"line":1,"column":37}},"1":{"start":{"line":4,"column":16},"end":{"line":4,"column":69}},"2":{"start":{"line":5,"column":19},"end":{"line":5,"column":69}},"3":{"start":{"line":6,"column":15},"end":{"line":6,"column":62}},"4":{"start":{"line":8,"column":2},"end":{"line":15,"column":3}},"5":{"start":{"line":9,"column":4},"end":{"line":12,"column":7}},"6":{"start":{"line":14,"column":4},"end":{"line":14,"column":52}},"7":{"start":{"line":18,"column":0},"end":{"line":18,"column":36}}},"fnMap":{"0":{"name":"ensureDefaultUsers","decl":{"start":{"line":3,"column":15},"end":{"line":3,"column":33}},"loc":{"start":{"line":3,"column":36},"end":{"line":16,"column":1}},"line":3}},"branchMap":{"0":{"loc":{"start":{"line":4,"column":16},"end":{"line":4,"column":69}},"type":"binary-expr","locations":[{"start":{"line":4,"column":16},"end":{"line":4,"column":46}},{"start":{"line":4,"column":50},"end":{"line":4,"column":69}}],"line":4},"1":{"loc":{"start":{"line":5,"column":19},"end":{"line":5,"column":69}},"type":"binary-expr","locations":[{"start":{"line":5,"column":19},"end":{"line":5,"column":52}},{"start":{"line":5,"column":56},"end":{"line":5,"column":69}}],"line":5},"2":{"loc":{"start":{"line":6,"column":15},"end":{"line":6,"column":62}},"type":"binary-expr","locations":[{"start":{"line":6,"column":15},"end":{"line":6,"column":44}},{"start":{"line":6,"column":48},"end":{"line":6,"column":62}}],"line":6}},"s":{"0":0,"1":0,"2":0,"3":0,"4":0,"5":0,"6":0,"7":0},"f":{"0":0},"b":{"0":[0,0],"1":[0,0],"2":[0,0]}}
,"E:\\mpp\\backend\\src\\data\\logging.js": {"path":"E:\\mpp\\backend\\src\\data\\logging.js","statementMap":{"0":{"start":{"line":1,"column":22},"end":{"line":1,"column":42}},"1":{"start":{"line":4,"column":2},"end":{"line":4,"column":29}},"2":{"start":{"line":4,"column":15},"end":{"line":4,"column":29}},"3":{"start":{"line":5,"column":2},"end":{"line":12,"column":3}},"4":{"start":{"line":6,"column":14},"end":{"line":6,"column":41}},"5":{"start":{"line":7,"column":4},"end":{"line":7,"column":26}},"6":{"start":{"line":7,"column":12},"end":{"line":7,"column":26}},"7":{"start":{"line":8,"column":18},"end":{"line":8,"column":52}},"8":{"start":{"line":8,"column":49},"end":{"line":8,"column":51}},"9":{"start":{"line":9,"column":4},"end":{"line":9,"column":66}},"10":{"start":{"line":9,"column":27},"end":{"line":9,"column":45}},"11":{"start":{"line":11,"column":4},"end":{"line":11,"column":18}},"12":{"start":{"line":16,"column":2},"end":{"line":16,"column":27}},"13":{"start":{"line":16,"column":15},"end":{"line":16,"column":27}},"14":{"start":{"line":17,"column":14},"end":{"line":17,"column":53}},"15":{"start":{"line":18,"column":18},"end":{"line":22,"column":3}},"16":{"start":{"line":24,"column":2},"end":{"line":33,"column":3}},"17":{"start":{"line":25,"column":4},"end":{"line":30,"column":7}},"18":{"start":{"line":32,"column":4},"end":{"line":32,"column":16}},"19":{"start":{"line":36,"column":0},"end":{"line":36,"column":47}}},"fnMap":{"0":{"name":"resolveGroupId","decl":{"start":{"line":3,"column":15},"end":{"line":3,"column":29}},"loc":{"start":{"line":3,"column":38},"end":{"line":13,"column":1}},"line":3},"1":{"name":"(anonymous_1)","decl":{"start":{"line":8,"column":43},"end":{"line":8,"column":44}},"loc":{"start":{"line":8,"column":49},"end":{"line":8,"column":51}},"line":8},"2":{"name":"(anonymous_2)","decl":{"start":{"line":9,"column":22},"end":{"line":9,"column":23}},"loc":{"start":{"line":9,"column":27},"end":{"line":9,"column":45}},"line":9},"3":{"name":"logAction","decl":{"start":{"line":15,"column":15},"end":{"line":15,"column":24}},"loc":{"start":{"line":15,"column":72},"end":{"line":34,"column":1}},"line":15}},"branchMap":{"0":{"loc":{"start":{"line":4,"column":2},"end":{"line":4,"column":29}},"type":"if","locations":[{"start":{"line":4,"column":2},"end":{"line":4,"column":29}},{"start":{},"end":{}}],"line":4},"1":{"loc":{"start":{"line":7,"column":4},"end":{"line":7,"column":26}},"type":"if","locations":[{"start":{"line":7,"column":4},"end":{"line":7,"column":26}},{"start":{},"end":{}}],"line":7},"2":{"loc":{"start":{"line":9,"column":11},"end":{"line":9,"column":65}},"type":"cond-expr","locations":[{"start":{"line":9,"column":49},"end":{"line":9,"column":56}},{"start":{"line":9,"column":59},"end":{"line":9,"column":65}}],"line":9},"3":{"loc":{"start":{"line":16,"column":2},"end":{"line":16,"column":27}},"type":"if","locations":[{"start":{"line":16,"column":2},"end":{"line":16,"column":27}},{"start":{},"end":{}}],"line":16},"4":{"loc":{"start":{"line":17,"column":14},"end":{"line":17,"column":53}},"type":"binary-expr","locations":[{"start":{"line":17,"column":14},"end":{"line":17,"column":21}},{"start":{"line":17,"column":25},"end":{"line":17,"column":53}}],"line":17},"5":{"loc":{"start":{"line":19,"column":16},"end":{"line":19,"column":36}},"type":"binary-expr","locations":[{"start":{"line":19,"column":16},"end":{"line":19,"column":26}},{"start":{"line":19,"column":30},"end":{"line":19,"column":36}}],"line":19},"6":{"loc":{"start":{"line":21,"column":8},"end":{"line":21,"column":18}},"type":"binary-expr","locations":[{"start":{"line":21,"column":8},"end":{"line":21,"column":12}},{"start":{"line":21,"column":16},"end":{"line":21,"column":18}}],"line":21},"7":{"loc":{"start":{"line":26,"column":14},"end":{"line":26,"column":44}},"type":"cond-expr","locations":[{"start":{"line":26,"column":23},"end":{"line":26,"column":37}},{"start":{"line":26,"column":40},"end":{"line":26,"column":44}}],"line":26}},"s":{"0":2,"1":2,"2":0,"3":2,"4":2,"5":2,"6":0,"7":2,"8":0,"9":2,"10":0,"11":0,"12":19,"13":0,"14":19,"15":19,"16":19,"17":19,"18":0,"19":2},"f":{"0":2,"1":0,"2":0,"3":19},"b":{"0":[0,2],"1":[0,2],"2":[0,2],"3":[0,19],"4":[19,2],"5":[19,0],"6":[19,0],"7":[19,0]},"_coverageSchema":"1a1c01bbd47fc00a2c39e90264f33305004495a9","hash":"866f42af57e73d5bfa1b770127ab12a11cb924c6"}
,"E:\\mpp\\backend\\src\\data\\sessions.js": {"path":"E:\\mpp\\backend\\src\\data\\sessions.js","statementMap":{"0":{"start":{"line":1,"column":20},"end":{"line":1,"column":40}},"1":{"start":{"line":2,"column":23},"end":{"line":2,"column":38}},"2":{"start":{"line":5,"column":23},"end":{"line":5,"column":31}},"3":{"start":{"line":6,"column":18},"end":{"line":6,"column":89}},"4":{"start":{"line":7,"column":12},"end":{"line":7,"column":41}},"5":{"start":{"line":8,"column":2},"end":{"line":8,"column":11}},"6":{"start":{"line":12,"column":2},"end":{"line":12,"column":26}},"7":{"start":{"line":12,"column":14},"end":{"line":12,"column":26}},"8":{"start":{"line":13,"column":2},"end":{"line":13,"column":67}},"9":{"start":{"line":17,"column":12},"end":{"line":17,"column":38}},"10":{"start":{"line":18,"column":2},"end":{"line":18,"column":22}},"11":{"start":{"line":18,"column":10},"end":{"line":18,"column":22}},"12":{"start":{"line":19,"column":2},"end":{"line":19,"column":30}},"13":{"start":{"line":20,"column":2},"end":{"line":20,"column":17}},"14":{"start":{"line":21,"column":2},"end":{"line":21,"column":11}},"15":{"start":{"line":25,"column":12},"end":{"line":25,"column":38}},"16":{"start":{"line":26,"column":2},"end":{"line":26,"column":23}},"17":{"start":{"line":26,"column":10},"end":{"line":26,"column":23}},"18":{"start":{"line":27,"column":2},"end":{"line":27,"column":20}},"19":{"start":{"line":28,"column":2},"end":{"line":28,"column":14}},"20":{"start":{"line":31,"column":0},"end":{"line":31,"column":97}}},"fnMap":{"0":{"name":"createSession","decl":{"start":{"line":4,"column":15},"end":{"line":4,"column":28}},"loc":{"start":{"line":4,"column":48},"end":{"line":9,"column":1}},"line":4},"1":{"name":"findSessionByToken","decl":{"start":{"line":11,"column":15},"end":{"line":11,"column":33}},"loc":{"start":{"line":11,"column":41},"end":{"line":14,"column":1}},"line":11},"2":{"name":"updateSessionActivity","decl":{"start":{"line":16,"column":15},"end":{"line":16,"column":36}},"loc":{"start":{"line":16,"column":41},"end":{"line":22,"column":1}},"line":16},"3":{"name":"invalidateSession","decl":{"start":{"line":24,"column":15},"end":{"line":24,"column":32}},"loc":{"start":{"line":24,"column":37},"end":{"line":29,"column":1}},"line":24}},"branchMap":{"0":{"loc":{"start":{"line":4,"column":37},"end":{"line":4,"column":46}},"type":"default-arg","locations":[{"start":{"line":4,"column":44},"end":{"line":4,"column":46}}],"line":4},"1":{"loc":{"start":{"line":12,"column":2},"end":{"line":12,"column":26}},"type":"if","locations":[{"start":{"line":12,"column":2},"end":{"line":12,"column":26}},{"start":{},"end":{}}],"line":12},"2":{"loc":{"start":{"line":18,"column":2},"end":{"line":18,"column":22}},"type":"if","locations":[{"start":{"line":18,"column":2},"end":{"line":18,"column":22}},{"start":{},"end":{}}],"line":18},"3":{"loc":{"start":{"line":26,"column":2},"end":{"line":26,"column":23}},"type":"if","locations":[{"start":{"line":26,"column":2},"end":{"line":26,"column":23}},{"start":{},"end":{}}],"line":26}},"s":{"0":2,"1":2,"2":13,"3":13,"4":13,"5":13,"6":1,"7":0,"8":1,"9":1,"10":1,"11":0,"12":1,"13":1,"14":1,"15":0,"16":0,"17":0,"18":0,"19":0,"20":2},"f":{"0":13,"1":1,"2":1,"3":0},"b":{"0":[12],"1":[0,1],"2":[0,1],"3":[0,0]},"_coverageSchema":"1a1c01bbd47fc00a2c39e90264f33305004495a9","hash":"27e00def50a08cdf3971c12ef2ec4042dd940d13"}
,"E:\\mpp\\backend\\src\\data\\store.js": {"path":"E:\\mpp\\backend\\src\\data\\store.js","statementMap":{"0":{"start":{"line":1,"column":15},"end":{"line":1,"column":35}},"1":{"start":{"line":2,"column":66},"end":{"line":2,"column":86}},"2":{"start":{"line":4,"column":24},"end":{"line":17,"column":1}},"3":{"start":{"line":20,"column":2},"end":{"line":20,"column":40}},"4":{"start":{"line":24,"column":16},"end":{"line":24,"column":65}},"5":{"start":{"line":24,"column":62},"end":{"line":24,"column":64}},"6":{"start":{"line":25,"column":2},"end":{"line":25,"column":40}},"7":{"start":{"line":27,"column":2},"end":{"line":31,"column":3}},"8":{"start":{"line":28,"column":20},"end":{"line":28,"column":93}},"9":{"start":{"line":29,"column":4},"end":{"line":29,"column":61}},"10":{"start":{"line":30,"column":4},"end":{"line":30,"column":55}},"11":{"start":{"line":35,"column":16},"end":{"line":35,"column":62}},"12":{"start":{"line":35,"column":44},"end":{"line":35,"column":60}},"13":{"start":{"line":36,"column":2},"end":{"line":36,"column":37}},"14":{"start":{"line":40,"column":16},"end":{"line":40,"column":49}},"15":{"start":{"line":41,"column":18},"end":{"line":41,"column":53}},"16":{"start":{"line":42,"column":2},"end":{"line":42,"column":59}},"17":{"start":{"line":42,"column":24},"end":{"line":42,"column":59}},"18":{"start":{"line":43,"column":17},"end":{"line":43,"column":55}},"19":{"start":{"line":44,"column":2},"end":{"line":44,"column":91}},"20":{"start":{"line":44,"column":14},"end":{"line":44,"column":91}},"21":{"start":{"line":45,"column":2},"end":{"line":45,"column":101}},"22":{"start":{"line":45,"column":16},"end":{"line":45,"column":101}},"23":{"start":{"line":46,"column":12},"end":{"line":46,"column":45}},"24":{"start":{"line":47,"column":12},"end":{"line":47,"column":47}},"25":{"start":{"line":48,"column":2},"end":{"line":48,"column":34}},"26":{"start":{"line":52,"column":18},"end":{"line":52,"column":60}},"27":{"start":{"line":53,"column":2},"end":{"line":53,"column":57}},"28":{"start":{"line":57,"column":16},"end":{"line":57,"column":18}},"29":{"start":{"line":58,"column":2},"end":{"line":58,"column":36}},"30":{"start":{"line":58,"column":14},"end":{"line":58,"column":36}},"31":{"start":{"line":59,"column":2},"end":{"line":59,"column":36}},"32":{"start":{"line":59,"column":14},"end":{"line":59,"column":36}},"33":{"start":{"line":60,"column":2},"end":{"line":60,"column":42}},"34":{"start":{"line":60,"column":16},"end":{"line":60,"column":42}},"35":{"start":{"line":61,"column":2},"end":{"line":66,"column":3}},"36":{"start":{"line":62,"column":4},"end":{"line":65,"column":6}},"37":{"start":{"line":68,"column":16},"end":{"line":68,"column":18}},"38":{"start":{"line":69,"column":16},"end":{"line":69,"column":40}},"39":{"start":{"line":70,"column":2},"end":{"line":75,"column":3}},"40":{"start":{"line":71,"column":9},"end":{"line":75,"column":3}},"41":{"start":{"line":72,"column":4},"end":{"line":72,"column":33}},"42":{"start":{"line":74,"column":4},"end":{"line":74,"column":36}},"43":{"start":{"line":77,"column":2},"end":{"line":84,"column":3}},"44":{"start":{"line":78,"column":18},"end":{"line":78,"column":60}},"45":{"start":{"line":79,"column":4},"end":{"line":82,"column":5}},"46":{"start":{"line":80,"column":23},"end":{"line":80,"column":53}},"47":{"start":{"line":81,"column":6},"end":{"line":81,"column":86}},"48":{"start":{"line":81,"column":27},"end":{"line":81,"column":84}},"49":{"start":{"line":83,"column":4},"end":{"line":83,"column":66}},"50":{"start":{"line":86,"column":19},"end":{"line":86,"column":51}},"51":{"start":{"line":87,"column":23},"end":{"line":87,"column":64}},"52":{"start":{"line":88,"column":26},"end":{"line":88,"column":136}},"53":{"start":{"line":89,"column":14},"end":{"line":89,"column":18}},"54":{"start":{"line":90,"column":2},"end":{"line":93,"column":3}},"55":{"start":{"line":91,"column":21},"end":{"line":91,"column":51}},"56":{"start":{"line":92,"column":4},"end":{"line":92,"column":92}},"57":{"start":{"line":92,"column":33},"end":{"line":92,"column":90}},"58":{"start":{"line":94,"column":21},"end":{"line":94,"column":65}},"59":{"start":{"line":95,"column":2},"end":{"line":95,"column":61}},"60":{"start":{"line":99,"column":16},"end":{"line":99,"column":34}},"61":{"start":{"line":100,"column":2},"end":{"line":100,"column":36}},"62":{"start":{"line":100,"column":14},"end":{"line":100,"column":36}},"63":{"start":{"line":101,"column":2},"end":{"line":101,"column":53}},"64":{"start":{"line":105,"column":18},"end":{"line":105,"column":114}},"65":{"start":{"line":106,"column":18},"end":{"line":106,"column":50}},"66":{"start":{"line":107,"column":2},"end":{"line":107,"column":17}},"67":{"start":{"line":111,"column":16},"end":{"line":111,"column":34}},"68":{"start":{"line":112,"column":2},"end":{"line":112,"column":36}},"69":{"start":{"line":112,"column":14},"end":{"line":112,"column":36}},"70":{"start":{"line":113,"column":15},"end":{"line":113,"column":50}},"71":{"start":{"line":114,"column":2},"end":{"line":114,"column":25}},"72":{"start":{"line":114,"column":13},"end":{"line":114,"column":25}},"73":{"start":{"line":115,"column":2},"end":{"line":115,"column":28}},"74":{"start":{"line":116,"column":2},"end":{"line":116,"column":14}},"75":{"start":{"line":120,"column":16},"end":{"line":120,"column":34}},"76":{"start":{"line":121,"column":2},"end":{"line":121,"column":36}},"77":{"start":{"line":121,"column":14},"end":{"line":121,"column":36}},"78":{"start":{"line":122,"column":20},"end":{"line":122,"column":55}},"79":{"start":{"line":123,"column":2},"end":{"line":123,"column":23}},"80":{"start":{"line":127,"column":20},"end":{"line":127,"column":22}},"81":{"start":{"line":128,"column":2},"end":{"line":128,"column":40}},"82":{"start":{"line":128,"column":14},"end":{"line":128,"column":40}},"83":{"start":{"line":129,"column":16},"end":{"line":129,"column":60}},"84":{"start":{"line":130,"column":22},"end":{"line":130,"column":96}},"85":{"start":{"line":131,"column":22},"end":{"line":131,"column":96}},"86":{"start":{"line":132,"column":20},"end":{"line":132,"column":92}},"87":{"start":{"line":133,"column":16},"end":{"line":133,"column":26}},"88":{"start":{"line":134,"column":19},"end":{"line":134,"column":83}},"89":{"start":{"line":135,"column":18},"end":{"line":135,"column":136}},"90":{"start":{"line":136,"column":2},"end":{"line":136,"column":65}},"91":{"start":{"line":140,"column":2},"end":{"line":140,"column":50}},"92":{"start":{"line":143,"column":15},"end":{"line":143,"column":32}},"93":{"start":{"line":144,"column":20},"end":{"line":144,"column":64}},"94":{"start":{"line":147,"column":15},"end":{"line":147,"column":55}},"95":{"start":{"line":148,"column":15},"end":{"line":148,"column":65}},"96":{"start":{"line":149,"column":2},"end":{"line":149,"column":40}},"97":{"start":{"line":150,"column":2},"end":{"line":150,"column":34}},"98":{"start":{"line":151,"column":2},"end":{"line":151,"column":14}},"99":{"start":{"line":155,"column":15},"end":{"line":155,"column":43}},"100":{"start":{"line":156,"column":2},"end":{"line":156,"column":25}},"101":{"start":{"line":156,"column":13},"end":{"line":156,"column":25}},"102":{"start":{"line":157,"column":15},"end":{"line":157,"column":58}},"103":{"start":{"line":158,"column":2},"end":{"line":158,"column":40}},"104":{"start":{"line":159,"column":2},"end":{"line":159,"column":14}},"105":{"start":{"line":163,"column":16},"end":{"line":163,"column":49}},"106":{"start":{"line":164,"column":18},"end":{"line":164,"column":53}},"107":{"start":{"line":165,"column":2},"end":{"line":165,"column":59}},"108":{"start":{"line":165,"column":24},"end":{"line":165,"column":59}},"109":{"start":{"line":166,"column":2},"end":{"line":166,"column":34}},"110":{"start":{"line":170,"column":29},"end":{"line":170,"column":34}},"111":{"start":{"line":171,"column":12},"end":{"line":171,"column":45}},"112":{"start":{"line":172,"column":2},"end":{"line":173,"column":115}},"113":{"start":{"line":172,"column":9},"end":{"line":172,"column":100}},"114":{"start":{"line":173,"column":7},"end":{"line":173,"column":115}},"115":{"start":{"line":175,"column":12},"end":{"line":175,"column":47}},"116":{"start":{"line":176,"column":2},"end":{"line":177,"column":139}},"117":{"start":{"line":176,"column":9},"end":{"line":176,"column":122}},"118":{"start":{"line":177,"column":7},"end":{"line":177,"column":139}},"119":{"start":{"line":179,"column":2},"end":{"line":179,"column":31}},"120":{"start":{"line":182,"column":0},"end":{"line":197,"column":2}}},"fnMap":{"0":{"name":"resetStore","decl":{"start":{"line":19,"column":15},"end":{"line":19,"column":25}},"loc":{"start":{"line":19,"column":28},"end":{"line":21,"column":1}},"line":19},"1":{"name":"resetStorePreserveUsers","decl":{"start":{"line":23,"column":15},"end":{"line":23,"column":38}},"loc":{"start":{"line":23,"column":41},"end":{"line":32,"column":1}},"line":23},"2":{"name":"(anonymous_2)","decl":{"start":{"line":24,"column":56},"end":{"line":24,"column":57}},"loc":{"start":{"line":24,"column":62},"end":{"line":24,"column":64}},"line":24},"3":{"name":"(anonymous_3)","decl":{"start":{"line":29,"column":51},"end":{"line":29,"column":52}},"loc":{"start":{"line":29,"column":57},"end":{"line":29,"column":59}},"line":29},"4":{"name":"(anonymous_4)","decl":{"start":{"line":30,"column":45},"end":{"line":30,"column":46}},"loc":{"start":{"line":30,"column":51},"end":{"line":30,"column":53}},"line":30},"5":{"name":"seedAssignmentsForUser","decl":{"start":{"line":34,"column":15},"end":{"line":34,"column":37}},"loc":{"start":{"line":34,"column":46},"end":{"line":37,"column":1}},"line":34},"6":{"name":"(anonymous_6)","decl":{"start":{"line":35,"column":36},"end":{"line":35,"column":37}},"loc":{"start":{"line":35,"column":44},"end":{"line":35,"column":60}},"line":35},"7":{"name":"ensureFocusStats","decl":{"start":{"line":39,"column":15},"end":{"line":39,"column":31}},"loc":{"start":{"line":39,"column":40},"end":{"line":49,"column":1}},"line":39},"8":{"name":"normalizeSort","decl":{"start":{"line":51,"column":9},"end":{"line":51,"column":22}},"loc":{"start":{"line":51,"column":34},"end":{"line":54,"column":1}},"line":51},"9":{"name":"listAssignments","decl":{"start":{"line":56,"column":15},"end":{"line":56,"column":30}},"loc":{"start":{"line":56,"column":101},"end":{"line":96,"column":1}},"line":56},"10":{"name":"(anonymous_10)","decl":{"start":{"line":81,"column":17},"end":{"line":81,"column":18}},"loc":{"start":{"line":81,"column":27},"end":{"line":81,"column":84}},"line":81},"11":{"name":"(anonymous_11)","decl":{"start":{"line":92,"column":23},"end":{"line":92,"column":24}},"loc":{"start":{"line":92,"column":33},"end":{"line":92,"column":90}},"line":92},"12":{"name":"getAssignmentById","decl":{"start":{"line":98,"column":15},"end":{"line":98,"column":32}},"loc":{"start":{"line":98,"column":45},"end":{"line":102,"column":1}},"line":98},"13":{"name":"addAssignment","decl":{"start":{"line":104,"column":15},"end":{"line":104,"column":28}},"loc":{"start":{"line":104,"column":45},"end":{"line":108,"column":1}},"line":104},"14":{"name":"updateAssignment","decl":{"start":{"line":110,"column":15},"end":{"line":110,"column":31}},"loc":{"start":{"line":110,"column":52},"end":{"line":117,"column":1}},"line":110},"15":{"name":"deleteAssignment","decl":{"start":{"line":119,"column":15},"end":{"line":119,"column":31}},"loc":{"start":{"line":119,"column":44},"end":{"line":124,"column":1}},"line":119},"16":{"name":"getSummary","decl":{"start":{"line":126,"column":15},"end":{"line":126,"column":25}},"loc":{"start":{"line":126,"column":34},"end":{"line":137,"column":1}},"line":126},"17":{"name":"findUserByEmail","decl":{"start":{"line":139,"column":15},"end":{"line":139,"column":30}},"loc":{"start":{"line":139,"column":38},"end":{"line":141,"column":1}},"line":139},"18":{"name":"addUser","decl":{"start":{"line":146,"column":15},"end":{"line":146,"column":22}},"loc":{"start":{"line":146,"column":50},"end":{"line":152,"column":1}},"line":146},"19":{"name":"updateUserPassword","decl":{"start":{"line":154,"column":15},"end":{"line":154,"column":33}},"loc":{"start":{"line":154,"column":54},"end":{"line":160,"column":1}},"line":154},"20":{"name":"getFocusStats","decl":{"start":{"line":162,"column":15},"end":{"line":162,"column":28}},"loc":{"start":{"line":162,"column":37},"end":{"line":167,"column":1}},"line":162},"21":{"name":"setFocusStats","decl":{"start":{"line":169,"column":15},"end":{"line":169,"column":28}},"loc":{"start":{"line":169,"column":44},"end":{"line":180,"column":1}},"line":169}},"branchMap":{"0":{"loc":{"start":{"line":27,"column":18},"end":{"line":27,"column":29}},"type":"binary-expr","locations":[{"start":{"line":27,"column":18},"end":{"line":27,"column":23}},{"start":{"line":27,"column":27},"end":{"line":27,"column":29}}],"line":27},"1":{"loc":{"start":{"line":42,"column":2},"end":{"line":42,"column":59}},"type":"if","locations":[{"start":{"line":42,"column":2},"end":{"line":42,"column":59}},{"start":{},"end":{}}],"line":42},"2":{"loc":{"start":{"line":42,"column":6},"end":{"line":42,"column":22}},"type":"binary-expr","locations":[{"start":{"line":42,"column":6},"end":{"line":42,"column":11}},{"start":{"line":42,"column":15},"end":{"line":42,"column":22}}],"line":42},"3":{"loc":{"start":{"line":44,"column":2},"end":{"line":44,"column":91}},"type":"if","locations":[{"start":{"line":44,"column":2},"end":{"line":44,"column":91}},{"start":{},"end":{}}],"line":44},"4":{"loc":{"start":{"line":45,"column":2},"end":{"line":45,"column":101}},"type":"if","locations":[{"start":{"line":45,"column":2},"end":{"line":45,"column":101}},{"start":{},"end":{}}],"line":45},"5":{"loc":{"start":{"line":53,"column":9},"end":{"line":53,"column":56}},"type":"cond-expr","locations":[{"start":{"line":53,"column":34},"end":{"line":53,"column":43}},{"start":{"line":53,"column":46},"end":{"line":53,"column":56}}],"line":53},"6":{"loc":{"start":{"line":58,"column":2},"end":{"line":58,"column":36}},"type":"if","locations":[{"start":{"line":58,"column":2},"end":{"line":58,"column":36}},{"start":{},"end":{}}],"line":58},"7":{"loc":{"start":{"line":59,"column":2},"end":{"line":59,"column":36}},"type":"if","locations":[{"start":{"line":59,"column":2},"end":{"line":59,"column":36}},{"start":{},"end":{}}],"line":59},"8":{"loc":{"start":{"line":60,"column":2},"end":{"line":60,"column":42}},"type":"if","locations":[{"start":{"line":60,"column":2},"end":{"line":60,"column":42}},{"start":{},"end":{}}],"line":60},"9":{"loc":{"start":{"line":61,"column":2},"end":{"line":66,"column":3}},"type":"if","locations":[{"start":{"line":61,"column":2},"end":{"line":66,"column":3}},{"start":{},"end":{}}],"line":61},"10":{"loc":{"start":{"line":70,"column":2},"end":{"line":75,"column":3}},"type":"if","locations":[{"start":{"line":70,"column":2},"end":{"line":75,"column":3}},{"start":{"line":71,"column":9},"end":{"line":75,"column":3}}],"line":70},"11":{"loc":{"start":{"line":71,"column":9},"end":{"line":75,"column":3}},"type":"if","locations":[{"start":{"line":71,"column":9},"end":{"line":75,"column":3}},{"start":{"line":73,"column":9},"end":{"line":75,"column":3}}],"line":71},"12":{"loc":{"start":{"line":77,"column":2},"end":{"line":84,"column":3}},"type":"if","locations":[{"start":{"line":77,"column":2},"end":{"line":84,"column":3}},{"start":{},"end":{}}],"line":77},"13":{"loc":{"start":{"line":79,"column":4},"end":{"line":82,"column":5}},"type":"if","locations":[{"start":{"line":79,"column":4},"end":{"line":82,"column":5}},{"start":{},"end":{}}],"line":79},"14":{"loc":{"start":{"line":81,"column":28},"end":{"line":81,"column":53}},"type":"binary-expr","locations":[{"start":{"line":81,"column":28},"end":{"line":81,"column":48}},{"start":{"line":81,"column":52},"end":{"line":81,"column":53}}],"line":81},"15":{"loc":{"start":{"line":81,"column":58},"end":{"line":81,"column":83}},"type":"binary-expr","locations":[{"start":{"line":81,"column":58},"end":{"line":81,"column":78}},{"start":{"line":81,"column":82},"end":{"line":81,"column":83}}],"line":81},"16":{"loc":{"start":{"line":86,"column":19},"end":{"line":86,"column":51}},"type":"cond-expr","locations":[{"start":{"line":86,"column":43},"end":{"line":86,"column":47}},{"start":{"line":86,"column":50},"end":{"line":86,"column":51}}],"line":86},"17":{"loc":{"start":{"line":87,"column":23},"end":{"line":87,"column":64}},"type":"cond-expr","locations":[{"start":{"line":87,"column":51},"end":{"line":87,"column":59}},{"start":{"line":87,"column":62},"end":{"line":87,"column":64}}],"line":87},"18":{"loc":{"start":{"line":90,"column":2},"end":{"line":93,"column":3}},"type":"if","locations":[{"start":{"line":90,"column":2},"end":{"line":93,"column":3}},{"start":{},"end":{}}],"line":90},"19":{"loc":{"start":{"line":92,"column":34},"end":{"line":92,"column":59}},"type":"binary-expr","locations":[{"start":{"line":92,"column":34},"end":{"line":92,"column":54}},{"start":{"line":92,"column":58},"end":{"line":92,"column":59}}],"line":92},"20":{"loc":{"start":{"line":92,"column":64},"end":{"line":92,"column":89}},"type":"binary-expr","locations":[{"start":{"line":92,"column":64},"end":{"line":92,"column":84}},{"start":{"line":92,"column":88},"end":{"line":92,"column":89}}],"line":92},"21":{"loc":{"start":{"line":100,"column":2},"end":{"line":100,"column":36}},"type":"if","locations":[{"start":{"line":100,"column":2},"end":{"line":100,"column":36}},{"start":{},"end":{}}],"line":100},"22":{"loc":{"start":{"line":101,"column":9},"end":{"line":101,"column":52}},"type":"binary-expr","locations":[{"start":{"line":101,"column":9},"end":{"line":101,"column":44}},{"start":{"line":101,"column":48},"end":{"line":101,"column":52}}],"line":101},"23":{"loc":{"start":{"line":105,"column":52},"end":{"line":105,"column":111}},"type":"binary-expr","locations":[{"start":{"line":105,"column":52},"end":{"line":105,"column":69}},{"start":{"line":105,"column":73},"end":{"line":105,"column":111}}],"line":105},"24":{"loc":{"start":{"line":112,"column":2},"end":{"line":112,"column":36}},"type":"if","locations":[{"start":{"line":112,"column":2},"end":{"line":112,"column":36}},{"start":{},"end":{}}],"line":112},"25":{"loc":{"start":{"line":114,"column":2},"end":{"line":114,"column":25}},"type":"if","locations":[{"start":{"line":114,"column":2},"end":{"line":114,"column":25}},{"start":{},"end":{}}],"line":114},"26":{"loc":{"start":{"line":121,"column":2},"end":{"line":121,"column":36}},"type":"if","locations":[{"start":{"line":121,"column":2},"end":{"line":121,"column":36}},{"start":{},"end":{}}],"line":121},"27":{"loc":{"start":{"line":128,"column":2},"end":{"line":128,"column":40}},"type":"if","locations":[{"start":{"line":128,"column":2},"end":{"line":128,"column":40}},{"start":{},"end":{}}],"line":128},"28":{"loc":{"start":{"line":144,"column":20},"end":{"line":144,"column":64}},"type":"binary-expr","locations":[{"start":{"line":144,"column":20},"end":{"line":144,"column":58}},{"start":{"line":144,"column":62},"end":{"line":144,"column":64}}],"line":144},"29":{"loc":{"start":{"line":156,"column":2},"end":{"line":156,"column":25}},"type":"if","locations":[{"start":{"line":156,"column":2},"end":{"line":156,"column":25}},{"start":{},"end":{}}],"line":156},"30":{"loc":{"start":{"line":165,"column":2},"end":{"line":165,"column":59}},"type":"if","locations":[{"start":{"line":165,"column":2},"end":{"line":165,"column":59}},{"start":{},"end":{}}],"line":165},"31":{"loc":{"start":{"line":165,"column":6},"end":{"line":165,"column":22}},"type":"binary-expr","locations":[{"start":{"line":165,"column":6},"end":{"line":165,"column":11}},{"start":{"line":165,"column":15},"end":{"line":165,"column":22}}],"line":165},"32":{"loc":{"start":{"line":172,"column":2},"end":{"line":173,"column":115}},"type":"if","locations":[{"start":{"line":172,"column":2},"end":{"line":173,"column":115}},{"start":{"line":173,"column":7},"end":{"line":173,"column":115}}],"line":172},"33":{"loc":{"start":{"line":176,"column":2},"end":{"line":177,"column":139}},"type":"if","locations":[{"start":{"line":176,"column":2},"end":{"line":177,"column":139}},{"start":{"line":177,"column":7},"end":{"line":177,"column":139}}],"line":176}},"s":{"0":4,"1":4,"2":4,"3":19,"4":0,"5":0,"6":0,"7":0,"8":0,"9":0,"10":0,"11":11,"12":132,"13":11,"14":11,"15":11,"16":11,"17":0,"18":11,"19":11,"20":11,"21":11,"22":11,"23":11,"24":11,"25":11,"26":1,"27":1,"28":1,"29":1,"30":1,"31":1,"32":0,"33":1,"34":0,"35":1,"36":0,"37":1,"38":1,"39":1,"40":1,"41":0,"42":1,"43":1,"44":0,"45":0,"46":0,"47":0,"48":0,"49":0,"50":1,"51":1,"52":1,"53":1,"54":1,"55":0,"56":0,"57":0,"58":1,"59":1,"60":1,"61":1,"62":1,"63":1,"64":2,"65":2,"66":2,"67":1,"68":1,"69":1,"70":1,"71":1,"72":0,"73":1,"74":1,"75":1,"76":1,"77":1,"78":1,"79":1,"80":1,"81":1,"82":1,"83":1,"84":1,"85":1,"86":1,"87":1,"88":1,"89":1,"90":1,"91":16,"92":4,"93":4,"94":11,"95":11,"96":11,"97":11,"98":11,"99":1,"100":1,"101":0,"102":1,"103":1,"104":1,"105":6,"106":6,"107":6,"108":6,"109":0,"110":3,"111":3,"112":3,"113":2,"114":1,"115":3,"116":3,"117":2,"118":1,"119":3,"120":4},"f":{"0":19,"1":0,"2":0,"3":0,"4":0,"5":11,"6":132,"7":11,"8":1,"9":1,"10":0,"11":0,"12":1,"13":2,"14":1,"15":1,"16":1,"17":16,"18":11,"19":1,"20":6,"21":3},"b":{"0":[0,0],"1":[0,11],"2":[11,0],"3":[11,0],"4":[11,0],"5":[0,1],"6":[1,0],"7":[0,1],"8":[0,1],"9":[0,1],"10":[0,1],"11":[0,1],"12":[0,1],"13":[0,0],"14":[0,0],"15":[0,0],"16":[1,0],"17":[1,0],"18":[0,1],"19":[0,0],"20":[0,0],"21":[1,0],"22":[1,0],"23":[2,2],"24":[1,0],"25":[0,1],"26":[1,0],"27":[1,0],"28":[4,4],"29":[0,1],"30":[6,0],"31":[6,6],"32":[2,1],"33":[2,1]},"_coverageSchema":"1a1c01bbd47fc00a2c39e90264f33305004495a9","hash":"dca934365e3c92919c88cc37c5916c0fcbe0cd8a"}
,"E:\\mpp\\backend\\src\\graphql\\resolvers.js": {"path":"E:\\mpp\\backend\\src\\graphql\\resolvers.js","statementMap":{"0":{"start":{"line":13,"column":4},"end":{"line":13,"column":28}},"1":{"start":{"line":14,"column":35},"end":{"line":14,"column":55}},"2":{"start":{"line":15,"column":22},"end":{"line":15,"column":48}},"3":{"start":{"line":16,"column":31},"end":{"line":16,"column":75}},"4":{"start":{"line":21,"column":4},"end":{"line":21,"column":42}},"5":{"start":{"line":24,"column":2},"end":{"line":24,"column":80}},"6":{"start":{"line":24,"column":59},"end":{"line":24,"column":77}},"7":{"start":{"line":28,"column":2},"end":{"line":28,"column":25}},"8":{"start":{"line":28,"column":15},"end":{"line":28,"column":25}},"9":{"start":{"line":29,"column":12},"end":{"line":29,"column":39}},"10":{"start":{"line":30,"column":2},"end":{"line":30,"column":20}},"11":{"start":{"line":30,"column":10},"end":{"line":30,"column":20}},"12":{"start":{"line":31,"column":16},"end":{"line":31,"column":50}},"13":{"start":{"line":31,"column":47},"end":{"line":31,"column":49}},"14":{"start":{"line":32,"column":2},"end":{"line":32,"column":32}},"15":{"start":{"line":32,"column":24},"end":{"line":32,"column":30}},"16":{"start":{"line":36,"column":16},"end":{"line":36,"column":42}},"17":{"start":{"line":37,"column":2},"end":{"line":37,"column":52}},"18":{"start":{"line":41,"column":2},"end":{"line":41,"column":28}},"19":{"start":{"line":41,"column":15},"end":{"line":41,"column":28}},"20":{"start":{"line":42,"column":16},"end":{"line":42,"column":42}},"21":{"start":{"line":43,"column":2},"end":{"line":43,"column":33}},"22":{"start":{"line":47,"column":14},"end":{"line":47,"column":71}},"23":{"start":{"line":48,"column":2},"end":{"line":48,"column":21}},"24":{"start":{"line":52,"column":20},"end":{"line":52,"column":45}},"25":{"start":{"line":53,"column":2},"end":{"line":56,"column":3}},"26":{"start":{"line":54,"column":4},"end":{"line":54,"column":29}},"27":{"start":{"line":54,"column":22},"end":{"line":54,"column":29}},"28":{"start":{"line":55,"column":4},"end":{"line":55,"column":36}},"29":{"start":{"line":57,"column":2},"end":{"line":57,"column":57}},"30":{"start":{"line":57,"column":50},"end":{"line":57,"column":57}},"31":{"start":{"line":58,"column":13},"end":{"line":58,"column":41}},"32":{"start":{"line":59,"column":2},"end":{"line":59,"column":40}},"33":{"start":{"line":59,"column":11},"end":{"line":59,"column":40}},"34":{"start":{"line":63,"column":20},"end":{"line":63,"column":45}},"35":{"start":{"line":64,"column":2},"end":{"line":64,"column":50}},"36":{"start":{"line":64,"column":18},"end":{"line":64,"column":50}},"37":{"start":{"line":65,"column":13},"end":{"line":65,"column":41}},"38":{"start":{"line":66,"column":2},"end":{"line":66,"column":40}},"39":{"start":{"line":66,"column":11},"end":{"line":66,"column":40}},"40":{"start":{"line":70,"column":2},"end":{"line":70,"column":25}},"41":{"start":{"line":70,"column":13},"end":{"line":70,"column":25}},"42":{"start":{"line":71,"column":16},"end":{"line":71,"column":43}},"43":{"start":{"line":72,"column":2},"end":{"line":72,"column":68}},"44":{"start":{"line":76,"column":14},"end":{"line":76,"column":27}},"45":{"start":{"line":77,"column":2},"end":{"line":77,"column":43}},"46":{"start":{"line":81,"column":2},"end":{"line":81,"column":63}},"47":{"start":{"line":84,"column":18},"end":{"line":335,"column":1}},"48":{"start":{"line":86,"column":4},"end":{"line":86,"column":46}},"49":{"start":{"line":87,"column":15},"end":{"line":87,"column":31}},"50":{"start":{"line":88,"column":4},"end":{"line":90,"column":5}},"51":{"start":{"line":89,"column":6},"end":{"line":89,"column":61}},"52":{"start":{"line":91,"column":4},"end":{"line":100,"column":7}},"53":{"start":{"line":104,"column":4},"end":{"line":104,"column":46}},"54":{"start":{"line":105,"column":16},"end":{"line":105,"column":32}},"55":{"start":{"line":106,"column":4},"end":{"line":106,"column":26}},"56":{"start":{"line":106,"column":14},"end":{"line":106,"column":26}},"57":{"start":{"line":107,"column":16},"end":{"line":107,"column":28}},"58":{"start":{"line":108,"column":4},"end":{"line":108,"column":45}},"59":{"start":{"line":112,"column":4},"end":{"line":112,"column":46}},"60":{"start":{"line":113,"column":16},"end":{"line":113,"column":32}},"61":{"start":{"line":114,"column":4},"end":{"line":114,"column":92}},"62":{"start":{"line":114,"column":14},"end":{"line":114,"column":92}},"63":{"start":{"line":115,"column":4},"end":{"line":115,"column":33}},"64":{"start":{"line":119,"column":4},"end":{"line":119,"column":46}},"65":{"start":{"line":120,"column":16},"end":{"line":120,"column":32}},"66":{"start":{"line":121,"column":4},"end":{"line":123,"column":5}},"67":{"start":{"line":122,"column":6},"end":{"line":122,"column":147}},"68":{"start":{"line":124,"column":4},"end":{"line":124,"column":36}},"69":{"start":{"line":128,"column":19},"end":{"line":128,"column":79}},"70":{"start":{"line":129,"column":4},"end":{"line":131,"column":5}},"71":{"start":{"line":130,"column":6},"end":{"line":130,"column":58}},"72":{"start":{"line":133,"column":4},"end":{"line":135,"column":5}},"73":{"start":{"line":134,"column":6},"end":{"line":134,"column":99}},"74":{"start":{"line":137,"column":17},"end":{"line":141,"column":6}},"75":{"start":{"line":143,"column":4},"end":{"line":149,"column":7}},"76":{"start":{"line":152,"column":30},"end":{"line":152,"column":57}},"77":{"start":{"line":153,"column":32},"end":{"line":153,"column":55}},"78":{"start":{"line":154,"column":20},"end":{"line":154,"column":48}},"79":{"start":{"line":155,"column":24},"end":{"line":155,"column":99}},"80":{"start":{"line":156,"column":4},"end":{"line":156,"column":103}},"81":{"start":{"line":160,"column":19},"end":{"line":160,"column":53}},"82":{"start":{"line":161,"column":4},"end":{"line":163,"column":5}},"83":{"start":{"line":162,"column":6},"end":{"line":162,"column":58}},"84":{"start":{"line":165,"column":19},"end":{"line":165,"column":36}},"85":{"start":{"line":166,"column":17},"end":{"line":166,"column":52}},"86":{"start":{"line":167,"column":4},"end":{"line":176,"column":5}},"87":{"start":{"line":168,"column":6},"end":{"line":174,"column":9}},"88":{"start":{"line":175,"column":6},"end":{"line":175,"column":97}},"89":{"start":{"line":178,"column":4},"end":{"line":184,"column":7}},"90":{"start":{"line":186,"column":30},"end":{"line":186,"column":57}},"91":{"start":{"line":187,"column":32},"end":{"line":187,"column":55}},"92":{"start":{"line":188,"column":23},"end":{"line":188,"column":110}},"93":{"start":{"line":188,"column":85},"end":{"line":188,"column":93}},"94":{"start":{"line":189,"column":4},"end":{"line":209,"column":5}},"95":{"start":{"line":190,"column":24},"end":{"line":190,"column":44}},"96":{"start":{"line":191,"column":23},"end":{"line":191,"column":74}},"97":{"start":{"line":192,"column":26},"end":{"line":192,"column":108}},"98":{"start":{"line":193,"column":25},"end":{"line":193,"column":72}},"99":{"start":{"line":194,"column":22},"end":{"line":194,"column":180}},"100":{"start":{"line":196,"column":6},"end":{"line":203,"column":20}},"101":{"start":{"line":197,"column":22},"end":{"line":197,"column":95}},"102":{"start":{"line":198,"column":8},"end":{"line":201,"column":9}},"103":{"start":{"line":199,"column":26},"end":{"line":199,"column":146}},"104":{"start":{"line":200,"column":10},"end":{"line":200,"column":51}},"105":{"start":{"line":202,"column":8},"end":{"line":202,"column":86}},"106":{"start":{"line":204,"column":6},"end":{"line":204,"column":110}},"107":{"start":{"line":206,"column":22},"end":{"line":206,"column":50}},"108":{"start":{"line":207,"column":26},"end":{"line":207,"column":101}},"109":{"start":{"line":208,"column":6},"end":{"line":208,"column":105}},"110":{"start":{"line":213,"column":19},"end":{"line":213,"column":99}},"111":{"start":{"line":214,"column":4},"end":{"line":216,"column":5}},"112":{"start":{"line":215,"column":6},"end":{"line":215,"column":58}},"113":{"start":{"line":218,"column":19},"end":{"line":218,"column":36}},"114":{"start":{"line":219,"column":17},"end":{"line":219,"column":52}},"115":{"start":{"line":220,"column":4},"end":{"line":222,"column":5}},"116":{"start":{"line":221,"column":6},"end":{"line":221,"column":86}},"117":{"start":{"line":223,"column":4},"end":{"line":225,"column":5}},"118":{"start":{"line":224,"column":6},"end":{"line":224,"column":111}},"119":{"start":{"line":227,"column":20},"end":{"line":227,"column":71}},"120":{"start":{"line":228,"column":4},"end":{"line":234,"column":7}},"121":{"start":{"line":235,"column":4},"end":{"line":235,"column":57}},"122":{"start":{"line":239,"column":4},"end":{"line":239,"column":46}},"123":{"start":{"line":240,"column":16},"end":{"line":240,"column":32}},"124":{"start":{"line":241,"column":4},"end":{"line":241,"column":65}},"125":{"start":{"line":241,"column":14},"end":{"line":241,"column":65}},"126":{"start":{"line":242,"column":19},"end":{"line":242,"column":50}},"127":{"start":{"line":243,"column":4},"end":{"line":245,"column":5}},"128":{"start":{"line":244,"column":6},"end":{"line":244,"column":64}},"129":{"start":{"line":247,"column":19},"end":{"line":254,"column":6}},"130":{"start":{"line":256,"column":4},"end":{"line":262,"column":7}},"131":{"start":{"line":264,"column":4},"end":{"line":264,"column":46}},"132":{"start":{"line":268,"column":4},"end":{"line":268,"column":46}},"133":{"start":{"line":269,"column":16},"end":{"line":269,"column":32}},"134":{"start":{"line":270,"column":4},"end":{"line":270,"column":65}},"135":{"start":{"line":270,"column":14},"end":{"line":270,"column":65}},"136":{"start":{"line":271,"column":16},"end":{"line":271,"column":28}},"137":{"start":{"line":272,"column":19},"end":{"line":272,"column":50}},"138":{"start":{"line":273,"column":4},"end":{"line":275,"column":5}},"139":{"start":{"line":274,"column":6},"end":{"line":274,"column":64}},"140":{"start":{"line":277,"column":20},"end":{"line":284,"column":6}},"141":{"start":{"line":286,"column":4},"end":{"line":288,"column":5}},"142":{"start":{"line":287,"column":6},"end":{"line":287,"column":95}},"143":{"start":{"line":290,"column":4},"end":{"line":296,"column":7}},"144":{"start":{"line":298,"column":4},"end":{"line":298,"column":47}},"145":{"start":{"line":302,"column":4},"end":{"line":302,"column":46}},"146":{"start":{"line":303,"column":16},"end":{"line":303,"column":32}},"147":{"start":{"line":304,"column":4},"end":{"line":304,"column":35}},"148":{"start":{"line":304,"column":14},"end":{"line":304,"column":35}},"149":{"start":{"line":305,"column":16},"end":{"line":305,"column":28}},"150":{"start":{"line":306,"column":15},"end":{"line":306,"column":47}},"151":{"start":{"line":307,"column":4},"end":{"line":313,"column":7}},"152":{"start":{"line":314,"column":4},"end":{"line":314,"column":18}},"153":{"start":{"line":318,"column":4},"end":{"line":318,"column":46}},"154":{"start":{"line":319,"column":16},"end":{"line":319,"column":32}},"155":{"start":{"line":320,"column":4},"end":{"line":320,"column":60}},"156":{"start":{"line":320,"column":14},"end":{"line":320,"column":60}},"157":{"start":{"line":321,"column":4},"end":{"line":323,"column":5}},"158":{"start":{"line":322,"column":6},"end":{"line":322,"column":100}},"159":{"start":{"line":325,"column":20},"end":{"line":325,"column":64}},"160":{"start":{"line":326,"column":4},"end":{"line":332,"column":7}},"161":{"start":{"line":333,"column":4},"end":{"line":333,"column":42}},"162":{"start":{"line":337,"column":0},"end":{"line":341,"column":2}},"163":{"start":{"line":338,"column":2},"end":{"line":338,"column":30}},"164":{"start":{"line":339,"column":12},"end":{"line":339,"column":48}},"165":{"start":{"line":340,"column":2},"end":{"line":340,"column":74}},"166":{"start":{"line":343,"column":0},"end":{"line":346,"column":2}},"167":{"start":{"line":344,"column":2},"end":{"line":344,"column":30}},"168":{"start":{"line":345,"column":2},"end":{"line":345,"column":72}},"169":{"start":{"line":348,"column":39},"end":{"line":348,"column":67}},"170":{"start":{"line":349,"column":0},"end":{"line":355,"column":2}},"171":{"start":{"line":350,"column":2},"end":{"line":354,"column":3}},"172":{"start":{"line":351,"column":4},"end":{"line":351,"column":34}},"173":{"start":{"line":353,"column":4},"end":{"line":353,"column":14}},"174":{"start":{"line":357,"column":0},"end":{"line":363,"column":2}},"175":{"start":{"line":358,"column":2},"end":{"line":362,"column":3}},"176":{"start":{"line":359,"column":4},"end":{"line":359,"column":53}},"177":{"start":{"line":361,"column":4},"end":{"line":361,"column":14}},"178":{"start":{"line":365,"column":0},"end":{"line":373,"column":2}},"179":{"start":{"line":366,"column":16},"end":{"line":366,"column":96}},"180":{"start":{"line":367,"column":18},"end":{"line":367,"column":20}},"181":{"start":{"line":368,"column":2},"end":{"line":371,"column":3}},"182":{"start":{"line":369,"column":18},"end":{"line":369,"column":42}},"183":{"start":{"line":370,"column":4},"end":{"line":370,"column":68}},"184":{"start":{"line":372,"column":2},"end":{"line":372,"column":17}},"185":{"start":{"line":375,"column":0},"end":{"line":381,"column":2}},"186":{"start":{"line":376,"column":2},"end":{"line":376,"column":30}},"187":{"start":{"line":377,"column":14},"end":{"line":377,"column":24}},"188":{"start":{"line":378,"column":2},"end":{"line":378,"column":33}},"189":{"start":{"line":378,"column":12},"end":{"line":378,"column":33}},"190":{"start":{"line":379,"column":2},"end":{"line":379,"column":52}},"191":{"start":{"line":380,"column":2},"end":{"line":380,"column":22}},"192":{"start":{"line":383,"column":0},"end":{"line":393,"column":2}},"193":{"start":{"line":384,"column":2},"end":{"line":384,"column":30}},"194":{"start":{"line":385,"column":14},"end":{"line":385,"column":24}},"195":{"start":{"line":386,"column":2},"end":{"line":386,"column":24}},"196":{"start":{"line":386,"column":12},"end":{"line":386,"column":24}},"197":{"start":{"line":387,"column":14},"end":{"line":387,"column":45}},"198":{"start":{"line":388,"column":2},"end":{"line":388,"column":24}},"199":{"start":{"line":388,"column":12},"end":{"line":388,"column":24}},"200":{"start":{"line":389,"column":2},"end":{"line":389,"column":22}},"201":{"start":{"line":390,"column":2},"end":{"line":390,"column":31}},"202":{"start":{"line":391,"column":2},"end":{"line":391,"column":19}},"203":{"start":{"line":392,"column":2},"end":{"line":392,"column":13}},"204":{"start":{"line":395,"column":0},"end":{"line":395,"column":27}}},"fnMap":{"0":{"name":"errorsToList","decl":{"start":{"line":23,"column":9},"end":{"line":23,"column":21}},"loc":{"start":{"line":23,"column":30},"end":{"line":25,"column":1}},"line":23},"1":{"name":"(anonymous_1)","decl":{"start":{"line":24,"column":36},"end":{"line":24,"column":37}},"loc":{"start":{"line":24,"column":59},"end":{"line":24,"column":77}},"line":24},"2":{"name":"getUserRoles","decl":{"start":{"line":27,"column":15},"end":{"line":27,"column":27}},"loc":{"start":{"line":27,"column":36},"end":{"line":33,"column":1}},"line":27},"3":{"name":"(anonymous_3)","decl":{"start":{"line":31,"column":41},"end":{"line":31,"column":42}},"loc":{"start":{"line":31,"column":47},"end":{"line":31,"column":49}},"line":31},"4":{"name":"(anonymous_4)","decl":{"start":{"line":32,"column":19},"end":{"line":32,"column":20}},"loc":{"start":{"line":32,"column":24},"end":{"line":32,"column":30}},"line":32},"5":{"name":"getGroupId","decl":{"start":{"line":35,"column":15},"end":{"line":35,"column":25}},"loc":{"start":{"line":35,"column":34},"end":{"line":38,"column":1}},"line":35},"6":{"name":"isAdminUser","decl":{"start":{"line":40,"column":15},"end":{"line":40,"column":26}},"loc":{"start":{"line":40,"column":35},"end":{"line":44,"column":1}},"line":40},"7":{"name":"getContextUserId","decl":{"start":{"line":46,"column":9},"end":{"line":46,"column":25}},"loc":{"start":{"line":46,"column":35},"end":{"line":49,"column":1}},"line":46},"8":{"name":"enforceUserOrAdmin","decl":{"start":{"line":51,"column":15},"end":{"line":51,"column":33}},"loc":{"start":{"line":51,"column":57},"end":{"line":60,"column":1}},"line":51},"9":{"name":"enforceAdmin","decl":{"start":{"line":62,"column":15},"end":{"line":62,"column":27}},"loc":{"start":{"line":62,"column":37},"end":{"line":67,"column":1}},"line":62},"10":{"name":"safeUser","decl":{"start":{"line":69,"column":15},"end":{"line":69,"column":23}},"loc":{"start":{"line":69,"column":30},"end":{"line":73,"column":1}},"line":69},"11":{"name":"toNumber","decl":{"start":{"line":75,"column":9},"end":{"line":75,"column":17}},"loc":{"start":{"line":75,"column":25},"end":{"line":78,"column":1}},"line":75},"12":{"name":"userIdError","decl":{"start":{"line":80,"column":9},"end":{"line":80,"column":20}},"loc":{"start":{"line":80,"column":23},"end":{"line":82,"column":1}},"line":80},"13":{"name":"(anonymous_13)","decl":{"start":{"line":85,"column":15},"end":{"line":85,"column":16}},"loc":{"start":{"line":85,"column":104},"end":{"line":101,"column":3}},"line":85},"14":{"name":"(anonymous_14)","decl":{"start":{"line":103,"column":14},"end":{"line":103,"column":15}},"loc":{"start":{"line":103,"column":49},"end":{"line":109,"column":3}},"line":103},"15":{"name":"(anonymous_15)","decl":{"start":{"line":111,"column":21},"end":{"line":111,"column":22}},"loc":{"start":{"line":111,"column":52},"end":{"line":116,"column":3}},"line":111},"16":{"name":"(anonymous_16)","decl":{"start":{"line":118,"column":14},"end":{"line":118,"column":15}},"loc":{"start":{"line":118,"column":45},"end":{"line":125,"column":3}},"line":118},"17":{"name":"(anonymous_17)","decl":{"start":{"line":127,"column":12},"end":{"line":127,"column":13}},"loc":{"start":{"line":127,"column":66},"end":{"line":157,"column":3}},"line":127},"18":{"name":"(anonymous_18)","decl":{"start":{"line":159,"column":9},"end":{"line":159,"column":10}},"loc":{"start":{"line":159,"column":40},"end":{"line":210,"column":3}},"line":159},"19":{"name":"(anonymous_19)","decl":{"start":{"line":188,"column":80},"end":{"line":188,"column":81}},"loc":{"start":{"line":188,"column":85},"end":{"line":188,"column":93}},"line":188},"20":{"name":"(anonymous_20)","decl":{"start":{"line":212,"column":18},"end":{"line":212,"column":19}},"loc":{"start":{"line":212,"column":86},"end":{"line":236,"column":3}},"line":212},"21":{"name":"(anonymous_21)","decl":{"start":{"line":238,"column":20},"end":{"line":238,"column":21}},"loc":{"start":{"line":238,"column":58},"end":{"line":265,"column":3}},"line":238},"22":{"name":"(anonymous_22)","decl":{"start":{"line":267,"column":20},"end":{"line":267,"column":21}},"loc":{"start":{"line":267,"column":62},"end":{"line":299,"column":3}},"line":267},"23":{"name":"(anonymous_23)","decl":{"start":{"line":301,"column":20},"end":{"line":301,"column":21}},"loc":{"start":{"line":301,"column":55},"end":{"line":315,"column":3}},"line":301},"24":{"name":"(anonymous_24)","decl":{"start":{"line":317,"column":18},"end":{"line":317,"column":19}},"loc":{"start":{"line":317,"column":65},"end":{"line":334,"column":3}},"line":317},"25":{"name":"(anonymous_25)","decl":{"start":{"line":337,"column":17},"end":{"line":337,"column":18}},"loc":{"start":{"line":337,"column":55},"end":{"line":341,"column":1}},"line":337},"26":{"name":"(anonymous_26)","decl":{"start":{"line":343,"column":25},"end":{"line":343,"column":26}},"loc":{"start":{"line":343,"column":56},"end":{"line":346,"column":1}},"line":343},"27":{"name":"(anonymous_27)","decl":{"start":{"line":349,"column":18},"end":{"line":349,"column":19}},"loc":{"start":{"line":349,"column":39},"end":{"line":355,"column":1}},"line":349},"28":{"name":"(anonymous_28)","decl":{"start":{"line":357,"column":25},"end":{"line":357,"column":26}},"loc":{"start":{"line":357,"column":59},"end":{"line":363,"column":1}},"line":357},"29":{"name":"(anonymous_29)","decl":{"start":{"line":365,"column":18},"end":{"line":365,"column":19}},"loc":{"start":{"line":365,"column":30},"end":{"line":373,"column":1}},"line":365},"30":{"name":"(anonymous_30)","decl":{"start":{"line":375,"column":2
[...]
d":{"line":55,"column":24}},"46":{"start":{"line":56,"column":2},"end":{"line":56,"column":63}},"47":{"start":{"line":56,"column":51},"end":{"line":56,"column":63}},"48":{"start":{"line":58,"column":2},"end":{"line":64,"column":3}},"49":{"start":{"line":59,"column":20},"end":{"line":59,"column":94}},"50":{"start":{"line":60,"column":18},"end":{"line":60,"column":66}},"51":{"start":{"line":61,"column":4},"end":{"line":61,"column":21}},"52":{"start":{"line":62,"column":4},"end":{"line":62,"column":54}},"53":{"start":{"line":63,"column":4},"end":{"line":63,"column":17}},"54":{"start":{"line":67,"column":2},"end":{"line":67,"column":47}},"55":{"start":{"line":68,"column":2},"end":{"line":68,"column":14}},"56":{"start":{"line":73,"column":2},"end":{"line":73,"column":12}},"57":{"start":{"line":77,"column":2},"end":{"line":77,"column":18}},"58":{"start":{"line":80,"column":0},"end":{"line":80,"column":73}}},"fnMap":{"0":{"name":"now","decl":{"start":{"line":10,"column":9},"end":{"line":10,"column":12}},"loc":{"start":{"line":10,"column":15},"end":{"line":10,"column":37}},"line":10},"1":{"name":"maybeAnalyze","decl":{"start":{"line":12,"column":15},"end":{"line":12,"column":27}},"loc":{"start":{"line":12,"column":44},"end":{"line":40,"column":1}},"line":12},"2":{"name":"(anonymous_2)","decl":{"start":{"line":18,"column":50},"end":{"line":18,"column":51}},"loc":{"start":{"line":18,"column":57},"end":{"line":18,"column":60}},"line":18},"3":{"name":"(anonymous_3)","decl":{"start":{"line":19,"column":40},"end":{"line":19,"column":41}},"loc":{"start":{"line":19,"column":43},"end":{"line":19,"column":64}},"line":19},"4":{"name":"(anonymous_4)","decl":{"start":{"line":20,"column":33},"end":{"line":20,"column":34}},"loc":{"start":{"line":20,"column":38},"end":{"line":20,"column":72}},"line":20},"5":{"name":"(anonymous_5)","decl":{"start":{"line":21,"column":34},"end":{"line":21,"column":35}},"loc":{"start":{"line":21,"column":39},"end":{"line":21,"column":69}},"line":21},"6":{"name":"(anonymous_6)","decl":{"start":{"line":29,"column":57},"end":{"line":29,"column":58}},"loc":{"start":{"line":29,"column":62},"end":{"line":29,"column":66}},"line":29},"7":{"name":"record","decl":{"start":{"line":42,"column":9},"end":{"line":42,"column":15}},"loc":{"start":{"line":42,"column":32},"end":{"line":69,"column":1}},"line":42},"8":{"name":"(anonymous_8)","decl":{"start":{"line":67,"column":37},"end":{"line":67,"column":38}},"loc":{"start":{"line":67,"column":43},"end":{"line":67,"column":45}},"line":67},"9":{"name":"getAlerts","decl":{"start":{"line":71,"column":9},"end":{"line":71,"column":18}},"loc":{"start":{"line":71,"column":32},"end":{"line":74,"column":1}},"line":71},"10":{"name":"reset","decl":{"start":{"line":76,"column":9},"end":{"line":76,"column":14}},"loc":{"start":{"line":76,"column":17},"end":{"line":78,"column":1}},"line":76}},"branchMap":{"0":{"loc":{"start":{"line":2,"column":23},"end":{"line":2,"column":75}},"type":"binary-expr","locations":[{"start":{"line":2,"column":23},"end":{"line":2,"column":68}},{"start":{"line":2,"column":72},"end":{"line":2,"column":75}}],"line":2},"1":{"loc":{"start":{"line":14,"column":4},"end":{"line":14,"column":36}},"type":"if","locations":[{"start":{"line":14,"column":4},"end":{"line":14,"column":36}},{"start":{},"end":{}}],"line":14},"2":{"loc":{"start":{"line":15,"column":4},"end":{"line":15,"column":44}},"type":"if","locations":[{"start":{"line":15,"column":4},"end":{"line":15,"column":44}},{"start":{},"end":{}}],"line":15},"3":{"loc":{"start":{"line":15,"column":8},"end":{"line":15,"column":30}},"type":"binary-expr","locations":[{"start":{"line":15,"column":8},"end":{"line":15,"column":12}},{"start":{"line":15,"column":16},"end":{"line":15,"column":30}}],"line":15},"4":{"loc":{"start":{"line":18,"column":19},"end":{"line":18,"column":82}},"type":"cond-expr","locations":[{"start":{"line":18,"column":36},"end":{"line":18,"column":77}},{"start":{"line":18,"column":81},"end":{"line":18,"column":82}}],"line":18},"5":{"loc":{"start":{"line":19,"column":43},"end":{"line":19,"column":64}},"type":"binary-expr","locations":[{"start":{"line":19,"column":43},"end":{"line":19,"column":49}},{"start":{"line":19,"column":53},"end":{"line":19,"column":64}}],"line":19},"6":{"loc":{"start":{"line":20,"column":38},"end":{"line":20,"column":72}},"type":"binary-expr","locations":[{"start":{"line":20,"column":38},"end":{"line":20,"column":44}},{"start":{"line":20,"column":48},"end":{"line":20,"column":72}}],"line":20},"7":{"loc":{"start":{"line":21,"column":39},"end":{"line":21,"column":69}},"type":"binary-expr","locations":[{"start":{"line":21,"column":39},"end":{"line":21,"column":45}},{"start":{"line":21,"column":49},"end":{"line":21,"column":69}}],"line":21},"8":{"loc":{"start":{"line":30,"column":4},"end":{"line":35,"column":5}},"type":"if","locations":[{"start":{"line":30,"column":4},"end":{"line":35,"column":5}},{"start":{},"end":{}}],"line":30},"9":{"loc":{"start":{"line":30,"column":8},"end":{"line":30,"column":65}},"type":"binary-expr","locations":[{"start":{"line":30,"column":8},"end":{"line":30,"column":11}},{"start":{"line":30,"column":16},"end":{"line":30,"column":30}},{"start":{"line":30,"column":35},"end":{"line":30,"column":44}},{"start":{"line":30,"column":48},"end":{"line":30,"column":63}}],"line":30},"10":{"loc":{"start":{"line":31,"column":44},"end":{"line":31,"column":58}},"type":"binary-expr","locations":[{"start":{"line":31,"column":44},"end":{"line":31,"column":53}},{"start":{"line":31,"column":57},"end":{"line":31,"column":58}}],"line":31},"11":{"loc":{"start":{"line":42,"column":21},"end":{"line":42,"column":30}},"type":"default-arg","locations":[{"start":{"line":42,"column":28},"end":{"line":42,"column":30}}],"line":42},"12":{"loc":{"start":{"line":43,"column":2},"end":{"line":43,"column":24}},"type":"if","locations":[{"start":{"line":43,"column":2},"end":{"line":43,"column":24}},{"start":{},"end":{}}],"line":43},"13":{"loc":{"start":{"line":45,"column":2},"end":{"line":53,"column":3}},"type":"if","locations":[{"start":{"line":45,"column":2},"end":{"line":53,"column":3}},{"start":{},"end":{}}],"line":45},"14":{"loc":{"start":{"line":46,"column":4},"end":{"line":50,"column":5}},"type":"if","locations":[{"start":{"line":46,"column":4},"end":{"line":50,"column":5}},{"start":{},"end":{}}],"line":46},"15":{"loc":{"start":{"line":56,"column":9},"end":{"line":56,"column":49}},"type":"binary-expr","locations":[{"start":{"line":56,"column":9},"end":{"line":56,"column":19}},{"start":{"line":56,"column":23},"end":{"line":56,"column":49}}],"line":56},"16":{"loc":{"start":{"line":58,"column":2},"end":{"line":64,"column":3}},"type":"if","locations":[{"start":{"line":58,"column":2},"end":{"line":64,"column":3}},{"start":{},"end":{}}],"line":58},"17":{"loc":{"start":{"line":71,"column":19},"end":{"line":71,"column":30}},"type":"default-arg","locations":[{"start":{"line":71,"column":29},"end":{"line":71,"column":30}}],"line":71}},"s":{"0":2,"1":2,"2":2,"3":2,"4":2,"5":2,"6":26,"7":26,"8":26,"9":0,"10":26,"11":10,"12":16,"13":16,"14":16,"15":232,"16":16,"17":232,"18":16,"19":248,"20":16,"21":248,"22":16,"23":248,"24":16,"25":16,"26":0,"27":16,"28":0,"29":0,"30":0,"31":0,"32":0,"33":16,"34":26,"35":0,"36":26,"37":26,"38":2,"39":0,"40":0,"41":0,"42":2,"43":2,"44":26,"45":26,"46":26,"47":0,"48":26,"49":0,"50":0,"51":0,"52":0,"53":0,"54":26,"55":26,"56":0,"57":0,"58":2},"f":{"0":26,"1":26,"2":232,"3":248,"4":248,"5":248,"6":0,"7":26,"8":0,"9":0,"10":0},"b":{"0":[2,2],"1":[0,26],"2":[10,16],"3":[26,26],"4":[16,0],"5":[248,248],"6":[248,248],"7":[248,248],"8":[0,16],"9":[16,16,16,16],"10":[0,0],"11":[0],"12":[0,26],"13":[2,24],"14":[0,2],"15":[26,26],"16":[0,26],"17":[0]},"_coverageSchema":"1a1c01bbd47fc00a2c39e90264f33305004495a9","hash":"b99e8d4086e1217f2c9e7bef605c020cb33dcd5e"}
,"E:\\mpp\\backend\\src\\validators\\assignmentValidator.js": {"path":"E:\\mpp\\backend\\src\\validators\\assignmentValidator.js","statementMap":{"0":{"start":{"line":2,"column":17},"end":{"line":2,"column":19}},"1":{"start":{"line":4,"column":16},"end":{"line":4,"column":41}},"2":{"start":{"line":5,"column":2},"end":{"line":9,"column":3}},"3":{"start":{"line":6,"column":4},"end":{"line":6,"column":40}},"4":{"start":{"line":7,"column":9},"end":{"line":9,"column":3}},"5":{"start":{"line":8,"column":4},"end":{"line":8,"column":60}},"6":{"start":{"line":11,"column":2},"end":{"line":18,"column":3}},"7":{"start":{"line":12,"column":4},"end":{"line":12,"column":46}},"8":{"start":{"line":14,"column":17},"end":{"line":14,"column":40}},"9":{"start":{"line":15,"column":4},"end":{"line":17,"column":5}},"10":{"start":{"line":16,"column":6},"end":{"line":16,"column":53}},"11":{"start":{"line":20,"column":2},"end":{"line":22,"column":3}},"12":{"start":{"line":21,"column":4},"end":{"line":21,"column":49}},"13":{"start":{"line":24,"column":2},"end":{"line":26,"column":3}},"14":{"start":{"line":25,"column":4},"end":{"line":25,"column":45}},"15":{"start":{"line":28,"column":2},"end":{"line":30,"column":3}},"16":{"start":{"line":29,"column":4},"end":{"line":29,"column":72}},"17":{"start":{"line":32,"column":2},"end":{"line":32,"column":16}},"18":{"start":{"line":35,"column":0},"end":{"line":37,"column":2}}},"fnMap":{"0":{"name":"validateAssignment","decl":{"start":{"line":1,"column":9},"end":{"line":1,"column":27}},"loc":{"start":{"line":1,"column":34},"end":{"line":33,"column":1}},"line":1}},"branchMap":{"0":{"loc":{"start":{"line":4,"column":17},"end":{"line":4,"column":33}},"type":"binary-expr","locations":[{"start":{"line":4,"column":17},"end":{"line":4,"column":27}},{"start":{"line":4,"column":31},"end":{"line":4,"column":33}}],"line":4},"1":{"loc":{"start":{"line":5,"column":2},"end":{"line":9,"column":3}},"type":"if","locations":[{"start":{"line":5,"column":2},"end":{"line":9,"column":3}},{"start":{"line":7,"column":9},"end":{"line":9,"column":3}}],"line":5},"2":{"loc":{"start":{"line":7,"column":9},"end":{"line":9,"column":3}},"type":"if","locations":[{"start":{"line":7,"column":9},"end":{"line":9,"column":3}},{"start":{},"end":{}}],"line":7},"3":{"loc":{"start":{"line":11,"column":2},"end":{"line":18,"column":3}},"type":"if","locations":[{"start":{"line":11,"column":2},"end":{"line":18,"column":3}},{"start":{"line":13,"column":9},"end":{"line":18,"column":3}}],"line":11},"4":{"loc":{"start":{"line":15,"column":4},"end":{"line":17,"column":5}},"type":"if","locations":[{"start":{"line":15,"column":4},"end":{"line":17,"column":5}},{"start":{},"end":{}}],"line":15},"5":{"loc":{"start":{"line":20,"column":2},"end":{"line":22,"column":3}},"type":"if","locations":[{"start":{"line":20,"column":2},"end":{"line":22,"column":3}},{"start":{},"end":{}}],"line":20},"6":{"loc":{"start":{"line":24,"column":2},"end":{"line":26,"column":3}},"type":"if","locations":[{"start":{"line":24,"column":2},"end":{"line":26,"column":3}},{"start":{},"end":{}}],"line":24},"7":{"loc":{"start":{"line":28,"column":2},"end":{"line":30,"column":3}},"type":"if","locations":[{"start":{"line":28,"column":2},"end":{"line":30,"column":3}},{"start":{},"end":{}}],"line":28},"8":{"loc":{"start":{"line":28,"column":6},"end":{"line":28,"column":55}},"type":"binary-expr","locations":[{"start":{"line":28,"column":6},"end":{"line":28,"column":22}},{"start":{"line":28,"column":26},"end":{"line":28,"column":55}}],"line":28}},"s":{"0":4,"1":4,"2":4,"3":1,"4":3,"5":0,"6":4,"7":1,"8":3,"9":3,"10":0,"11":4,"12":0,"13":4,"14":0,"15":4,"16":0,"17":4,"18":2},"f":{"0":4},"b":{"0":[4,1],"1":[1,3],"2":[0,3],"3":[1,3],"4":[0,3],"5":[0,4],"6":[0,4],"7":[0,4],"8":[4,2]},"_coverageSchema":"1a1c01bbd47fc00a2c39e90264f33305004495a9","hash":"3a071fb9fd07a0364c323b6fb2e6389bf411062a"}
,"E:\\mpp\\backend\\src\\validators\\authValidator.js": {"path":"E:\\mpp\\backend\\src\\validators\\authValidator.js","statementMap":{"0":{"start":{"line":2,"column":16},"end":{"line":2,"column":41}},"1":{"start":{"line":3,"column":2},"end":{"line":7,"column":3}},"2":{"start":{"line":4,"column":4},"end":{"line":4,"column":40}},"3":{"start":{"line":5,"column":9},"end":{"line":7,"column":3}},"4":{"start":{"line":6,"column":4},"end":{"line":6,"column":50}},"5":{"start":{"line":11,"column":15},"end":{"line":11,"column":39}},"6":{"start":{"line":12,"column":2},"end":{"line":14,"column":3}},"7":{"start":{"line":13,"column":4},"end":{"line":13,"column":43}},"8":{"start":{"line":18,"column":2},"end":{"line":22,"column":3}},"9":{"start":{"line":19,"column":4},"end":{"line":19,"column":46}},"10":{"start":{"line":20,"column":9},"end":{"line":22,"column":3}},"11":{"start":{"line":21,"column":4},"end":{"line":21,"column":64}},"12":{"start":{"line":26,"column":2},"end":{"line":30,"column":3}},"13":{"start":{"line":27,"column":4},"end":{"line":27,"column":61}},"14":{"start":{"line":28,"column":9},"end":{"line":30,"column":3}},"15":{"start":{"line":29,"column":4},"end":{"line":29,"column":55}},"16":{"start":{"line":34,"column":2},"end":{"line":38,"column":3}},"17":{"start":{"line":35,"column":4},"end":{"line":35,"column":53}},"18":{"start":{"line":36,"column":9},"end":{"line":38,"column":3}},"19":{"start":{"line":37,"column":4},"end":{"line":37,"column":67}},"20":{"start":{"line":42,"column":2},"end":{"line":46,"column":3}},"21":{"start":{"line":43,"column":4},"end":{"line":43,"column":61}},"22":{"start":{"line":44,"column":9},"end":{"line":46,"column":3}},"23":{"start":{"line":45,"column":4},"end":{"line":45,"column":55}},"24":{"start":{"line":50,"column":17},"end":{"line":50,"column":19}},"25":{"start":{"line":51,"column":2},"end":{"line":51,"column":30}},"26":{"start":{"line":52,"column":2},"end":{"line":52,"column":33}},"27":{"start":{"line":53,"column":2},"end":{"line":53,"column":16}},"28":{"start":{"line":57,"column":17},"end":{"line":57,"column":19}},"29":{"start":{"line":58,"column":2},"end":{"line":58,"column":29}},"30":{"start":{"line":59,"column":2},"end":{"line":59,"column":30}},"31":{"start":{"line":60,"column":2},"end":{"line":60,"column":33}},"32":{"start":{"line":61,"column":2},"end":{"line":61,"column":40}},"33":{"start":{"line":62,"column":2},"end":{"line":62,"column":16}},"34":{"start":{"line":66,"column":17},"end":{"line":66,"column":19}},"35":{"start":{"line":67,"column":2},"end":{"line":67,"column":30}},"36":{"start":{"line":68,"column":2},"end":{"line":70,"column":3}},"37":{"start":{"line":69,"column":4},"end":{"line":69,"column":61}},"38":{"start":{"line":71,"column":2},"end":{"line":71,"column":36}},"39":{"start":{"line":72,"column":2},"end":{"line":72,"column":43}},"40":{"start":{"line":73,"column":2},"end":{"line":73,"column":16}},"41":{"start":{"line":76,"column":0},"end":{"line":80,"column":2}}},"fnMap":{"0":{"name":"validateEmail","decl":{"start":{"line":1,"column":9},"end":{"line":1,"column":22}},"loc":{"start":{"line":1,"column":37},"end":{"line":8,"column":1}},"line":1},"1":{"name":"validateName","decl":{"start":{"line":10,"column":9},"end":{"line":10,"column":21}},"loc":{"start":{"line":10,"column":36},"end":{"line":15,"column":1}},"line":10},"2":{"name":"validatePassword","decl":{"start":{"line":17,"column":9},"end":{"line":17,"column":25}},"loc":{"start":{"line":17,"column":40},"end":{"line":23,"column":1}},"line":17},"3":{"name":"validateConfirmPassword","decl":{"start":{"line":25,"column":9},"end":{"line":25,"column":32}},"loc":{"start":{"line":25,"column":47},"end":{"line":31,"column":1}},"line":25},"4":{"name":"validateNewPassword","decl":{"start":{"line":33,"column":9},"end":{"line":33,"column":28}},"loc":{"start":{"line":33,"column":43},"end":{"line":39,"column":1}},"line":33},"5":{"name":"validateConfirmNewPassword","decl":{"start":{"line":41,"column":9},"end":{"line":41,"column":35}},"loc":{"start":{"line":41,"column":50},"end":{"line":47,"column":1}},"line":41},"6":{"name":"validateLogin","decl":{"start":{"line":49,"column":9},"end":{"line":49,"column":22}},"loc":{"start":{"line":49,"column":29},"end":{"line":54,"column":1}},"line":49},"7":{"name":"validateRegister","decl":{"start":{"line":56,"column":9},"end":{"line":56,"column":25}},"loc":{"start":{"line":56,"column":32},"end":{"line":63,"column":1}},"line":56},"8":{"name":"validatePasswordChange","decl":{"start":{"line":65,"column":9},"end":{"line":65,"column":31}},"loc":{"start":{"line":65,"column":38},"end":{"line":74,"column":1}},"line":65}},"branchMap":{"0":{"loc":{"start":{"line":2,"column":17},"end":{"line":2,"column":33}},"type":"binary-expr","locations":[{"start":{"line":2,"column":17},"end":{"line":2,"column":27}},{"start":{"line":2,"column":31},"end":{"line":2,"column":33}}],"line":2},"1":{"loc":{"start":{"line":3,"column":2},"end":{"line":7,"column":3}},"type":"if","locations":[{"start":{"line":3,"column":2},"end":{"line":7,"column":3}},{"start":{"line":5,"column":9},"end":{"line":7,"column":3}}],"line":3},"2":{"loc":{"start":{"line":5,"column":9},"end":{"line":7,"column":3}},"type":"if","locations":[{"start":{"line":5,"column":9},"end":{"line":7,"column":3}},{"start":{},"end":{}}],"line":5},"3":{"loc":{"start":{"line":11,"column":16},"end":{"line":11,"column":31}},"type":"binary-expr","locations":[{"start":{"line":11,"column":16},"end":{"line":11,"column":25}},{"start":{"line":11,"column":29},"end":{"line":11,"column":31}}],"line":11},"4":{"loc":{"start":{"line":12,"column":2},"end":{"line":14,"column":3}},"type":"if","locations":[{"start":{"line":12,"column":2},"end":{"line":14,"column":3}},{"start":{},"end":{}}],"line":12},"5":{"loc":{"start":{"line":18,"column":2},"end":{"line":22,"column":3}},"type":"if","locations":[{"start":{"line":18,"column":2},"end":{"line":22,"column":3}},{"start":{"line":20,"column":9},"end":{"line":22,"column":3}}],"line":18},"6":{"loc":{"start":{"line":20,"column":9},"end":{"line":22,"column":3}},"type":"if","locations":[{"start":{"line":20,"column":9},"end":{"line":22,"column":3}},{"start":{},"end":{}}],"line":20},"7":{"loc":{"start":{"line":26,"column":2},"end":{"line":30,"column":3}},"type":"if","locations":[{"start":{"line":26,"column":2},"end":{"line":30,"column":3}},{"start":{"line":28,"column":9},"end":{"line":30,"column":3}}],"line":26},"8":{"loc":{"start":{"line":28,"column":9},"end":{"line":30,"column":3}},"type":"if","locations":[{"start":{"line":28,"column":9},"end":{"line":30,"column":3}},{"start":{},"end":{}}],"line":28},"9":{"loc":{"start":{"line":34,"column":2},"end":{"line":38,"column":3}},"type":"if","locations":[{"start":{"line":34,"column":2},"end":{"line":38,"column":3}},{"start":{"line":36,"column":9},"end":{"line":38,"column":3}}],"line":34},"10":{"loc":{"start":{"line":36,"column":9},"end":{"line":38,"column":3}},"type":"if","locations":[{"start":{"line":36,"column":9},"end":{"line":38,"column":3}},{"start":{},"end":{}}],"line":36},"11":{"loc":{"start":{"line":42,"column":2},"end":{"line":46,"column":3}},"type":"if","locations":[{"start":{"line":42,"column":2},"end":{"line":46,"column":3}},{"start":{"line":44,"column":9},"end":{"line":46,"column":3}}],"line":42},"12":{"loc":{"start":{"line":44,"column":9},"end":{"line":46,"column":3}},"type":"if","locations":[{"start":{"line":44,"column":9},"end":{"line":46,"column":3}},{"start":{},"end":{}}],"line":44},"13":{"loc":{"start":{"line":68,"column":2},"end":{"line":70,"column":3}},"type":"if","locations":[{"start":{"line":68,"column":2},"end":{"line":70,"column":3}},{"start":{},"end":{}}],"line":68}},"s":{"0":15,"1":15,"2":0,"3":15,"4":0,"5":12,"6":12,"7":0,"8":14,"9":0,"10":14,"11":0,"12":12,"13":0,"14":12,"15":0,"16":1,"17":0,"18":1,"19":0,"20":1,"21":0,"22":1,"23":0,"24":2,"25":2,"26":2,"27":2,"28":12,"29":12,"30":12,"31":12,"32":12,"33":12,"34":1,"35":1,"36":1,"37":0,"38":1,"39":1,"40":1,"41":2},"f":{"0":15,"1":12,"2":14,"3":12,"4":1,"5":1,"6":2,"7":12,"8":1},"b":{"0":[15,0],"1":[0,15],"2":[0,15],"3":[12,0],"4":[0,12],"5":[0,14],"6":[0,14],"7":[0,12],"8":[0,12],"9":[0,1],"10":[0,1],"11":[0,1],"12":[0,1],"13":[0,1]},"_coverageSchema":"1a1c01bbd47fc00a2c39e90264f33305004495a9","hash":"3c9aa9d0c66a5dff2b9e8774e01f3d7ed9c0914e"}
}
