{"E:\\mpp\\backend\\src\\server.js": {"path":"E:\\mpp\\backend\\src\\server.js","statementMap":{"0":{"start":{"line":1,"column":16},"end":{"line":1,"column":34}},"1":{"start":{"line":2,"column":13},"end":{"line":2,"column":28}},"2":{"start":{"line":3,"column":13},"end":{"line":3,"column":28}},"3":{"start":{"line":4,"column":26},"end":{"line":4,"column":65}},"4":{"start":{"line":5,"column":15},"end":{"line":5,"column":42}},"5":{"start":{"line":6,"column":18},"end":{"line":6,"column":48}},"6":{"start":{"line":7,"column":25},"end":{"line":7,"column":61}},"7":{"start":{"line":8,"column":19},"end":{"line":8,"column":49}},"8":{"start":{"line":9,"column":26},"end":{"line":9,"column":63}},"9":{"start":{"line":10,"column":20},"end":{"line":10,"column":51}},"10":{"start":{"line":11,"column":24},"end":{"line":11,"column":59}},"11":{"start":{"line":12,"column":20},"end":{"line":12,"column":51}},"12":{"start":{"line":13,"column":24},"end":{"line":13,"column":59}},"13":{"start":{"line":14,"column":21},"end":{"line":14,"column":53}},"14":{"start":{"line":15,"column":26},"end":{"line":15,"column":57}},"15":{"start":{"line":17,"column":12},"end":{"line":17,"column":21}},"16":{"start":{"line":18,"column":13},"end":{"line":18,"column":37}},"17":{"start":{"line":20,"column":23},"end":{"line":22,"column":8}},"18":{"start":{"line":21,"column":55},"end":{"line":21,"column":68}},"19":{"start":{"line":24,"column":0},"end":{"line":32,"column":4}},"20":{"start":{"line":26,"column":4},"end":{"line":26,"column":84}},"21":{"start":{"line":26,"column":56},"end":{"line":26,"column":84}},"22":{"start":{"line":27,"column":4},"end":{"line":27,"column":45}},"23":{"start":{"line":27,"column":17},"end":{"line":27,"column":45}},"24":{"start":{"line":28,"column":4},"end":{"line":28,"column":69}},"25":{"start":{"line":28,"column":41},"end":{"line":28,"column":69}},"26":{"start":{"line":29,"column":4},"end":{"line":29,"column":58}},"27":{"start":{"line":33,"column":0},"end":{"line":33,"column":24}},"28":{"start":{"line":35,"column":30},"end":{"line":35,"column":68}},"29":{"start":{"line":36,"column":0},"end":{"line":36,"column":27}},"30":{"start":{"line":37,"column":33},"end":{"line":37,"column":77}},"31":{"start":{"line":38,"column":0},"end":{"line":38,"column":30}},"32":{"start":{"line":40,"column":0},"end":{"line":42,"column":3}},"33":{"start":{"line":41,"column":2},"end":{"line":41,"column":29}},"34":{"start":{"line":44,"column":30},"end":{"line":44,"column":52}},"35":{"start":{"line":45,"column":0},"end":{"line":60,"column":4}},"36":{"start":{"line":49,"column":20},"end":{"line":49,"column":57}},"37":{"start":{"line":50,"column":17},"end":{"line":50,"column":75}},"38":{"start":{"line":51,"column":4},"end":{"line":55,"column":5}},"39":{"start":{"line":52,"column":20},"end":{"line":52,"column":48}},"40":{"start":{"line":53,"column":22},"end":{"line":53,"column":46}},"41":{"start":{"line":54,"column":6},"end":{"line":54,"column":71}},"42":{"start":{"line":54,"column":37},"end":{"line":54,"column":71}},"43":{"start":{"line":56,"column":18},"end":{"line":56,"column":51}},"44":{"start":{"line":57,"column":19},"end":{"line":57,"column":63}},"45":{"start":{"line":58,"column":4},"end":{"line":58,"column":22}},"46":{"start":{"line":62,"column":0},"end":{"line":62,"column":43}},"47":{"start":{"line":63,"column":0},"end":{"line":63,"column":33}},"48":{"start":{"line":64,"column":0},"end":{"line":64,"column":47}},"49":{"start":{"line":65,"column":0},"end":{"line":65,"column":35}},"50":{"start":{"line":66,"column":0},"end":{"line":66,"column":43}},"51":{"start":{"line":67,"column":0},"end":{"line":67,"column":35}},"52":{"start":{"line":68,"column":0},"end":{"line":68,"column":43}},"53":{"start":{"line":69,"column":0},"end":{"line":69,"column":37}},"54":{"start":{"line":71,"column":0},"end":{"line":78,"column":3}},"55":{"start":{"line":72,"column":2},"end":{"line":72,"column":21}},"56":{"start":{"line":73,"column":2},"end":{"line":77,"column":5}},"57":{"start":{"line":80,"column":0},"end":{"line":116,"column":1}},"58":{"start":{"line":82,"column":2},"end":{"line":94,"column":3}},"59":{"start":{"line":83,"column":15},"end":{"line":83,"column":28}},"60":{"start":{"line":84,"column":18},"end":{"line":84,"column":34}},"61":{"start":{"line":85,"column":20},"end":{"line":85,"column":46}},"62":{"start":{"line":86,"column":21},"end":{"line":86,"column":48}},"63":{"start":{"line":87,"column":4},"end":{"line":91,"column":5}},"64":{"start":{"line":88,"column":22},"end":{"line":88,"column":88}},"65":{"start":{"line":89,"column":6},"end":{"line":89,"column":48}},"66":{"start":{"line":90,"column":6},"end":{"line":90,"column":43}},"67":{"start":{"line":93,"column":4},"end":{"line":93,"column":74}},"68":{"start":{"line":95,"column":2},"end":{"line":95,"column":47}},"69":{"start":{"line":95,"column":15},"end":{"line":95,"column":47}},"70":{"start":{"line":96,"column":2},"end":{"line":96,"column":24}},"71":{"start":{"line":97,"column":28},"end":{"line":97,"column":54}},"72":{"start":{"line":98,"column":2},"end":{"line":98,"column":18}},"73":{"start":{"line":99,"column":24},"end":{"line":99,"column":43}},"74":{"start":{"line":100,"column":29},"end":{"line":100,"column":65}},"75":{"start":{"line":101,"column":2},"end":{"line":115,"column":5}},"76":{"start":{"line":102,"column":4},"end":{"line":106,"column":5}},"77":{"start":{"line":103,"column":6},"end":{"line":103,"column":33}},"78":{"start":{"line":105,"column":6},"end":{"line":105,"column":59}},"79":{"start":{"line":107,"column":4},"end":{"line":109,"column":7}},"80":{"start":{"line":108,"column":6},"end":{"line":108,"column":63}},"81":{"start":{"line":111,"column":4},"end":{"line":111,"column":44}},"82":{"start":{"line":112,"column":4},"end":{"line":114,"column":7}},"83":{"start":{"line":113,"column":6},"end":{"line":113,"column":80}},"84":{"start":{"line":118,"column":0},"end":{"line":118,"column":21}}},"fnMap":{"0":{"name":"(anonymous_0)","decl":{"start":{"line":21,"column":43},"end":{"line":21,"column":44}},"loc":{"start":{"line":21,"column":55},"end":{"line":21,"column":68}},"line":21},"1":{"name":"(anonymous_1)","decl":{"start":{"line":25,"column":10},"end":{"line":25,"column":11}},"loc":{"start":{"line":25,"column":32},"end":{"line":30,"column":3}},"line":25},"2":{"name":"(anonymous_2)","decl":{"start":{"line":40,"column":19},"end":{"line":40,"column":20}},"loc":{"start":{"line":40,"column":33},"end":{"line":42,"column":1}},"line":40},"3":{"name":"(anonymous_3)","decl":{"start":{"line":48,"column":11},"end":{"line":48,"column":12}},"loc":{"start":{"line":48,"column":20},"end":{"line":59,"column":3}},"line":48},"4":{"name":"(anonymous_4)","decl":{"start":{"line":71,"column":8},"end":{"line":71,"column":9}},"loc":{"start":{"line":71,"column":33},"end":{"line":78,"column":1}},"line":71},"5":{"name":"(anonymous_5)","decl":{"start":{"line":101,"column":24},"end":{"line":101,"column":25}},"loc":{"start":{"line":101,"column":36},"end":{"line":110,"column":3}},"line":101},"6":{"name":"(anonymous_6)","decl":{"start":{"line":107,"column":35},"end":{"line":107,"column":36}},"loc":{"start":{"line":107,"column":41},"end":{"line":109,"column":5}},"line":107},"7":{"name":"(anonymous_7)","decl":{"start":{"line":110,"column":11},"end":{"line":110,"column":12}},"loc":{"start":{"line":110,"column":20},"end":{"line":115,"column":3}},"line":110},"8":{"name":"(anonymous_8)","decl":{"start":{"line":112,"column":35},"end":{"line":112,"column":36}},"loc":{"start":{"line":112,"column":41},"end":{"line":114,"column":5}},"line":112}},"branchMap":{"0":{"loc":{"start":{"line":18,"column":13},"end":{"line":18,"column":37}},"type":"binary-expr","locations":[{"start":{"line":18,"column":13},"end":{"line":18,"column":29}},{"start":{"line":18,"column":33},"end":{"line":18,"column":37}}],"line":18},"1":{"loc":{"start":{"line":20,"column":23},"end":{"line":22,"column":8}},"type":"cond-expr","locations":[{"start":{"line":21,"column":4},"end":{"line":21,"column":85}},{"start":{"line":22,"column":4},"end":{"line":22,"column":8}}],"line":20},"2":{"loc":{"start":{"line":26,"column":4},"end":{"line":26,"column":84}},"type":"if","locations":[{"start":{"line":26,"column":4},"end":{"line":26,"column":84}},{"start":{},"end":{}}],"line":26},"3":{"loc":{"start":{"line":26,"column":8},"end":{"line":26,"column":54}},"type":"binary-expr","locations":[{"start":{"line":26,"column":8},"end":{"line":26,"column":23}},{"start":{"line":26,"column":27},"end":{"line":26,"column":54}}],"line":26},"4":{"loc":{"start":{"line":27,"column":4},"end":{"line":27,"column":45}},"type":"if","locations":[{"start":{"line":27,"column":4},"end":{"line":27,"column":45}},{"start":{},"end":{}}],"line":27},"5":{"loc":{"start":{"line":28,"column":4},"end":{"line":28,"column":69}},"type":"if","locations":[{"start":{"line":28,"column":4},"end":{"line":28,"column":69}},{"start":{},"end":{}}],"line":28},"6":{"loc":{"start":{"line":49,"column":20},"end":{"line":49,"column":57}},"type":"cond-expr","locations":[{"start":{"line":49,"column":41},"end":{"line":49,"column":52}},{"start":{"line":49,"column":55},"end":{"line":49,"column":57}}],"line":49},"7":{"loc":{"start":{"line":49,"column":20},"end":{"line":49,"column":38}},"type":"binary-expr","locations":[{"start":{"line":49,"column":20},"end":{"line":49,"column":23}},{"start":{"line":49,"column":27},"end":{"line":49,"column":38}}],"line":49},"8":{"loc":{"start":{"line":50,"column":17},"end":{"line":50,"column":75}},"type":"binary-expr","locations":[{"start":{"line":50,"column":17},"end":{"line":50,"column":41}},{"start":{"line":50,"column":45},"end":{"line":50,"column":69}},{"start":{"line":50,"column":73},"end":{"line":50,"column":75}}],"line":50},"9":{"loc":{"start":{"line":51,"column":4},"end":{"line":55,"column":5}},"type":"if","locations":[{"start":{"line":51,"column":4},"end":{"line":55,"column":5}},{"start":{},"end":{}}],"line":51},"10":{"loc":{"start":{"line":51,"column":8},"end":{"line":51,"column":42}},"type":"binary-expr","locations":[{"start":{"line":51,"column":8},"end":{"line":51,"column":12}},{"start":{"line":51,"column":16},"end":{"line":51,"column":42}}],"line":51},"11":{"loc":{"start":{"line":54,"column":6},"end":{"line":54,"column":71}},"type":"if","locations":[{"start":{"line":54,"column":6},"end":{"line":54,"column":71}},{"start":{},"end":{}}],"line":54},"12":{"loc":{"start":{"line":54,"column":10},"end":{"line":54,"column":35}},"type":"binary-expr","locations":[{"start":{"line":54,"column":10},"end":{"line":54,"column":17}},{"start":{"line":54,"column":21},"end":{"line":54,"column":35}}],"line":54},"13":{"loc":{"start":{"line":56,"column":18},"end":{"line":56,"column":51}},"type":"cond-expr","locations":[{"start":{"line":56,"column":37},"end":{"line":56,"column":46}},{"start":{"line":56,"column":49},"end":{"line":56,"column":51}}],"line":56},"14":{"loc":{"start":{"line":56,"column":18},"end":{"line":56,"column":34}},"type":"binary-expr","locations":[{"start":{"line":56,"column":18},"end":{"line":56,"column":21}},{"start":{"line":56,"column":25},"end":{"line":56,"column":34}}],"line":56},"15":{"loc":{"start":{"line":57,"column":19},"end":{"line":57,"column":63}},"type":"binary-expr","locations":[{"start":{"line":57,"column":19},"end":{"line":57,"column":39}},{"start":{"line":57,"column":43},"end":{"line":57,"column":55}},{"start":{"line":57,"column":59},"end":{"line":57,"column":63}}],"line":57},"16":{"loc":{"start":{"line":80,"column":0},"end":{"line":116,"column":1}},"type":"if","locations":[{"start":{"line":80,"column":0},"end":{"line":116,"column":1}},{"start":{},"end":{}}],"line":80},"17":{"loc":{"start":{"line":87,"column":4},"end":{"line":91,"column":5}},"type":"if","locations":[{"start":{"line":87,"column":4},"end":{"line":91,"column":5}},{"start":{},"end":{}}],"line":87},"18":{"loc":{"start":{"line":87,"column":8},"end":{"line":87,"column":80}},"type":"binary-expr","locations":[{"start":{"line":87,"column":8},"end":{"line":87,"column":15}},{"start":{"line":87,"column":19},"end":{"line":87,"column":27}},{"start":{"line":87,"column":31},"end":{"line":87,"column":53}},{"start":{"line":87,"column":57},"end":{"line":87,"column":80}}],"line":87},"19":{"loc":{"start":{"line":95,"column":2},"end":{"line":95,"column":47}},"type":"if","locations":[{"start":{"line":95,"column":2},"end":{"line":95,"column":47}},{"start":{},"end":{}}],"line":95}},"s":{"0":0,"1":0,"2":0,"3":0,"4":0,"5":0,"6":0,"7":0,"8":0,"9":0,"10":0,"11":0,"12":0,"13":0,"14":0,"15":0,"16":0,"17":0,"18":0,"19":0,"20":0,"21":0,"22":0,"23":0,"24":0,"25":0,"26":0,"27":0,"28":0,"29":0,"30":0,"31":0,"32":0,"33":0,"34":0,"35":0,"36":0,"37":0,"38":0,"39":0,"40":0,"41":0,"42":0,"43":0,"44":0,"45":0,"46":0,"47":0,"48":0,"49":0,"50":0,"51":0,"52":0,"53":0,"54":0,"55":0,"56":0,"57":0,"58":0,"59":0,"60":0,"61":0,"62":0,"63":0,"64":0,"65":0,"66":0,"67":0,"68":0,"69":0,"70":0,"71":0,"72":0,"73":0,"74":0,"75":0,"76":0,"77":0,"78":0,"79":0,"80":0,"81":0,"82":0,"83":0,"84":0},"f":{"0":0,"1":0,"2":0,"3":0,"4":0,"5":0,"6":0,"7":0,"8":0},"b":{"0":[0,0],"1":[0,0],"2":[0,0],"3":[0,0],"4":[0,0],"5":[0,0],"6":[0,0],"7":[0,0],"8":[0,0,0],"9":[0,0],"10":[0,0],"11":[0,0],"12":[0,0],"13":[0,0],"14":[0,0],"15":[0,0,0],"16":[0,0],"17":[0,0],"18":[0,0,0,0],"19":[0,0]}}
,"E:\\mpp\\backend\\src\\chat\\chatStore.js": {"path":"E:\\mpp\\backend\\src\\chat\\chatStore.js","statementMap":{"0":{"start":{"line":1,"column":24},"end":{"line":1,"column":42}},"1":{"start":{"line":3,"column":18},"end":{"line":3,"column":22}},"2":{"start":{"line":4,"column":14},"end":{"line":4,"column":18}},"3":{"start":{"line":5,"column":21},"end":{"line":5,"column":25}},"4":{"start":{"line":8,"column":2},"end":{"line":8,"column":66}},"5":{"start":{"line":12,"column":2},"end":{"line":12,"column":44}},"6":{"start":{"line":12,"column":22},"end":{"line":12,"column":44}},"7":{"start":{"line":14,"column":14},"end":{"line":14,"column":31}},"8":{"start":{"line":15,"column":2},"end":{"line":15,"column":37}},"9":{"start":{"line":16,"column":2},"end":{"line":16,"column":30}},"10":{"start":{"line":17,"column":2},"end":{"line":17,"column":29}},"11":{"start":{"line":18,"column":2},"end":{"line":18,"column":55}},"12":{"start":{"line":20,"column":2},"end":{"line":24,"column":3}},"13":{"start":{"line":21,"column":4},"end":{"line":21,"column":71}},"14":{"start":{"line":22,"column":4},"end":{"line":22,"column":56}},"15":{"start":{"line":26,"column":2},"end":{"line":26,"column":24}},"16":{"start":{"line":30,"column":20},"end":{"line":32,"column":57}},"17":{"start":{"line":33,"column":2},"end":{"line":42,"column":4}},"18":{"start":{"line":46,"column":2},"end":{"line":88,"column":3}},"19":{"start":{"line":47,"column":23},"end":{"line":47,"column":44}},"20":{"start":{"line":48,"column":16},"end":{"line":56,"column":5}},"21":{"start":{"line":58,"column":19},"end":{"line":58,"column":50}},"22":{"start":{"line":59,"column":4},"end":{"line":59,"column":54}},"23":{"start":{"line":61,"column":4},"end":{"line":87,"column":5}},"24":{"start":{"line":62,"column":17},"end":{"line":62,"column":30}},"25":{"start":{"line":63,"column":19},"end":{"line":63,"column":34}},"26":{"start":{"line":64,"column":19},"end":{"line":64,"column":67}},"27":{"start":{"line":65,"column":17},"end":{"line":65,"column":33}},"28":{"start":{"line":66,"column":6},"end":{"line":68,"column":7}},"29":{"start":{"line":67,"column":8},"end":{"line":67,"column":78}},"30":{"start":{"line":69,"column":17},"end":{"line":69,"column":73}},"31":{"start":{"line":70,"column":18},"end":{"line":79,"column":7}},"32":{"start":{"line":80,"column":6},"end":{"line":80,"column":42}},"33":{"start":{"line":81,"column":6},"end":{"line":81,"column":30}},"34":{"start":{"line":82,"column":6},"end":{"line":82,"column":60}},"35":{"start":{"line":83,"column":6},"end":{"line":83,"column":68}},"36":{"start":{"line":84,"column":6},"end":{"line":84,"column":17}},"37":{"start":{"line":86,"column":6},"end":{"line":86,"column":14}},"38":{"start":{"line":92,"column":21},"end":{"line":92,"column":42}},"39":{"start":{"line":93,"column":12},"end":{"line":93,"column":48}},"40":{"start":{"line":94,"column":15},"end":{"line":94,"column":83}},"41":{"start":{"line":95,"column":2},"end":{"line":95,"column":26}},"42":{"start":{"line":99,"column":2},"end":{"line":99,"column":40}},"43":{"start":{"line":99,"column":30},"end":{"line":99,"column":40}},"44":{"start":{"line":100,"column":21},"end":{"line":100,"column":42}},"45":{"start":{"line":101,"column":14},"end":{"line":101,"column":28}},"46":{"start":{"line":102,"column":16},"end":{"line":102,"column":34}},"47":{"start":{"line":103,"column":15},"end":{"line":108,"column":37}},"48":{"start":{"line":109,"column":2},"end":{"line":109,"column":26}},"49":{"start":{"line":112,"column":0},"end":{"line":116,"column":2}}},"fnMap":{"0":{"name":"resolveMongoUrl","decl":{"start":{"line":7,"column":9},"end":{"line":7,"column":24}},"loc":{"start":{"line":7,"column":27},"end":{"line":9,"column":1}},"line":7},"1":{"name":"getCollection","decl":{"start":{"line":11,"column":15},"end":{"line":11,"column":28}},"loc":{"start":{"line":11,"column":31},"end":{"line":27,"column":1}},"line":11},"2":{"name":"mapDoc","decl":{"start":{"line":29,"column":9},"end":{"line":29,"column":15}},"loc":{"start":{"line":29,"column":21},"end":{"line":43,"column":1}},"line":29},"3":{"name":"saveChatMessage","decl":{"start":{"line":45,"column":15},"end":{"line":45,"column":30}},"loc":{"start":{"line":45,"column":37},"end":{"line":89,"column":1}},"line":45},"4":{"name":"listChats","decl":{"start":{"line":91,"column":15},"end":{"line":91,"column":24}},"loc":{"start":{"line":91,"column":32},"end":{"line":96,"column":1}},"line":91},"5":{"name":"getConversation","decl":{"start":{"line":98,"column":15},"end":{"line":98,"column":30}},"loc":{"start":{"line":98,"column":51},"end":{"line":110,"column":1}},"line":98}},"branchMap":{"0":{"loc":{"start":{"line":8,"column":9},"end":{"line":8,"column":65}},"type":"binary-expr","locations":[{"start":{"line":8,"column":9},"end":{"line":8,"column":30}},{"start":{"line":8,"column":34},"end":{"line":8,"column":65}}],"line":8},"1":{"loc":{"start":{"line":12,"column":2},"end":{"line":12,"column":44}},"type":"if","locations":[{"start":{"line":12,"column":2},"end":{"line":12,"column":44}},{"start":{},"end":{}}],"line":12},"2":{"loc":{"start":{"line":30,"column":20},"end":{"line":32,"column":57}},"type":"cond-expr","locations":[{"start":{"line":31,"column":6},"end":{"line":31,"column":33}},{"start":{"line":32,"column":6},"end":{"line":32,"column":57}}],"line":30},"3":{"loc":{"start":{"line":32,"column":15},"end":{"line":32,"column":42}},"type":"binary-expr","locations":[{"start":{"line":32,"column":15},"end":{"line":32,"column":28}},{"start":{"line":32,"column":32},"end":{"line":32,"column":42}}],"line":32},"4":{"loc":{"start":{"line":35,"column":14},"end":{"line":35,"column":34}},"type":"binary-expr","locations":[{"start":{"line":35,"column":14},"end":{"line":35,"column":26}},{"start":{"line":35,"column":30},"end":{"line":35,"column":34}}],"line":35},"5":{"loc":{"start":{"line":37,"column":8},"end":{"line":37,"column":38}},"type":"cond-expr","locations":[{"start":{"line":37,"column":17},"end":{"line":37,"column":31}},{"start":{"line":37,"column":34},"end":{"line":37,"column":38}}],"line":37},"6":{"loc":{"start":{"line":38,"column":10},"end":{"line":38,"column":26}},"type":"binary-expr","locations":[{"start":{"line":38,"column":10},"end":{"line":38,"column":18}},{"start":{"line":38,"column":22},"end":{"line":38,"column":26}}],"line":38},"7":{"loc":{"start":{"line":39,"column":10},"end":{"line":39,"column":24}},"type":"binary-expr","locations":[{"start":{"line":39,"column":10},"end":{"line":39,"column":18}},{"start":{"line":39,"column":22},"end":{"line":39,"column":24}}],"line":39},"8":{"loc":{"start":{"line":41,"column":14},"end":{"line":41,"column":34}},"type":"binary-expr","locations":[{"start":{"line":41,"column":14},"end":{"line":41,"column":26}},{"start":{"line":41,"column":30},"end":{"line":41,"column":34}}],"line":41},"9":{"loc":{"start":{"line":49,"column":16},"end":{"line":49,"column":37}},"type":"binary-expr","locations":[{"start":{"line":49,"column":16},"end":{"line":49,"column":29}},{"start":{"line":49,"column":33},"end":{"line":49,"column":37}}],"line":49},"10":{"loc":{"start":{"line":51,"column":10},"end":{"line":51,"column":42}},"type":"cond-expr","locations":[{"start":{"line":51,"column":20},"end":{"line":51,"column":35}},{"start":{"line":51,"column":38},"end":{"line":51,"column":42}}],"line":51},"11":{"loc":{"start":{"line":52,"column":12},"end":{"line":52,"column":29}},"type":"binary-expr","locations":[{"start":{"line":52,"column":12},"end":{"line":52,"column":21}},{"start":{"line":52,"column":25},"end":{"line":52,"column":29}}],"line":52},"12":{"loc":{"start":{"line":53,"column":12},"end":{"line":53,"column":27}},"type":"binary-expr","locations":[{"start":{"line":53,"column":12},"end":{"line":53,"column":21}},{"start":{"line":53,"column":25},"end":{"line":53,"column":27}}],"line":53},"13":{"loc":{"start":{"line":54,"column":17},"end":{"line":54,"column":71}},"type":"cond-expr","locations":[{"start":{"line":54,"column":34},"end":{"line":54,"column":58}},{"start":{"line":54,"column":61},"end":{"line":54,"column":71}}],"line":54},"14":{"loc":{"start":{"line":55,"column":16},"end":{"line":55,"column":37}},"type":"binary-expr","locations":[{"start":{"line":55,"column":16},"end":{"line":55,"column":29}},{"start":{"line":55,"column":33},"end":{"line":55,"column":37}}],"line":55},"15":{"loc":{"start":{"line":66,"column":6},"end":{"line":68,"column":7}},"type":"if","locations":[{"start":{"line":66,"column":6},"end":{"line":68,"column":7}},{"start":{},"end":{}}],"line":66},"16":{"loc":{"start":{"line":67,"column":26},"end":{"line":67,"column":76}},"type":"binary-expr","locations":[{"start":{"line":67,"column":26},"end":{"line":67,"column":55}},{"start":{"line":67,"column":59},"end":{"line":67,"column":76}}],"line":67},"17":{"loc":{"start":{"line":72,"column":18},"end":{"line":72,"column":39}},"type":"binary-expr","locations":[{"start":{"line":72,"column":18},"end":{"line":72,"column":31}},{"start":{"line":72,"column":35},"end":{"line":72,"column":39}}],"line":72},"18":{"loc":{"start":{"line":74,"column":12},"end":{"line":74,"column":44}},"type":"cond-expr","locations":[{"start":{"line":74,"column":22},"end":{"line":74,"column":37}},{"start":{"line":74,"column":40},"end":{"line":74,"column":44}}],"line":74},"19":{"loc":{"start":{"line":75,"column":14},"end":{"line":75,"column":31}},"type":"binary-expr","locations":[{"start":{"line":75,"column":14},"end":{"line":75,"column":23}},{"start":{"line":75,"column":27},"end":{"line":75,"column":31}}],"line":75},"20":{"loc":{"start":{"line":76,"column":14},"end":{"line":76,"column":29}},"type":"binary-expr","locations":[{"start":{"line":76,"column":14},"end":{"line":76,"column":23}},{"start":{"line":76,"column":27},"end":{"line":76,"column":29}}],"line":76},"21":{"loc":{"start":{"line":77,"column":19},"end":{"line":77,"column":101}},"type":"cond-expr","locations":[{"start":{"line":77,"column":36},"end":{"line":77,"column":74}},{"start":{"line":77,"column":77},"end":{"line":77,"column":101}}],"line":77},"22":{"loc":{"start":{"line":78,"column":18},"end":{"line":78,"column":39}},"type":"binary-expr","locations":[{"start":{"line":78,"column":18},"end":{"line":78,"column":31}},{"start":{"line":78,"column":35},"end":{"line":78,"column":39}}],"line":78},"23":{"loc":{"start":{"line":80,"column":22},"end":{"line":80,"column":41}},"type":"binary-expr","locations":[{"start":{"line":80,"column":22},"end":{"line":80,"column":35}},{"start":{"line":80,"column":39},"end":{"line":80,"column":41}}],"line":80},"24":{"loc":{"start":{"line":93,"column":21},"end":{"line":93,"column":41}},"type":"binary-expr","locations":[{"start":{"line":93,"column":21},"end":{"line":93,"column":34}},{"start":{"line":93,"column":38},"end":{"line":93,"column":41}}],"line":93},"25":{"loc":{"start":{"line":99,"column":2},"end":{"line":99,"column":40}},"type":"if","locations":[{"start":{"line":99,"column":2},"end":{"line":99,"column":40}},{"start":{},"end":{}}],"line":99},"26":{"loc":{"start":{"line":99,"column":6},"end":{"line":99,"column":28}},"type":"binary-expr","locations":[{"start":{"line":99,"column":6},"end":{"line":99,"column":13}},{"start":{"line":99,"column":17},"end":{"line":99,"column":28}}],"line":99}},"s":{"0":1,"1":1,"2":1,"3":1,"4":1,"5":1,"6":0,"7":1,"8":1,"9":1,"10":0,"11":0,"12":0,"13":0,"14":0,"15":0,"16":0,"17":0,"18":1,"19":1,"20":0,"21":0,"22":0,"23":0,"24":0,"25":0,"26":0,"27":0,"28":0,"29":0,"30":0,"31":0,"32":0,"33":0,"34":0,"35":0,"36":0,"37":0,"38":0,"39":0,"40":0,"41":0,"42":0,"43":0,"44":0,"45":0,"46":0,"47":0,"48":0,"49":1},"f":{"0":1,"1":1,"2":0,"3":1,"4":0,"5":0},"b":{"0":[1,1],"1":[0,1],"2":[0,0],"3":[0,0],"4":[0,0],"5":[0,0],"6":[0,0],"7":[0,0],"8":[0,0],"9":[0,0],"10":[0,0],"11":[0,0],"12":[0,0],"13":[0,0],"14":[0,0],"15":[0,0],"16":[0,0],"17":[0,0],"18":[0,0],"19":[0,0],"20":[0,0],"21":[0,0],"22":[0,0],"23":[0,0],"24":[0,0],"25":[0,0],"26":[0,0]},"_coverageSchema":"1a1c01bbd47fc00a2c39e90264f33305004495a9","hash":"727c0dbb3c5cb547c4abb3732126fce697d3140f"}
,"E:\\mpp\\backend\\src\\config\\config.js": {"path":"E:\\mpp\\backend\\src\\config\\config.js","statementMap":{"0":{"start":{"line":1,"column":13},"end":{"line":1,"column":28}},"1":{"start":{"line":3,"column":0},"end":{"line":19,"column":2}}},"fnMap":{},"branchMap":{},"s":{"0":0,"1":0},"f":{},"b":{}}
,"E:\\mpp\\backend\\src\\data\\detector.js": {"path":"E:\\mpp\\backend\\src\\data\\detector.js","statementMap":{"0":{"start":{"line":1,"column":40},"end":{"line":1,"column":60}},"1":{"start":{"line":3,"column":18},"end":{"line":3,"column":61}},"2":{"start":{"line":4,"column":23},"end":{"line":4,"column":72}},"3":{"start":{"line":7,"column":2},"end":{"line":27,"column":3}},"4":{"start":{"line":8,"column":18},"end":{"line":8,"column":81}},"5":{"start":{"line":9,"column":17},"end":{"line":12,"column":5}},"6":{"start":{"line":14,"column":4},"end":{"line":24,"column":5}},"7":{"start":{"line":15,"column":18},"end":{"line":15,"column":36}},"8":{"start":{"line":16,"column":21},"end":{"line":16,"column":29}},"9":{"start":{"line":17,"column":6},"end":{"line":23,"column":7}},"10":{"start":{"line":18,"column":8},"end":{"line":22,"column":11}},"11":{"start":{"line":26,"column":4},"end":{"line":26,"column":41}},"12":{"start":{"line":31,"column":2},"end":{"line":31,"column":16}},"13":{"start":{"line":32,"column":2},"end":{"line":32,"column":46}},"14":{"start":{"line":35,"column":0},"end":{"line":35,"column":48}}},"fnMap":{"0":{"name":"scanAndFlag","decl":{"start":{"line":6,"column":15},"end":{"line":6,"column":26}},"loc":{"start":{"line":6,"column":29},"end":{"line":28,"column":1}},"line":6},"1":{"name":"startDetector","decl":{"start":{"line":30,"column":9},"end":{"line":30,"column":22}},"loc":{"start":{"line":30,"column":47},"end":{"line":33,"column":1}},"line":30}},"branchMap":{"0":{"loc":{"start":{"line":3,"column":25},"end":{"line":3,"column":60}},"type":"binary-expr","locations":[{"start":{"line":3,"column":25},"end":{"line":3,"column":55}},{"start":{"line":3,"column":59},"end":{"line":3,"column":60}}],"line":3},"1":{"loc":{"start":{"line":4,"column":30},"end":{"line":4,"column":71}},"type":"binary-expr","locations":[{"start":{"line":4,"column":30},"end":{"line":4,"column":65}},{"start":{"line":4,"column":69},"end":{"line":4,"column":71}}],"line":4},"2":{"loc":{"start":{"line":15,"column":25},"end":{"line":15,"column":35}},"type":"binary-expr","locations":[{"start":{"line":15,"column":25},"end":{"line":15,"column":30}},{"start":{"line":15,"column":34},"end":{"line":15,"column":35}}],"line":15},"3":{"loc":{"start":{"line":17,"column":6},"end":{"line":23,"column":7}},"type":"if","locations":[{"start":{"line":17,"column":6},"end":{"line":23,"column":7}},{"start":{},"end":{}}],"line":17},"4":{"loc":{"start":{"line":17,"column":10},"end":{"line":17,"column":36}},"type":"binary-expr","locations":[{"start":{"line":17,"column":10},"end":{"line":17,"column":16}},{"start":{"line":17,"column":20},"end":{"line":17,"column":36}}],"line":17},"5":{"loc":{"start":{"line":30,"column":23},"end":{"line":30,"column":45}},"type":"default-arg","locations":[{"start":{"line":30,"column":36},"end":{"line":30,"column":45}}],"line":30}},"s":{"0":1,"1":1,"2":1,"3":1,"4":1,"5":1,"6":1,"7":1,"8":1,"9":1,"10":1,"11":0,"12":0,"13":0,"14":1},"f":{"0":1,"1":0},"b":{"0":[1,1],"1":[1,1],"2":[1,0],"3":[1,0],"4":[1,1],"5":[0]},"_coverageSchema":"1a1c01bbd47fc00a2c39e90264f33305004495a9","hash":"e03c1d6df9b00e195fa78f6539b82128c16cfe1d"}
,"E:\\mpp\\backend\\src\\data\\ensureDefaultUsers.js": {"path":"E:\\mpp\\backend\\src\\data\\ensureDefaultUsers.js","statementMap":{"0":{"start":{"line":1,"column":17},"end":{"line":1,"column":37}},"1":{"start":{"line":4,"column":16},"end":{"line":4,"column":69}},"2":{"start":{"line":5,"column":19},"end":{"line":5,"column":69}},"3":{"start":{"line":6,"column":15},"end":{"line":6,"column":62}},"4":{"start":{"line":8,"column":2},"end":{"line":15,"column":3}},"5":{"start":{"line":9,"column":4},"end":{"line":12,"column":7}},"6":{"start":{"line":14,"column":4},"end":{"line":14,"column":52}},"7":{"start":{"line":18,"column":0},"end":{"line":18,"column":36}}},"fnMap":{"0":{"name":"ensureDefaultUsers","decl":{"start":{"line":3,"column":15},"end":{"line":3,"column":33}},"loc":{"start":{"line":3,"column":36},"end":{"line":16,"column":1}},"line":3}},"branchMap":{"0":{"loc":{"start":{"line":4,"column":16},"end":{"line":4,"column":69}},"type":"binary-expr","locations":[{"start":{"line":4,"column":16},"end":{"line":4,"column":46}},{"start":{"line":4,"column":50},"end":{"line":4,"column":69}}],"line":4},"1":{"loc":{"start":{"line":5,"column":19},"end":{"line":5,"column":69}},"type":"binary-expr","locations":[{"start":{"line":5,"column":19},"end":{"line":5,"column":52}},{"start":{"line":5,"column":56},"end":{"line":5,"column":69}}],"line":5},"2":{"loc":{"start":{"line":6,"column":15},"end":{"line":6,"column":62}},"type":"binary-expr","locations":[{"start":{"line":6,"column":15},"end":{"line":6,"column":44}},{"start":{"line":6,"column":48},"end":{"line":6,"column":62}}],"line":6}},"s":{"0":0,"1":0,"2":0,"3":0,"4":0,"5":0,"6":0,"7":0},"f":{"0":0},"b":{"0":[0,0],"1":[0,0],"2":[0,0]}}
,"E:\\mpp\\backend\\src\\data\\logging.js": {"path":"E:\\mpp\\backend\\src\\data\\logging.js","statementMap":{"0":{"start":{"line":1,"column":22},"end":{"line":1,"column":42}},"1":{"start":{"line":4,"column":2},"end":{"line":4,"column":29}},"2":{"start":{"line":4,"column":15},"end":{"line":4,"column":29}},"3":{"start":{"line":5,"column":2},"end":{"line":12,"column":3}},"4":{"start":{"line":6,"column":14},"end":{"line":6,"column":41}},"5":{"start":{"line":7,"column":4},"end":{"line":7,"column":26}},"6":{"start":{"line":7,"column":12},"end":{"line":7,"column":26}},"7":{"start":{"line":8,"column":18},"end":{"line":8,"column":52}},"8":{"start":{"line":8,"column":49},"end":{"line":8,"column":51}},"9":{"start":{"line":9,"column":4},"end":{"line":9,"column":66}},"10":{"start":{"line":9,"column":27},"end":{"line":9,"column":45}},"11":{"start":{"line":11,"column":4},"end":{"line":11,"column":18}},"12":{"start":{"line":16,"column":2},"end":{"line":16,"column":27}},"13":{"start":{"line":16,"column":15},"end":{"line":16,"column":27}},"14":{"start":{"line":17,"column":14},"end":{"line":17,"column":53}},"15":{"start":{"line":18,"column":18},"end":{"line":22,"column":3}},"16":{"start":{"line":24,"column":2},"end":{"line":33,"column":3}},"17":{"start":{"line":25,"column":4},"end":{"line":30,"column":7}},"18":{"start":{"line":32,"column":4},"end":{"line":32,"column":16}},"19":{"start":{"line":36,"column":0},"end":{"line":36,"column":47}}},"fnMap":{"0":{"name":"resolveGroupId","decl":{"start":{"line":3,"column":15},"end":{"line":3,"column":29}},"loc":{"start":{"line":3,"column":38},"end":{"line":13,"column":1}},"line":3},"1":{"name":"(anonymous_1)","decl":{"start":{"line":8,"column":43},"end":{"line":8,"column":44}},"loc":{"start":{"line":8,"column":49},"end":{"line":8,"column":51}},"line":8},"2":{"name":"(anonymous_2)","decl":{"start":{"line":9,"column":22},"end":{"line":9,"column":23}},"loc":{"start":{"line":9,"column":27},"end":{"line":9,"column":45}},"line":9},"3":{"name":"logAction","decl":{"start":{"line":15,"column":15},"end":{"line":15,"column":24}},"loc":{"start":{"line":15,"column":72},"end":{"line":34,"column":1}},"line":15}},"branchMap":{"0":{"loc":{"start":{"line":4,"column":2},"end":{"line":4,"column":29}},"type":"if","locations":[{"start":{"line":4,"column":2},"end":{"line":4,"column":29}},{"start":{},"end":{}}],"line":4},"1":{"loc":{"start":{"line":7,"column":4},"end":{"line":7,"column":26}},"type":"if","locations":[{"start":{"line":7,"column":4},"end":{"line":7,"column":26}},{"start":{},"end":{}}],"line":7},"2":{"loc":{"start":{"line":9,"column":11},"end":{"line":9,"column":65}},"type":"cond-expr","locations":[{"start":{"line":9,"column":49},"end":{"line":9,"column":56}},{"start":{"line":9,"column":59},"end":{"line":9,"column":65}}],"line":9},"3":{"loc":{"start":{"line":16,"column":2},"end":{"line":16,"column":27}},"type":"if","locations":[{"start":{"line":16,"column":2},"end":{"line":16,"column":27}},{"start":{},"end":{}}],"line":16},"4":{"loc":{"start":{"line":17,"column":14},"end":{"line":17,"column":53}},"type":"binary-expr","locations":[{"start":{"line":17,"column":14},"end":{"line":17,"column":21}},{"start":{"line":17,"column":25},"end":{"line":17,"column":53}}],"line":17},"5":{"loc":{"start":{"line":19,"column":16},"end":{"line":19,"column":36}},"type":"binary-expr","locations":[{"start":{"line":19,"column":16},"end":{"line":19,"column":26}},{"start":{"line":19,"column":30},"end":{"line":19,"column":36}}],"line":19},"6":{"loc":{"start":{"line":21,"column":8},"end":{"line":21,"column":18}},"type":"binary-expr","locations":[{"start":{"line":21,"column":8},"end":{"line":21,"column":12}},{"start":{"line":21,"column":16},"end":{"line":21,"column":18}}],"line":21},"7":{"loc":{"start":{"line":26,"column":14},"end":{"line":26,"column":44}},"type":"cond-expr","locations":[{"start":{"line":26,"column":23},"end":{"line":26,"column":37}},{"start":{"line":26,"column":40},"end":{"line":26,"column":44}}],"line":26}},"s":{"0":0,"1":0,"2":0,"3":0,"4":0,"5":0,"6":0,"7":0,"8":0,"9":0,"10":0,"11":0,"12":0,"13":0,"14":0,"15":0,"16":0,"17":0,"18":0,"19":0},"f":{"0":0,"1":0,"2":0,"3":0},"b":{"0":[0,0],"1":[0,0],"2":[0,0],"3":[0,0],"4":[0,0],"5":[0,0],"6":[0,0],"7":[0,0]}}
,"E:\\mpp\\backend\\src\\data\\sessions.js": {"path":"E:\\mpp\\backend\\src\\data\\sessions.js","statementMap":{"0":{"start":{"line":1,"column":20},"end":{"line":1,"column":40}},"1":{"start":{"line":2,"column":23},"end":{"line":2,"column":38}},"2":{"start":{"line":5,"column":23},"end":{"line":5,"column":31}},"3":{"start":{"line":6,"column":18},"end":{"line":6,"column":89}},"4":{"start":{"line":7,"column":12},"end":{"line":7,"column":41}},"5":{"start":{"line":8,"column":2},"end":{"line":8,"column":11}},"6":{"start":{"line":12,"column":2},"end":{"line":12,"column":26}},"7":{"start":{"line":12,"column":14},"end":{"line":12,"column":26}},"8":{"start":{"line":13,"column":2},"end":{"line":13,"column":67}},"9":{"start":{"line":17,"column":12},"end":{"line":17,"column":38}},"10":{"start":{"line":18,"column":2},"end":{"line":18,"column":22}},"11":{"start":{"line":18,"column":10},"end":{"line":18,"column":22}},"12":{"start":{"line":19,"column":2},"end":{"line":19,"column":30}},"13":{"start":{"line":20,"column":2},"end":{"line":20,"column":17}},"14":{"start":{"line":21,"column":2},"end":{"line":21,"column":11}},"15":{"start":{"line":25,"column":12},"end":{"line":25,"column":38}},"16":{"start":{"line":26,"column":2},"end":{"line":26,"column":23}},"17":{"start":{"line":26,"column":10},"end":{"line":26,"column":23}},"18":{"start":{"line":27,"column":2},"end":{"line":27,"column":20}},"19":{"start":{"line":28,"column":2},"end":{"line":28,"column":14}},"20":{"start":{"line":31,"column":0},"end":{"line":31,"column":97}}},"fnMap":{"0":{"name":"createSession","decl":{"start":{"line":4,"column":15},"end":{"line":4,"column":28}},"loc":{"start":{"line":4,"column":48},"end":{"line":9,"column":1}},"line":4},"1":{"name":"findSessionByToken","decl":{"start":{"line":11,"column":15},"end":{"line":11,"column":33}},"loc":{"start":{"line":11,"column":41},"end":{"line":14,"column":1}},"line":11},"2":{"name":"updateSessionActivity","decl":{"start":{"line":16,"column":15},"end":{"line":16,"column":36}},"loc":{"start":{"line":16,"column":41},"end":{"line":22,"column":1}},"line":16},"3":{"name":"invalidateSession","decl":{"start":{"line":24,"column":15},"end":{"line":24,"column":32}},"loc":{"start":{"line":24,"column":37},"end":{"line":29,"column":1}},"line":24}},"branchMap":{"0":{"loc":{"start":{"line":4,"column":37},"end":{"line":4,"column":46}},"type":"default-arg","locations":[{"start":{"line":4,"column":44},"end":{"line":4,"column":46}}],"line":4},"1":{"loc":{"start":{"line":12,"column":2},"end":{"line":12,"column":26}},"type":"if","locations":[{"start":{"line":12,"column":2},"end":{"line":12,"column":26}},{"start":{},"end":{}}],"line":12},"2":{"loc":{"start":{"line":18,"column":2},"end":{"line":18,"column":22}},"type":"if","locations":[{"start":{"line":18,"column":2},"end":{"line":18,"column":22}},{"start":{},"end":{}}],"line":18},"3":{"loc":{"start":{"line":26,"column":2},"end":{"line":26,"column":23}},"type":"if","locations":[{"start":{"line":26,"column":2},"end":{"line":26,"column":23}},{"start":{},"end":{}}],"line":26}},"s":{"0":0,"1":0,"2":0,"3":0,"4":0,"5":0,"6":0,"7":0,"8":0,"9":0,"10":0,"11":0,"12":0,"13":0,"14":0,"15":0,"16":0,"17":0,"18":0,"19":0,"20":0},"f":{"0":0,"1":0,"2":0,"3":0},"b":{"0":[0],"1":[0,0],"2":[0,0],"3":[0,0]}}
,"E:\\mpp\\backend\\src\\data\\store.js": {"path":"E:\\mpp\\backend\\src\\data\\store.js","statementMap":{"0":{"start":{"line":1,"column":15},"end":{"line":1,"column":35}},"1":{"start":{"line":2,"column":66},"end":{"line":2,"column":86}},"2":{"start":{"line":4,"column":24},"end":{"line":17,"column":1}},"3":{"start":{"line":20,"column":2},"end":{"line":20,"column":40}},"4":{"start":{"line":24,"column":16},"end":{"line":24,"column":65}},"5":{"start":{"line":24,"column":62},"end":{"line":24,"column":64}},"6":{"start":{"line":25,"column":2},"end":{"line":25,"column":40}},"7":{"start":{"line":27,"column":2},"end":{"line":31,"column":3}},"8":{"start":{"line":28,"column":20},"end":{"line":28,"column":93}},"9":{"start":{"line":29,"column":4},"end":{"line":29,"column":61}},"10":{"start":{"line":30,"column":4},"end":{"line":30,"column":55}},"11":{"start":{"line":35,"column":16},"end":{"line":35,"column":62}},"12":{"start":{"line":35,"column":44},"end":{"line":35,"column":60}},"13":{"start":{"line":36,"column":2},"end":{"line":36,"column":37}},"14":{"start":{"line":40,"column":16},"end":{"line":40,"column":49}},"15":{"start":{"line":41,"column":18},"end":{"line":41,"column":53}},"16":{"start":{"line":42,"column":2},"end":{"line":42,"column":59}},"17":{"start":{"line":42,"column":24},"end":{"line":42,"column":59}},"18":{"start":{"line":43,"column":17},"end":{"line":43,"column":55}},"19":{"start":{"line":44,"column":2},"end":{"line":44,"column":91}},"20":{"start":{"line":44,"column":14},"end":{"line":44,"column":91}},"21":{"start":{"line":45,"column":2},"end":{"line":45,"column":101}},"22":{"start":{"line":45,"column":16},"end":{"line":45,"column":101}},"23":{"start":{"line":46,"column":12},"end":{"line":46,"column":45}},"24":{"start":{"line":47,"column":12},"end":{"line":47,"column":47}},"25":{"start":{"line":48,"column":2},"end":{"line":48,"column":34}},"26":{"start":{"line":52,"column":18},"end":{"line":52,"column":60}},"27":{"start":{"line":53,"column":2},"end":{"line":53,"column":57}},"28":{"start":{"line":57,"column":16},"end":{"line":57,"column":18}},"29":{"start":{"line":58,"column":2},"end":{"line":58,"column":36}},"30":{"start":{"line":58,"column":14},"end":{"line":58,"column":36}},"31":{"start":{"line":59,"column":2},"end":{"line":59,"column":36}},"32":{"start":{"line":59,"column":14},"end":{"line":59,"column":36}},"33":{"start":{"line":60,"column":2},"end":{"line":60,"column":42}},"34":{"start":{"line":60,"column":16},"end":{"line":60,"column":42}},"35":{"start":{"line":61,"column":2},"end":{"line":66,"column":3}},"36":{"start":{"line":62,"column":4},"end":{"line":65,"column":6}},"37":{"start":{"line":68,"column":16},"end":{"line":68,"column":18}},"38":{"start":{"line":69,"column":16},"end":{"line":69,"column":40}},"39":{"start":{"line":70,"column":2},"end":{"line":75,"column":3}},"40":{"start":{"line":71,"column":9},"end":{"line":75,"column":3}},"41":{"start":{"line":72,"column":4},"end":{"line":72,"column":33}},"42":{"start":{"line":74,"column":4},"end":{"line":74,"column":36}},"43":{"start":{"line":77,"column":2},"end":{"line":84,"column":3}},"44":{"start":{"line":78,"column":18},"end":{"line":78,"column":60}},"45":{"start":{"line":79,"column":4},"end":{"line":82,"column":5}},"46":{"start":{"line":80,"column":23},"end":{"line":80,"column":53}},"47":{"start":{"line":81,"column":6},"end":{"line":81,"column":86}},"48":{"start":{"line":81,"column":27},"end":{"line":81,"column":84}},"49":{"start":{"line":83,"column":4},"end":{"line":83,"column":66}},"50":{"start":{"line":86,"column":19},"end":{"line":86,"column":51}},"51":{"start":{"line":87,"column":23},"end":{"line":87,"column":64}},"52":{"start":{"line":88,"column":26},"end":{"line":88,"column":136}},"53":{"start":{"line":89,"column":14},"end":{"line":89,"column":18}},"54":{"start":{"line":90,"column":2},"end":{"line":93,"column":3}},"55":{"start":{"line":91,"column":21},"end":{"line":91,"column":51}},"56":{"start":{"line":92,"column":4},"end":{"line":92,"column":92}},"57":{"start":{"line":92,"column":33},"end":{"line":92,"column":90}},"58":{"start":{"line":94,"column":21},"end":{"line":94,"column":65}},"59":{"start":{"line":95,"column":2},"end":{"line":95,"column":61}},"60":{"start":{"line":99,"column":16},"end":{"line":99,"column":34}},"61":{"start":{"line":100,"column":2},"end":{"line":100,"column":36}},"62":{"start":{"line":100,"column":14},"end":{"line":100,"column":36}},"63":{"start":{"line":101,"column":2},"end":{"line":101,"column":53}},"64":{"start":{"line":105,"column":18},"end":{"line":105,"column":114}},"65":{"start":{"line":106,"column":18},"end":{"line":106,"column":50}},"66":{"start":{"line":107,"column":2},"end":{"line":107,"column":17}},"67":{"start":{"line":111,"column":16},"end":{"line":111,"column":34}},"68":{"start":{"line":112,"column":2},"end":{"line":112,"column":36}},"69":{"start":{"line":112,"column":14},"end":{"line":112,"column":36}},"70":{"start":{"line":113,"column":15},"end":{"line":113,"column":50}},"71":{"start":{"line":114,"column":2},"end":{"line":114,"column":25}},"72":{"start":{"line":114,"column":13},"end":{"line":114,"column":25}},"73":{"start":{"line":115,"column":2},"end":{"line":115,"column":28}},"74":{"start":{"line":116,"column":2},"end":{"line":116,"column":14}},"75":{"start":{"line":120,"column":16},"end":{"line":120,"column":34}},"76":{"start":{"line":121,"column":2},"end":{"line":121,"column":36}},"77":{"start":{"line":121,"column":14},"end":{"line":121,"column":36}},"78":{"start":{"line":122,"column":20},"end":{"line":122,"column":55}},"79":{"start":{"line":123,"column":2},"end":{"line":123,"column":23}},"80":{"start":{"line":127,"column":20},"end":{"line":127,"column":22}},"81":{"start":{"line":128,"column":2},"end":{"line":128,"column":40}},"82":{"start":{"line":128,"column":14},"end":{"line":128,"column":40}},"83":{"start":{"line":129,"column":16},"end":{"line":129,"column":60}},"84":{"start":{"line":130,"column":22},"end":{"line":130,"column":96}},"85":{"start":{"line":131,"column":22},"end":{"line":131,"column":96}},"86":{"start":{"line":132,"column":20},"end":{"line":132,"column":92}},"87":{"start":{"line":133,"column":16},"end":{"line":133,"column":26}},"88":{"start":{"line":134,"column":19},"end":{"line":134,"column":83}},"89":{"start":{"line":135,"column":18},"end":{"line":135,"column":136}},"90":{"start":{"line":136,"column":2},"end":{"line":136,"column":65}},"91":{"start":{"line":140,"column":2},"end":{"line":140,"column":50}},"92":{"start":{"line":143,"column":15},"end":{"line":143,"column":34}},"93":{"start":{"line":144,"column":20},"end":{"line":144,"column":64}},"94":{"start":{"line":147,"column":15},"end":{"line":147,"column":55}},"95":{"start":{"line":148,"column":15},"end":{"line":148,"column":65}},"96":{"start":{"line":149,"column":2},"end":{"line":149,"column":40}},"97":{"start":{"line":150,"column":2},"end":{"line":150,"column":34}},"98":{"start":{"line":151,"column":2},"end":{"line":151,"column":14}},"99":{"start":{"line":155,"column":15},"end":{"line":155,"column":43}},"100":{"start":{"line":156,"column":2},"end":{"line":156,"column":25}},"101":{"start":{"line":156,"column":13},"end":{"line":156,"column":25}},"102":{"start":{"line":157,"column":15},"end":{"line":157,"column":58}},"103":{"start":{"line":158,"column":2},"end":{"line":158,"column":40}},"104":{"start":{"line":159,"column":2},"end":{"line":159,"column":14}},"105":{"start":{"line":163,"column":16},"end":{"line":163,"column":49}},"106":{"start":{"line":164,"column":18},"end":{"line":164,"column":53}},"107":{"start":{"line":165,"column":2},"end":{"line":165,"column":59}},"108":{"start":{"line":165,"column":24},"end":{"line":165,"column":59}},"109":{"start":{"line":166,"column":2},"end":{"line":166,"column":34}},"110":{"start":{"line":170,"column":29},"end":{"line":170,"column":34}},"111":{"start":{"line":171,"column":12},"end":{"line":171,"column":45}},"112":{"start":{"line":172,"column":2},"end":{"line":173,"column":115}},"113":{"start":{"line":172,"column":9},"end":{"line":172,"column":100}},"114":{"start":{"line":173,"column":7},"end":{"line":173,"column":115}},"115":{"start":{"line":175,"column":12},"end":{"line":175,"column":47}},"116":{"start":{"line":176,"column":2},"end":{"line":177,"column":139}},"117":{"start":{"line":176,"column":9},"end":{"line":176,"column":122}},"118":{"start":{"line":177,"column":7},"end":{"line":177,"column":139}},"119":{"start":{"line":179,"column":2},"end":{"line":179,"column":31}},"120":{"start":{"line":182,"column":0},"end":{"line":197,"column":2}}},"fnMap":{"0":{"name":"resetStore","decl":{"start":{"line":19,"column":15},"end":{"line":19,"column":25}},"loc":{"start":{"line":19,"column":28},"end":{"line":21,"column":1}},"line":19},"1":{"name":"resetStorePreserveUsers","decl":{"start":{"line":23,"column":15},"end":{"line":23,"column":38}},"loc":{"start":{"line":23,"column":41},"end":{"line":32,"column":1}},"line":23},"2":{"name":"(anonymous_2)","decl":{"start":{"line":24,"column":56},"end":{"line":24,"column":57}},"loc":{"start":{"line":24,"column":62},"end":{"line":24,"column":64}},"line":24},"3":{"name":"(anonymous_3)","decl":{"start":{"line":29,"column":51},"end":{"line":29,"column":52}},"loc":{"start":{"line":29,"column":57},"end":{"line":29,"column":59}},"line":29},"4":{"name":"(anonymous_4)","decl":{"start":{"line":30,"column":45},"end":{"line":30,"column":46}},"loc":{"start":{"line":30,"column":51},"end":{"line":30,"column":53}},"line":30},"5":{"name":"seedAssignmentsForUser","decl":{"start":{"line":34,"column":15},"end":{"line":34,"column":37}},"loc":{"start":{"line":34,"column":46},"end":{"line":37,"column":1}},"line":34},"6":{"name":"(anonymous_6)","decl":{"start":{"line":35,"column":36},"end":{"line":35,"column":37}},"loc":{"start":{"line":35,"column":44},"end":{"line":35,"column":60}},"line":35},"7":{"name":"ensureFocusStats","decl":{"start":{"line":39,"column":15},"end":{"line":39,"column":31}},"loc":{"start":{"line":39,"column":40},"end":{"line":49,"column":1}},"line":39},"8":{"name":"normalizeSort","decl":{"start":{"line":51,"column":9},"end":{"line":51,"column":22}},"loc":{"start":{"line":51,"column":34},"end":{"line":54,"column":1}},"line":51},"9":{"name":"listAssignments","decl":{"start":{"line":56,"column":15},"end":{"line":56,"column":30}},"loc":{"start":{"line":56,"column":101},"end":{"line":96,"column":1}},"line":56},"10":{"name":"(anonymous_10)","decl":{"start":{"line":81,"column":17},"end":{"line":81,"column":18}},"loc":{"start":{"line":81,"column":27},"end":{"line":81,"column":84}},"line":81},"11":{"name":"(anonymous_11)","decl":{"start":{"line":92,"column":23},"end":{"line":92,"column":24}},"loc":{"start":{"line":92,"column":33},"end":{"line":92,"column":90}},"line":92},"12":{"name":"getAssignmentById","decl":{"start":{"line":98,"column":15},"end":{"line":98,"column":32}},"loc":{"start":{"line":98,"column":45},"end":{"line":102,"column":1}},"line":98},"13":{"name":"addAssignment","decl":{"start":{"line":104,"column":15},"end":{"line":104,"column":28}},"loc":{"start":{"line":104,"column":45},"end":{"line":108,"column":1}},"line":104},"14":{"name":"updateAssignment","decl":{"start":{"line":110,"column":15},"end":{"line":110,"column":31}},"loc":{"start":{"line":110,"column":52},"end":{"line":117,"column":1}},"line":110},"15":{"name":"deleteAssignment","decl":{"start":{"line":119,"column":15},"end":{"line":119,"column":31}},"loc":{"start":{"line":119,"column":44},"end":{"line":124,"column":1}},"line":119},"16":{"name":"getSummary","decl":{"start":{"line":126,"column":15},"end":{"line":126,"column":25}},"loc":{"start":{"line":126,"column":34},"end":{"line":137,"column":1}},"line":126},"17":{"name":"findUserByEmail","decl":{"start":{"line":139,"column":15},"end":{"line":139,"column":30}},"loc":{"start":{"line":139,"column":38},"end":{"line":141,"column":1}},"line":139},"18":{"name":"addUser","decl":{"start":{"line":146,"column":15},"end":{"line":146,"column":22}},"loc":{"start":{"line":146,"column":50},"end":{"line":152,"column":1}},"line":146},"19":{"name":"updateUserPassword","decl":{"start":{"line":154,"column":15},"end":{"line":154,"column":33}},"loc":{"start":{"line":154,"column":54},"end":{"line":160,"column":1}},"line":154},"20":{"name":"getFocusStats","decl":{"start":{"line":162,"column":15},"end":{"line":162,"column":28}},"loc":{"start":{"line":162,"column":37},"end":{"line":167,"column":1}},"line":162},"21":{"name":"setFocusStats","decl":{"start":{"line":169,"column":15},"end":{"line":169,"column":28}},"loc":{"start":{"line":169,"column":44},"end":{"line":180,"column":1}},"line":169}},"branchMap":{"0":{"loc":{"start":{"line":27,"column":18},"end":{"line":27,"column":29}},"type":"binary-expr","locations":[{"start":{"line":27,"column":18},"end":{"line":27,"column":23}},{"start":{"line":27,"column":27},"end":{"line":27,"column":29}}],"line":27},"1":{"loc":{"start":{"line":42,"column":2},"end":{"line":42,"column":59}},"type":"if","locations":[{"start":{"line":42,"column":2},"end":{"line":42,"column":59}},{"start":{},"end":{}}],"line":42},"2":{"loc":{"start":{"line":42,"column":6},"end":{"line":42,"column":22}},"type":"binary-expr","locations":[{"start":{"line":42,"column":6},"end":{"line":42,"column":11}},{"start":{"line":42,"column":15},"end":{"line":42,"column":22}}],"line":42},"3":{"loc":{"start":{"line":44,"column":2},"end":{"line":44,"column":91}},"type":"if","locations":[{"start":{"line":44,"column":2},"end":{"line":44,"column":91}},{"start":{},"end":{}}],"line":44},"4":{"loc":{"start":{"line":45,"column":2},"end":{"line":45,"column":101}},"type":"if","locations":[{"start":{"line":45,"column":2},"end":{"line":45,"column":101}},{"start":{},"end":{}}],"line":45},"5":{"loc":{"start":{"line":53,"column":9},"end":{"line":53,"column":56}},"type":"cond-expr","locations":[{"start":{"line":53,"column":34},"end":{"line":53,"column":43}},{"start":{"line":53,"column":46},"end":{"line":53,"column":56}}],"line":53},"6":{"loc":{"start":{"line":58,"column":2},"end":{"line":58,"column":36}},"type":"if","locations":[{"start":{"line":58,"column":2},"end":{"line":58,"column":36}},{"start":{},"end":{}}],"line":58},"7":{"loc":{"start":{"line":59,"column":2},"end":{"line":59,"column":36}},"type":"if","locations":[{"start":{"line":59,"column":2},"end":{"line":59,"column":36}},{"start":{},"end":{}}],"line":59},"8":{"loc":{"start":{"line":60,"column":2},"end":{"line":60,"column":42}},"type":"if","locations":[{"start":{"line":60,"column":2},"end":{"line":60,"column":42}},{"start":{},"end":{}}],"line":60},"9":{"loc":{"start":{"line":61,"column":2},"end":{"line":66,"column":3}},"type":"if","locations":[{"start":{"line":61,"column":2},"end":{"line":66,"column":3}},{"start":{},"end":{}}],"line":61},"10":{"loc":{"start":{"line":70,"column":2},"end":{"line":75,"column":3}},"type":"if","locations":[{"start":{"line":70,"column":2},"end":{"line":75,"column":3}},{"start":{"line":71,"column":9},"end":{"line":75,"column":3}}],"line":70},"11":{"loc":{"start":{"line":71,"column":9},"end":{"line":75,"column":3}},"type":"if","locations":[{"start":{"line":71,"column":9},"end":{"line":75,"column":3}},{"start":{"line":73,"column":9},"end":{"line":75,"column":3}}],"line":71},"12":{"loc":{"start":{"line":77,"column":2},"end":{"line":84,"column":3}},"type":"if","locations":[{"start":{"line":77,"column":2},"end":{"line":84,"column":3}},{"start":{},"end":{}}],"line":77},"13":{"loc":{"start":{"line":79,"column":4},"end":{"line":82,"column":5}},"type":"if","locations":[{"start":{"line":79,"column":4},"end":{"line":82,"column":5}},{"start":{},"end":{}}],"line":79},"14":{"loc":{"start":{"line":81,"column":28},"end":{"line":81,"column":53}},"type":"binary-expr","locations":[{"start":{"line":81,"column":28},"end":{"line":81,"column":48}},{"start":{"line":81,"column":52},"end":{"line":81,"column":53}}],"line":81},"15":{"loc":{"start":{"line":81,"column":58},"end":{"line":81,"column":83}},"type":"binary-expr","locations":[{"start":{"line":81,"column":58},"end":{"line":81,"column":78}},{"start":{"line":81,"column":82},"end":{"line":81,"column":83}}],"line":81},"16":{"loc":{"start":{"line":86,"column":19},"end":{"line":86,"column":51}},"type":"cond-expr","locations":[{"start":{"line":86,"column":43},"end":{"line":86,"column":47}},{"start":{"line":86,"column":50},"end":{"line":86,"column":51}}],"line":86},"17":{"loc":{"start":{"line":87,"column":23},"end":{"line":87,"column":64}},"type":"cond-expr","locations":[{"start":{"line":87,"column":51},"end":{"line":87,"column":59}},{"start":{"line":87,"column":62},"end":{"line":87,"column":64}}],"line":87},"18":{"loc":{"start":{"line":90,"column":2},"end":{"line":93,"column":3}},"type":"if","locations":[{"start":{"line":90,"column":2},"end":{"line":93,"column":3}},{"start":{},"end":{}}],"line":90},"19":{"loc":{"start":{"line":92,"column":34},"end":{"line":92,"column":59}},"type":"binary-expr","locations":[{"start":{"line":92,"column":34},"end":{"line":92,"column":54}},{"start":{"line":92,"column":58},"end":{"line":92,"column":59}}],"line":92},"20":{"loc":{"start":{"line":92,"column":64},"end":{"line":92,"column":89}},"type":"binary-expr","locations":[{"start":{"line":92,"column":64},"end":{"line":92,"column":84}},{"start":{"line":92,"column":88},"end":{"line":92,"column":89}}],"line":92},"21":{"loc":{"start":{"line":100,"column":2},"end":{"line":100,"column":36}},"type":"if","locations":[{"start":{"line":100,"column":2},"end":{"line":100,"column":36}},{"start":{},"end":{}}],"line":100},"22":{"loc":{"start":{"line":101,"column":9},"end":{"line":101,"column":52}},"type":"binary-expr","locations":[{"start":{"line":101,"column":9},"end":{"line":101,"column":44}},{"start":{"line":101,"column":48},"end":{"line":101,"column":52}}],"line":101},"23":{"loc":{"start":{"line":105,"column":52},"end":{"line":105,"column":111}},"type":"binary-expr","locations":[{"start":{"line":105,"column":52},"end":{"line":105,"column":69}},{"start":{"line":105,"column":73},"end":{"line":105,"column":111}}],"line":105},"24":{"loc":{"start":{"line":112,"column":2},"end":{"line":112,"column":36}},"type":"if","locations":[{"start":{"line":112,"column":2},"end":{"line":112,"column":36}},{"start":{},"end":{}}],"line":112},"25":{"loc":{"start":{"line":114,"column":2},"end":{"line":114,"column":25}},"type":"if","locations":[{"start":{"line":114,"column":2},"end":{"line":114,"column":25}},{"start":{},"end":{}}],"line":114},"26":{"loc":{"start":{"line":121,"column":2},"end":{"line":121,"column":36}},"type":"if","locations":[{"start":{"line":121,"column":2},"end":{"line":121,"column":36}},{"start":{},"end":{}}],"line":121},"27":{"loc":{"start":{"line":128,"column":2},"end":{"line":128,"column":40}},"type":"if","locations":[{"start":{"line":128,"column":2},"end":{"line":128,"column":40}},{"start":{},"end":{}}],"line":128},"28":{"loc":{"start":{"line":144,"column":20},"end":{"line":144,"column":64}},"type":"binary-expr","locations":[{"start":{"line":144,"column":20},"end":{"line":144,"column":58}},{"start":{"line":144,"column":62},"end":{"line":144,"column":64}}],"line":144},"29":{"loc":{"start":{"line":156,"column":2},"end":{"line":156,"column":25}},"type":"if","locations":[{"start":{"line":156,"column":2},"end":{"line":156,"column":25}},{"start":{},"end":{}}],"line":156},"30":{"loc":{"start":{"line":165,"column":2},"end":{"line":165,"column":59}},"type":"if","locations":[{"start":{"line":165,"column":2},"end":{"line":165,"column":59}},{"start":{},"end":{}}],"line":165},"31":{"loc":{"start":{"line":165,"column":6},"end":{"line":165,"column":22}},"type":"binary-expr","locations":[{"start":{"line":165,"column":6},"end":{"line":165,"column":11}},{"start":{"line":165,"column":15},"end":{"line":165,"column":22}}],"line":165},"32":{"loc":{"start":{"line":172,"column":2},"end":{"line":173,"column":115}},"type":"if","locations":[{"start":{"line":172,"column":2},"end":{"line":173,"column":115}},{"start":{"line":173,"column":7},"end":{"line":173,"column":115}}],"line":172},"33":{"loc":{"start":{"line":176,"column":2},"end":{"line":177,"column":139}},"type":"if","locations":[{"start":{"line":176,"column":2},"end":{"line":177,"column":139}},{"start":{"line":177,"column":7},"end":{"line":177,"column":139}}],"line":176}},"s":{"0":0,"1":0,"2":0,"3":0,"4":0,"5":0,"6":0,"7":0,"8":0,"9":0,"10":0,"11":0,"12":0,"13":0,"14":0,"15":0,"16":0,"17":0,"18":0,"19":0,"20":0,"21":0,"22":0,"23":0,"24":0,"25":0,"26":0,"27":0,"28":0,"29":0,"30":0,"31":0,"32":0,"33":0,"34":0,"35":0,"36":0,"37":0,"38":0,"39":0,"40":0,"41":0,"42":0,"43":0,"44":0,"45":0,"46":0,"47":0,"48":0,"49":0,"50":0,"51":0,"52":0,"53":0,"54":0,"55":0,"56":0,"57":0,"58":0,"59":0,"60":0,"61":0,"62":0,"63":0,"64":0,"65":0,"66":0,"67":0,"68":0,"69":0,"70":0,"71":0,"72":0,"73":0,"74":0,"75":0,"76":0,"77":0,"78":0,"79":0,"80":0,"81":0,"82":0,"83":0,"84":0,"85":0,"86":0,"87":0,"88":0,"89":0,"90":0,"91":0,"92":0,"93":0,"94":0,"95":0,"96":0,"97":0,"98":0,"99":0,"100":0,"101":0,"102":0,"103":0,"104":0,"105":0,"106":0,"107":0,"108":0,"109":0,"110":0,"111":0,"112":0,"113":0,"114":0,"115":0,"116":0,"117":0,"118":0,"119":0,"120":0},"f":{"0":0,"1":0,"2":0,"3":0,"4":0,"5":0,"6":0,"7":0,"8":0,"9":0,"10":0,"11":0,"12":0,"13":0,"14":0,"15":0,"16":0,"17":0,"18":0,"19":0,"20":0,"21":0},"b":{"0":[0,0],"1":[0,0],"2":[0,0],"3":[0,0],"4":[0,0],"5":[0,0],"6":[0,0],"7":[0,0],"8":[0,0],"9":[0,0],"10":[0,0],"11":[0,0],"12":[0,0],"13":[0,0],"14":[0,0],"15":[0,0],"16":[0,0],"17":[0,0],"18":[0,0],"19":[0,0],"20":[0,0],"21":[0,0],"22":[0,0],"23":[0,0],"24":[0,0],"25":[0,0],"26":[0,0],"27":[0,0],"28":[0,0],"29":[0,0],"30":[0,0],"31":[0,0],"32":[0,0],"33":[0,0]}}
,"E:\\mpp\\backend\\src\\graphql\\resolvers.js": {"path":"E:\\mpp\\backend\\src\\graphql\\resolvers.js","statementMap":{"0":{"start":{"line":13,"column":4},"end":{"line":13,"column":28}},"1":{"start":{"line":14,"column":35},"end":{"line":14,"column":55}},"2":{"start":{"line":15,"column":22},"end":{"line":15,"column":48}},"3":{"start":{"line":16,"column":31},"end":{"line":16,"column":75}},"4":{"start":{"line":21,"column":4},"end":{"line":21,"column":42}},"5":{"start":{"line":22,"column":31},"end":{"line":22,"column":64}},"6":{"start":{"line":25,"column":2},"end":{"line":25,"column":80}},"7":{"start":{"line":25,"column":59},"end":{"line":25,"column":77}},"8":{"start":{"line":29,"column":2},"end":{"line":29,"column":25}},"9":{"start":{"line":29,"column":15},"end":{"line":29,"column":25}},"10":{"start":{"line":30,"column":12},"end":{"line":30,"column":39}},"11":{"start":{"line":31,"column":2},"end":{"line":31,"column":20}},"12":{"start":{"line":31,"column":10},"end":{"line":31,"column":20}},"13":{"start":{"line":32,"column":16},"end":{"line":32,"column":50}},"14":{"start":{"line":32,"column":47},"end":{"line":32,"column":49}},"15":{"start":{"line":33,"column":2},"end":{"line":33,"column":32}},"16":{"start":{"line":33,"column":24},"end":{"line":33,"column":30}},"17":{"start":{"line":37,"column":16},"end":{"line":37,"column":42}},"18":{"start":{"line":38,"column":2},"end":{"line":38,"column":52}},"19":{"start":{"line":42,"column":2},"end":{"line":42,"column":28}},"20":{"start":{"line":42,"column":15},"end":{"line":42,"column":28}},"21":{"start":{"line":43,"column":16},"end":{"line":43,"column":42}},"22":{"start":{"line":44,"column":2},"end":{"line":44,"column":33}},"23":{"start":{"line":48,"column":14},"end":{"line":48,"column":71}},"24":{"start":{"line":49,"column":2},"end":{"line":49,"column":21}},"25":{"start":{"line":53,"column":20},"end":{"line":53,"column":45}},"26":{"start":{"line":54,"column":2},"end":{"line":57,"column":3}},"27":{"start":{"line":55,"column":4},"end":{"line":55,"column":29}},"28":{"start":{"line":55,"column":22},"end":{"line":55,"column":29}},"29":{"start":{"line":56,"column":4},"end":{"line":56,"column":36}},"30":{"start":{"line":58,"column":2},"end":{"line":58,"column":57}},"31":{"start":{"line":58,"column":50},"end":{"line":58,"column":57}},"32":{"start":{"line":59,"column":13},"end":{"line":59,"column":41}},"33":{"start":{"line":60,"column":2},"end":{"line":60,"column":40}},"34":{"start":{"line":60,"column":11},"end":{"line":60,"column":40}},"35":{"start":{"line":64,"column":20},"end":{"line":64,"column":45}},"36":{"start":{"line":65,"column":2},"end":{"line":65,"column":50}},"37":{"start":{"line":65,"column":18},"end":{"line":65,"column":50}},"38":{"start":{"line":66,"column":13},"end":{"line":66,"column":41}},"39":{"start":{"line":67,"column":2},"end":{"line":67,"column":40}},"40":{"start":{"line":67,"column":11},"end":{"line":67,"column":40}},"41":{"start":{"line":71,"column":2},"end":{"line":71,"column":25}},"42":{"start":{"line":71,"column":13},"end":{"line":71,"column":25}},"43":{"start":{"line":72,"column":16},"end":{"line":72,"column":43}},"44":{"start":{"line":73,"column":2},"end":{"line":73,"column":68}},"45":{"start":{"line":77,"column":14},"end":{"line":77,"column":27}},"46":{"start":{"line":78,"column":2},"end":{"line":78,"column":43}},"47":{"start":{"line":82,"column":2},"end":{"line":82,"column":63}},"48":{"start":{"line":85,"column":18},"end":{"line":339,"column":1}},"49":{"start":{"line":87,"column":4},"end":{"line":87,"column":46}},"50":{"start":{"line":88,"column":15},"end":{"line":88,"column":31}},"51":{"start":{"line":89,"column":4},"end":{"line":91,"column":5}},"52":{"start":{"line":90,"column":6},"end":{"line":90,"column":61}},"53":{"start":{"line":92,"column":4},"end":{"line":101,"column":7}},"54":{"start":{"line":105,"column":4},"end":{"line":105,"column":46}},"55":{"start":{"line":106,"column":16},"end":{"line":106,"column":32}},"56":{"start":{"line":107,"column":4},"end":{"line":107,"column":26}},"57":{"start":{"line":107,"column":14},"end":{"line":107,"column":26}},"58":{"start":{"line":108,"column":16},"end":{"line":108,"column":28}},"59":{"start":{"line":109,"column":4},"end":{"line":109,"column":45}},"60":{"start":{"line":113,"column":4},"end":{"line":113,"column":46}},"61":{"start":{"line":114,"column":16},"end":{"line":114,"column":32}},"62":{"start":{"line":115,"column":4},"end":{"line":115,"column":92}},"63":{"start":{"line":115,"column":14},"end":{"line":115,"column":92}},"64":{"start":{"line":116,"column":4},"end":{"line":116,"column":33}},"65":{"start":{"line":120,"column":4},"end":{"line":120,"column":46}},"66":{"start":{"line":121,"column":16},"end":{"line":121,"column":32}},"67":{"start":{"line":122,"column":4},"end":{"line":124,"column":5}},"68":{"start":{"line":123,"column":6},"end":{"line":123,"column":147}},"69":{"start":{"line":125,"column":4},"end":{"line":125,"column":36}},"70":{"start":{"line":129,"column":19},"end":{"line":129,"column":79}},"71":{"start":{"line":130,"column":4},"end":{"line":132,"column":5}},"72":{"start":{"line":131,"column":6},"end":{"line":131,"column":58}},"73":{"start":{"line":134,"column":4},"end":{"line":136,"column":5}},"74":{"start":{"line":135,"column":6},"end":{"line":135,"column":99}},"75":{"start":{"line":138,"column":17},"end":{"line":142,"column":6}},"76":{"start":{"line":144,"column":4},"end":{"line":150,"column":7}},"77":{"start":{"line":153,"column":30},"end":{"line":153,"column":57}},"78":{"start":{"line":154,"column":32},"end":{"line":154,"column":55}},"79":{"start":{"line":155,"column":16},"end":{"line":155,"column":46}},"80":{"start":{"line":156,"column":4},"end":{"line":165,"column":5}},"81":{"start":{"line":157,"column":6},"end":{"line":164,"column":8}},"82":{"start":{"line":166,"column":20},"end":{"line":166,"column":48}},"83":{"start":{"line":167,"column":24},"end":{"line":167,"column":99}},"84":{"start":{"line":168,"column":4},"end":{"line":168,"column":103}},"85":{"start":{"line":172,"column":19},"end":{"line":172,"column":53}},"86":{"start":{"line":173,"column":4},"end":{"line":175,"column":5}},"87":{"start":{"line":174,"column":6},"end":{"line":174,"column":58}},"88":{"start":{"line":177,"column":19},"end":{"line":177,"column":38}},"89":{"start":{"line":178,"column":17},"end":{"line":178,"column":52}},"90":{"start":{"line":179,"column":4},"end":{"line":188,"column":5}},"91":{"start":{"line":180,"column":6},"end":{"line":186,"column":9}},"92":{"start":{"line":187,"column":6},"end":{"line":187,"column":97}},"93":{"start":{"line":190,"column":4},"end":{"line":196,"column":7}},"94":{"start":{"line":198,"column":30},"end":{"line":198,"column":57}},"95":{"start":{"line":199,"column":32},"end":{"line":199,"column":55}},"96":{"start":{"line":200,"column":16},"end":{"line":200,"column":46}},"97":{"start":{"line":201,"column":4},"end":{"line":210,"column":5}},"98":{"start":{"line":202,"column":6},"end":{"line":209,"column":8}},"99":{"start":{"line":211,"column":20},"end":{"line":211,"column":48}},"100":{"start":{"line":212,"column":24},"end":{"line":212,"column":99}},"101":{"start":{"line":213,"column":4},"end":{"line":213,"column":103}},"102":{"start":{"line":217,"column":19},"end":{"line":217,"column":99}},"103":{"start":{"line":218,"column":4},"end":{"line":220,"column":5}},"104":{"start":{"line":219,"column":6},"end":{"line":219,"column":58}},"105":{"start":{"line":222,"column":19},"end":{"line":222,"column":38}},"106":{"start":{"line":223,"column":17},"end":{"line":223,"column":52}},"107":{"start":{"line":224,"column":4},"end":{"line":226,"column":5}},"108":{"start":{"line":225,"column":6},"end":{"line":225,"column":86}},"109":{"start":{"line":227,"column":4},"end":{"line":229,"column":5}},"110":{"start":{"line":228,"column":6},"end":{"line":228,"column":111}},"111":{"start":{"line":231,"column":20},"end":{"line":231,"column":71}},"112":{"start":{"line":232,"column":4},"end":{"line":238,"column":7}},"113":{"start":{"line":239,"column":4},"end":{"line":239,"column":57}},"114":{"start":{"line":243,"column":4},"end":{"line":243,"column":46}},"115":{"start":{"line":244,"column":16},"end":{"line":244,"column":32}},"116":{"start":{"line":245,"column":4},"end":{"line":245,"column":65}},"117":{"start":{"line":245,"column":14},"end":{"line":245,"column":65}},"118":{"start":{"line":246,"column":19},"end":{"line":246,"column":50}},"119":{"start":{"line":247,"column":4},"end":{"line":249,"column":5}},"120":{"start":{"line":248,"column":6},"end":{"line":248,"column":64}},"121":{"start":{"line":251,"column":19},"end":{"line":258,"column":6}},"122":{"start":{"line":260,"column":4},"end":{"line":266,"column":7}},"123":{"start":{"line":268,"column":4},"end":{"line":268,"column":46}},"124":{"start":{"line":272,"column":4},"end":{"line":272,"column":46}},"125":{"start":{"line":273,"column":16},"end":{"line":273,"column":32}},"126":{"start":{"line":274,"column":4},"end":{"line":274,"column":65}},"127":{"start":{"line":274,"column":14},"end":{"line":274,"column":65}},"128":{"start":{"line":275,"column":16},"end":{"line":275,"column":28}},"129":{"start":{"line":276,"column":19},"end":{"line":276,"column":50}},"130":{"start":{"line":277,"column":4},"end":{"line":279,"column":5}},"131":{"start":{"line":278,"column":6},"end":{"line":278,"column":64}},"132":{"start":{"line":281,"column":20},"end":{"line":288,"column":6}},"133":{"start":{"line":290,"column":4},"end":{"line":292,"column":5}},"134":{"start":{"line":291,"column":6},"end":{"line":291,"column":95}},"135":{"start":{"line":294,"column":4},"end":{"line":300,"column":7}},"136":{"start":{"line":302,"column":4},"end":{"line":302,"column":47}},"137":{"start":{"line":306,"column":4},"end":{"line":306,"column":46}},"138":{"start":{"line":307,"column":16},"end":{"line":307,"column":32}},"139":{"start":{"line":308,"column":4},"end":{"line":308,"column":35}},"140":{"start":{"line":308,"column":14},"end":{"line":308,"column":35}},"141":{"start":{"line":309,"column":16},"end":{"line":309,"column":28}},"142":{"start":{"line":310,"column":15},"end":{"line":310,"column":47}},"143":{"start":{"line":311,"column":4},"end":{"line":317,"column":7}},"144":{"start":{"line":318,"column":4},"end":{"line":318,"column":18}},"145":{"start":{"line":322,"column":4},"end":{"line":322,"column":46}},"146":{"start":{"line":323,"column":16},"end":{"line":323,"column":32}},"147":{"start":{"line":324,"column":4},"end":{"line":324,"column":60}},"148":{"start":{"line":324,"column":14},"end":{"line":324,"column":60}},"149":{"start":{"line":325,"column":4},"end":{"line":327,"column":5}},"150":{"start":{"line":326,"column":6},"end":{"line":326,"column":100}},"151":{"start":{"line":329,"column":20},"end":{"line":329,"column":64}},"152":{"start":{"line":330,"column":4},"end":{"line":336,"column":7}},"153":{"start":{"line":337,"column":4},"end":{"line":337,"column":42}},"154":{"start":{"line":341,"column":0},"end":{"line":345,"column":2}},"155":{"start":{"line":342,"column":2},"end":{"line":342,"column":30}},"156":{"start":{"line":343,"column":12},"end":{"line":343,"column":48}},"157":{"start":{"line":344,"column":2},"end":{"line":344,"column":74}},"158":{"start":{"line":347,"column":0},"end":{"line":350,"column":2}},"159":{"start":{"line":348,"column":2},"end":{"line":348,"column":30}},"160":{"start":{"line":349,"column":2},"end":{"line":349,"column":72}},"161":{"start":{"line":352,"column":39},"end":{"line":352,"column":67}},"162":{"start":{"line":353,"column":0},"end":{"line":359,"column":2}},"163":{"start":{"line":354,"column":2},"end":{"line":358,"column":3}},"164":{"start":{"line":355,"column":4},"end":{"line":355,"column":34}},"165":{"start":{"line":357,"column":4},"end":{"line":357,"column":14}},"166":{"start":{"line":361,"column":0},"end":{"line":367,"column":2}},"167":{"start":{"line":362,"column":2},"end":{"line":366,"column":3}},"168":{"start":{"line":363,"column":4},"end":{"line":363,"column":53}},"169":{"start":{"line":365,"column":4},"end":{"line":365,"column":14}},"170":{"start":{"line":369,"column":0},"end":{"line":377,"column":2}},"171":{"start":{"line":370,"column":16},"end":{"line":370,"column":96}},"172":{"start":{"line":371,"column":18},"end":{"line":371,"column":20}},"173":{"start":{"line":372,"column":2},"end":{"line":375,"column":3}},"174":{"start":{"line":373,"column":18},"end":{"line":373,"column":42}},"175":{"start":{"line":374,"column":4},"end":{"line":374,"column":68}},"176":{"start":{"line":376,"column":2},"end":{"line":376,"column":17}},"177":{"start":{"line":379,"column":0},"end":{"line":385,"column":2}},"178":{"start":{"line":380,"column":2},"end":{"line":380,"column":30}},"179":{"start":{"line":381,"column":14},"end":{"line":381,"column":24}},"180":{"start":{"line":382,"column":2},"end":{"line":382,"column":33}},"181":{"start":{"line":382,"column":12},"end":{"line":382,"column":33}},"182":{"start":{"line":383,"column":2},"end":{"line":383,"column":52}},"183":{"start":{"line":384,"column":2},"end":{"line":384,"column":22}},"184":{"start":{"line":387,"column":0},"end":{"line":397,"column":2}},"185":{"start":{"line":388,"column":2},"end":{"line":388,"column":30}},"186":{"start":{"line":389,"column":14},"end":{"line":389,"column":24}},"187":{"start":{"line":390,"column":2},"end":{"line":390,"column":24}},"188":{"start":{"line":390,"column":12},"end":{"line":390,"column":24}},"189":{"start":{"line":391,"column":14},"end":{"line":391,"column":45}},"190":{"start":{"line":392,"column":2},"end":{"line":392,"column":24}},"191":{"start":{"line":392,"column":12},"end":{"line":392,"column":24}},"192":{"start":{"line":393,"column":2},"end":{"line":393,"column":22}},"193":{"start":{"line":394,"column":2},"end":{"line":394,"column":31}},"194":{"start":{"line":395,"column":2},"end":{"line":395,"column":19}},"195":{"start":{"line":396,"column":2},"end":{"line":396,"column":13}},"196":{"start":{"line":399,"column":0},"end":{"line":399,"column":27}}},"fnMap":{"0":{"name":"errorsToList","decl":{"start":{"line":24,"column":9},"end":{"line":24,"column":21}},"loc":{"start":{"line":24,"column":30},"end":{"line":26,"column":1}},"line":24},"1":{"name":"(anonymous_1)","decl":{"start":{"line":25,"column":36},"end":{"line":25,"column":37}},"loc":{"start":{"line":25,"column":59},"end":{"line":25,"column":77}},"line":25},"2":{"name":"getUserRoles","decl":{"start":{"line":28,"column":15},"end":{"line":28,"column":27}},"loc":{"start":{"line":28,"column":36},"end":{"line":34,"column":1}},"line":28},"3":{"name":"(anonymous_3)","decl":{"start":{"line":32,"column":41},"end":{"line":32,"column":42}},"loc":{"start":{"line":32,"column":47},"end":{"line":32,"column":49}},"line":32},"4":{"name":"(anonymous_4)","decl":{"start":{"line":33,"column":19},"end":{"line":33,"column":20}},"loc":{"start":{"line":33,"column":24},"end":{"line":33,"column":30}},"line":33},"5":{"name":"getGroupId","decl":{"start":{"line":36,"column":15},"end":{"line":36,"column":25}},"loc":{"start":{"line":36,"column":34},"end":{"line":39,"column":1}},"line":36},"6":{"name":"isAdminUser","decl":{"start":{"line":41,"column":15},"end":{"line":41,"column":26}},"loc":{"start":{"line":41,"column":35},"end":{"line":45,"column":1}},"line":41},"7":{"name":"getContextUserId","decl":{"start":{"line":47,"column":9},"end":{"line":47,"column":25}},"loc":{"start":{"line":47,"column":35},"end":{"line":50,"column":1}},"line":47},"8":{"name":"enforceUserOrAdmin","decl":{"start":{"line":52,"column":15},"end":{"line":52,"column":33}},"loc":{"start":{"line":52,"column":57},"end":{"line":61,"column":1}},"line":52},"9":{"name":"enforceAdmin","decl":{"start":{"line":63,"column":15},"end":{"line":63,"column":27}},"loc":{"start":{"line":63,"column":37},"end":{"line":68,"column":1}},"line":63},"10":{"name":"safeUser","decl":{"start":{"line":70,"column":15},"end":{"line":70,"column":23}},"loc":{"start":{"line":70,"column":30},"end":{"line":74,"column":1}},"line":70},"11":{"name":"toNumber","decl":{"start":{"line":76,"column":9},"end":{"line":76,"column":17}},"loc":{"start":{"line":76,"column":25},"end":{"line":79,"column":1}},"line":76},"12":{"name":"userIdError","decl":{"start":{"line":81,"column":9},"end":{"line":81,"column":20}},"loc":{"start":{"line":81,"column":23},"end":{"line":83,"column":1}},"line":81},"13":{"name":"(anonymous_13)","decl":{"start":{"line":86,"column":15},"end":{"line":86,"column":16}},"loc":{"start":{"line":86,"column":104},"end":{"line":102,"column":3}},"line":86},"14":{"name":"(anonymous_14)","decl":{"start":{"line":104,"column":14},"end":{"line":104,"column":15}},"loc":{"start":{"line":104,"column":49},"end":{"line":110,"column":3}},"line":104},"15":{"name":"(anonymous_15)","decl":{"start":{"line":112,"column":21},"end":{"line":112,"column":22}},"loc":{"start":{"line":112,"column":52},"end":{"line":117,"column":3}},"line":112},"16":{"name":"(anonymous_16)","decl":{"start":{"line":119,"column":14},"end":{"line":119,"column":15}},"loc":{"start":{"line":119,"column":45},"end":{"line":126,"column":3}},"line":119},"17":{"name":"(anonymous_17)","decl":{"start":{"line":128,"column":12},"end":{"line":128,"column":13}},"loc":{"start":{"line":128,"column":66},"end":{"line":169,"column":3}},"line":128},"18":{"name":"(anonymous_18)","decl":{"start":{"line":171,"column":9},"end":{"line":171,"column":10}},"loc":{"start":{"line":171,"column":40},"end":{"line":214,"column":3}},"line":171},"19":{"name":"(anonymous_19)","decl":{"start":{"line":216,"column":18},"end":{"line":216,"column":19}},"loc":{"start":{"line":216,"column":86},"end":{"line":240,"column":3}},"line":216},"20":{"name":"(anonymous_20)","decl":{"start":{"line":242,"column":20},"end":{"line":242,"column":21}},"loc":{"start":{"line":242,"column":58},"end":{"line":269,"column":3}},"line":242},"21":{"name":"(anonymous_21)","decl":{"start":{"line":271,"column":20},"end":{"line":271,"column":21}},"loc":{"start":{"line":271,"column":62},"end":{"line":303,"column":3}},"line":271},"22":{"name":"(anonymous_22)","decl":{"start":{"line":305,"column":20},"end":{"line":305,"column":21}},"loc":{"start":{"line":305,"column":55},"end":{"line":319,"column":3}},"line":305},"23":{"name":"(anonymous_23)","decl":{"start":{"line":321,"column":18},"end":{"line":321,"column":19}},"loc":{"start":{"line":321,"column":65},"end":{"line":338,"column":3}},"line":321},"24":{"name":"(anonymous_24)","decl":{"start":{"line":341,"column":17},"end":{"line":341,"column":18}},"loc":{"start":{"line":341,"column":55},"end":{"line":345,"column":1}},"line":341},"25":{"name":"(anonymous_25)","decl":{"start":{"line":347,"column":25},"end":{"line":347,"column":26}},"loc":{"start":{"line":347,"column":56},"end":{"line":350,"column":1}},"line":347},"26":{"name":"(anonymous_26)","decl":{"start":{"line":353,"column":18},"end":{"line":353,"column":19}},"loc":{"start":{"line":353,"column":39},"end":{"line":359,"column":1}},"line":353},"27":{"name":"(anonymous_27)","decl":{"start":{"line":361,"column":25},"end":{"line":361,"column":26}},"loc":{"start":{"line":361,"column":59},"end":{"line":367,"column":1}},"line":361},"28":{"name":"(anonymous_28)","decl":{"start":{"line":369,"column":18},"end":{"line":369,"column":19}},"loc":{"start":{"line":369,"column":30},"end":{"line":377,"column":1}},"line":369},"29":{"name":"(anonymous_29)","decl":{"start":{"line":379,"column":29},"end":{"line":379,"column":30}},"loc":{"start":{"line":379,"column":56},"end":{"line":385,"column":1}},"line":379},"30":{"name":"(anonymous_30)","decl":{"start":{"line":387,"column":31},"end":{"line":387,"column":32}},"loc":{"start":{"line":387,"column":66},"end":{"line":397,"column":1}},"line":387}},"branchMap":{"0":{"loc":{"start":{"line":29,"column":2},"end":{"line":29,"column":25}},"type":"if","locations":[{"start":{"line":29,"column":2},"end":{"line":29,"column":25}},{"start":{},"end":{}}],"line":29},"1":{"loc":{"start":{"line":31,"column":2},"end":{"line":31,"column":20}},"type":"if","locations":[{"start":{"line":31,"column":2},"end":{"line":31,"column":20}},{"start":{},"end":{}}],"line":31},"2":{"loc":{"start":{"line":38,"column":9},"end":{"line":38,"column":51}},"type":"cond-expr","locations":[{"start":{"line":38,"column":35},"end":{"line":38,"column":42}},{"start":{"line":38,"column":45},"end":{"line":38,"column":51}}],"line":38},"3":{"loc":{"start":{"line":42,"column":2},"end":{"line":42,"column":28}},"type":"if","locations":[{"start":{"line":42,"column":2},"end":{"line":42,"column":28}},{"start":{},"end":{}}],"line":42},"4":{"loc":{"start":{"line":48,"column":14},"end":{"line":48,"column":71}},"type":"cond-expr","locations":[{"start":{"line":48,"column":42},
[...]
"line":47,"column":17},"end":{"line":47,"column":31}},"40":{"start":{"line":48,"column":20},"end":{"line":48,"column":35}},"41":{"start":{"line":49,"column":6},"end":{"line":49,"column":28}},"42":{"start":{"line":51,"column":4},"end":{"line":51,"column":13}},"43":{"start":{"line":52,"column":4},"end":{"line":52,"column":26}},"44":{"start":{"line":54,"column":12},"end":{"line":54,"column":17}},"45":{"start":{"line":55,"column":2},"end":{"line":55,"column":24}},"46":{"start":{"line":56,"column":2},"end":{"line":56,"column":63}},"47":{"start":{"line":56,"column":51},"end":{"line":56,"column":63}},"48":{"start":{"line":58,"column":2},"end":{"line":64,"column":3}},"49":{"start":{"line":59,"column":20},"end":{"line":59,"column":94}},"50":{"start":{"line":60,"column":18},"end":{"line":60,"column":66}},"51":{"start":{"line":61,"column":4},"end":{"line":61,"column":21}},"52":{"start":{"line":62,"column":4},"end":{"line":62,"column":54}},"53":{"start":{"line":63,"column":4},"end":{"line":63,"column":17}},"54":{"start":{"line":67,"column":2},"end":{"line":67,"column":47}},"55":{"start":{"line":68,"column":2},"end":{"line":68,"column":14}},"56":{"start":{"line":73,"column":2},"end":{"line":73,"column":12}},"57":{"start":{"line":77,"column":2},"end":{"line":77,"column":18}},"58":{"start":{"line":80,"column":0},"end":{"line":80,"column":73}}},"fnMap":{"0":{"name":"now","decl":{"start":{"line":10,"column":9},"end":{"line":10,"column":12}},"loc":{"start":{"line":10,"column":15},"end":{"line":10,"column":37}},"line":10},"1":{"name":"maybeAnalyze","decl":{"start":{"line":12,"column":15},"end":{"line":12,"column":27}},"loc":{"start":{"line":12,"column":44},"end":{"line":40,"column":1}},"line":12},"2":{"name":"(anonymous_2)","decl":{"start":{"line":18,"column":50},"end":{"line":18,"column":51}},"loc":{"start":{"line":18,"column":57},"end":{"line":18,"column":60}},"line":18},"3":{"name":"(anonymous_3)","decl":{"start":{"line":19,"column":40},"end":{"line":19,"column":41}},"loc":{"start":{"line":19,"column":43},"end":{"line":19,"column":64}},"line":19},"4":{"name":"(anonymous_4)","decl":{"start":{"line":20,"column":33},"end":{"line":20,"column":34}},"loc":{"start":{"line":20,"column":38},"end":{"line":20,"column":72}},"line":20},"5":{"name":"(anonymous_5)","decl":{"start":{"line":21,"column":34},"end":{"line":21,"column":35}},"loc":{"start":{"line":21,"column":39},"end":{"line":21,"column":69}},"line":21},"6":{"name":"(anonymous_6)","decl":{"start":{"line":29,"column":57},"end":{"line":29,"column":58}},"loc":{"start":{"line":29,"column":62},"end":{"line":29,"column":66}},"line":29},"7":{"name":"record","decl":{"start":{"line":42,"column":9},"end":{"line":42,"column":15}},"loc":{"start":{"line":42,"column":32},"end":{"line":69,"column":1}},"line":42},"8":{"name":"(anonymous_8)","decl":{"start":{"line":67,"column":37},"end":{"line":67,"column":38}},"loc":{"start":{"line":67,"column":43},"end":{"line":67,"column":45}},"line":67},"9":{"name":"getAlerts","decl":{"start":{"line":71,"column":9},"end":{"line":71,"column":18}},"loc":{"start":{"line":71,"column":32},"end":{"line":74,"column":1}},"line":71},"10":{"name":"reset","decl":{"start":{"line":76,"column":9},"end":{"line":76,"column":14}},"loc":{"start":{"line":76,"column":17},"end":{"line":78,"column":1}},"line":76}},"branchMap":{"0":{"loc":{"start":{"line":2,"column":23},"end":{"line":2,"column":75}},"type":"binary-expr","locations":[{"start":{"line":2,"column":23},"end":{"line":2,"column":68}},{"start":{"line":2,"column":72},"end":{"line":2,"column":75}}],"line":2},"1":{"loc":{"start":{"line":14,"column":4},"end":{"line":14,"column":36}},"type":"if","locations":[{"start":{"line":14,"column":4},"end":{"line":14,"column":36}},{"start":{},"end":{}}],"line":14},"2":{"loc":{"start":{"line":15,"column":4},"end":{"line":15,"column":44}},"type":"if","locations":[{"start":{"line":15,"column":4},"end":{"line":15,"column":44}},{"start":{},"end":{}}],"line":15},"3":{"loc":{"start":{"line":15,"column":8},"end":{"line":15,"column":30}},"type":"binary-expr","locations":[{"start":{"line":15,"column":8},"end":{"line":15,"column":12}},{"start":{"line":15,"column":16},"end":{"line":15,"column":30}}],"line":15},"4":{"loc":{"start":{"line":18,"column":19},"end":{"line":18,"column":82}},"type":"cond-expr","locations":[{"start":{"line":18,"column":36},"end":{"line":18,"column":77}},{"start":{"line":18,"column":81},"end":{"line":18,"column":82}}],"line":18},"5":{"loc":{"start":{"line":19,"column":43},"end":{"line":19,"column":64}},"type":"binary-expr","locations":[{"start":{"line":19,"column":43},"end":{"line":19,"column":49}},{"start":{"line":19,"column":53},"end":{"line":19,"column":64}}],"line":19},"6":{"loc":{"start":{"line":20,"column":38},"end":{"line":20,"column":72}},"type":"binary-expr","locations":[{"start":{"line":20,"column":38},"end":{"line":20,"column":44}},{"start":{"line":20,"column":48},"end":{"line":20,"column":72}}],"line":20},"7":{"loc":{"start":{"line":21,"column":39},"end":{"line":21,"column":69}},"type":"binary-expr","locations":[{"start":{"line":21,"column":39},"end":{"line":21,"column":45}},{"start":{"line":21,"column":49},"end":{"line":21,"column":69}}],"line":21},"8":{"loc":{"start":{"line":30,"column":4},"end":{"line":35,"column":5}},"type":"if","locations":[{"start":{"line":30,"column":4},"end":{"line":35,"column":5}},{"start":{},"end":{}}],"line":30},"9":{"loc":{"start":{"line":30,"column":8},"end":{"line":30,"column":65}},"type":"binary-expr","locations":[{"start":{"line":30,"column":8},"end":{"line":30,"column":11}},{"start":{"line":30,"column":16},"end":{"line":30,"column":30}},{"start":{"line":30,"column":35},"end":{"line":30,"column":44}},{"start":{"line":30,"column":48},"end":{"line":30,"column":63}}],"line":30},"10":{"loc":{"start":{"line":31,"column":44},"end":{"line":31,"column":58}},"type":"binary-expr","locations":[{"start":{"line":31,"column":44},"end":{"line":31,"column":53}},{"start":{"line":31,"column":57},"end":{"line":31,"column":58}}],"line":31},"11":{"loc":{"start":{"line":42,"column":21},"end":{"line":42,"column":30}},"type":"default-arg","locations":[{"start":{"line":42,"column":28},"end":{"line":42,"column":30}}],"line":42},"12":{"loc":{"start":{"line":43,"column":2},"end":{"line":43,"column":24}},"type":"if","locations":[{"start":{"line":43,"column":2},"end":{"line":43,"column":24}},{"start":{},"end":{}}],"line":43},"13":{"loc":{"start":{"line":45,"column":2},"end":{"line":53,"column":3}},"type":"if","locations":[{"start":{"line":45,"column":2},"end":{"line":53,"column":3}},{"start":{},"end":{}}],"line":45},"14":{"loc":{"start":{"line":46,"column":4},"end":{"line":50,"column":5}},"type":"if","locations":[{"start":{"line":46,"column":4},"end":{"line":50,"column":5}},{"start":{},"end":{}}],"line":46},"15":{"loc":{"start":{"line":56,"column":9},"end":{"line":56,"column":49}},"type":"binary-expr","locations":[{"start":{"line":56,"column":9},"end":{"line":56,"column":19}},{"start":{"line":56,"column":23},"end":{"line":56,"column":49}}],"line":56},"16":{"loc":{"start":{"line":58,"column":2},"end":{"line":64,"column":3}},"type":"if","locations":[{"start":{"line":58,"column":2},"end":{"line":64,"column":3}},{"start":{},"end":{}}],"line":58},"17":{"loc":{"start":{"line":71,"column":19},"end":{"line":71,"column":30}},"type":"default-arg","locations":[{"start":{"line":71,"column":29},"end":{"line":71,"column":30}}],"line":71}},"s":{"0":0,"1":0,"2":0,"3":0,"4":0,"5":0,"6":0,"7":0,"8":0,"9":0,"10":0,"11":0,"12":0,"13":0,"14":0,"15":0,"16":0,"17":0,"18":0,"19":0,"20":0,"21":0,"22":0,"23":0,"24":0,"25":0,"26":0,"27":0,"28":0,"29":0,"30":0,"31":0,"32":0,"33":0,"34":0,"35":0,"36":0,"37":0,"38":0,"39":0,"40":0,"41":0,"42":0,"43":0,"44":0,"45":0,"46":0,"47":0,"48":0,"49":0,"50":0,"51":0,"52":0,"53":0,"54":0,"55":0,"56":0,"57":0,"58":0},"f":{"0":0,"1":0,"2":0,"3":0,"4":0,"5":0,"6":0,"7":0,"8":0,"9":0,"10":0},"b":{"0":[0,0],"1":[0,0],"2":[0,0],"3":[0,0],"4":[0,0],"5":[0,0],"6":[0,0],"7":[0,0],"8":[0,0],"9":[0,0,0,0],"10":[0,0],"11":[0],"12":[0,0],"13":[0,0],"14":[0,0],"15":[0,0],"16":[0,0],"17":[0]}}
,"E:\\mpp\\backend\\src\\validators\\assignmentValidator.js": {"path":"E:\\mpp\\backend\\src\\validators\\assignmentValidator.js","statementMap":{"0":{"start":{"line":2,"column":17},"end":{"line":2,"column":19}},"1":{"start":{"line":4,"column":16},"end":{"line":4,"column":41}},"2":{"start":{"line":5,"column":2},"end":{"line":9,"column":3}},"3":{"start":{"line":6,"column":4},"end":{"line":6,"column":40}},"4":{"start":{"line":7,"column":9},"end":{"line":9,"column":3}},"5":{"start":{"line":8,"column":4},"end":{"line":8,"column":60}},"6":{"start":{"line":11,"column":2},"end":{"line":18,"column":3}},"7":{"start":{"line":12,"column":4},"end":{"line":12,"column":46}},"8":{"start":{"line":14,"column":17},"end":{"line":14,"column":40}},"9":{"start":{"line":15,"column":4},"end":{"line":17,"column":5}},"10":{"start":{"line":16,"column":6},"end":{"line":16,"column":53}},"11":{"start":{"line":20,"column":2},"end":{"line":22,"column":3}},"12":{"start":{"line":21,"column":4},"end":{"line":21,"column":49}},"13":{"start":{"line":24,"column":2},"end":{"line":26,"column":3}},"14":{"start":{"line":25,"column":4},"end":{"line":25,"column":45}},"15":{"start":{"line":28,"column":2},"end":{"line":30,"column":3}},"16":{"start":{"line":29,"column":4},"end":{"line":29,"column":72}},"17":{"start":{"line":32,"column":2},"end":{"line":32,"column":16}},"18":{"start":{"line":35,"column":0},"end":{"line":37,"column":2}}},"fnMap":{"0":{"name":"validateAssignment","decl":{"start":{"line":1,"column":9},"end":{"line":1,"column":27}},"loc":{"start":{"line":1,"column":34},"end":{"line":33,"column":1}},"line":1}},"branchMap":{"0":{"loc":{"start":{"line":4,"column":17},"end":{"line":4,"column":33}},"type":"binary-expr","locations":[{"start":{"line":4,"column":17},"end":{"line":4,"column":27}},{"start":{"line":4,"column":31},"end":{"line":4,"column":33}}],"line":4},"1":{"loc":{"start":{"line":5,"column":2},"end":{"line":9,"column":3}},"type":"if","locations":[{"start":{"line":5,"column":2},"end":{"line":9,"column":3}},{"start":{"line":7,"column":9},"end":{"line":9,"column":3}}],"line":5},"2":{"loc":{"start":{"line":7,"column":9},"end":{"line":9,"column":3}},"type":"if","locations":[{"start":{"line":7,"column":9},"end":{"line":9,"column":3}},{"start":{},"end":{}}],"line":7},"3":{"loc":{"start":{"line":11,"column":2},"end":{"line":18,"column":3}},"type":"if","locations":[{"start":{"line":11,"column":2},"end":{"line":18,"column":3}},{"start":{"line":13,"column":9},"end":{"line":18,"column":3}}],"line":11},"4":{"loc":{"start":{"line":15,"column":4},"end":{"line":17,"column":5}},"type":"if","locations":[{"start":{"line":15,"column":4},"end":{"line":17,"column":5}},{"start":{},"end":{}}],"line":15},"5":{"loc":{"start":{"line":20,"column":2},"end":{"line":22,"column":3}},"type":"if","locations":[{"start":{"line":20,"column":2},"end":{"line":22,"column":3}},{"start":{},"end":{}}],"line":20},"6":{"loc":{"start":{"line":24,"column":2},"end":{"line":26,"column":3}},"type":"if","locations":[{"start":{"line":24,"column":2},"end":{"line":26,"column":3}},{"start":{},"end":{}}],"line":24},"7":{"loc":{"start":{"line":28,"column":2},"end":{"line":30,"column":3}},"type":"if","locations":[{"start":{"line":28,"column":2},"end":{"line":30,"column":3}},{"start":{},"end":{}}],"line":28},"8":{"loc":{"start":{"line":28,"column":6},"end":{"line":28,"column":55}},"type":"binary-expr","locations":[{"start":{"line":28,"column":6},"end":{"line":28,"column":22}},{"start":{"line":28,"column":26},"end":{"line":28,"column":55}}],"line":28}},"s":{"0":0,"1":0,"2":0,"3":0,"4":0,"5":0,"6":0,"7":0,"8":0,"9":0,"10":0,"11":0,"12":0,"13":0,"14":0,"15":0,"16":0,"17":0,"18":0},"f":{"0":0},"b":{"0":[0,0],"1":[0,0],"2":[0,0],"3":[0,0],"4":[0,0],"5":[0,0],"6":[0,0],"7":[0,0],"8":[0,0]}}
,"E:\\mpp\\backend\\src\\validators\\authValidator.js": {"path":"E:\\mpp\\backend\\src\\validators\\authValidator.js","statementMap":{"0":{"start":{"line":2,"column":16},"end":{"line":2,"column":41}},"1":{"start":{"line":3,"column":2},"end":{"line":7,"column":3}},"2":{"start":{"line":4,"column":4},"end":{"line":4,"column":40}},"3":{"start":{"line":5,"column":9},"end":{"line":7,"column":3}},"4":{"start":{"line":6,"column":4},"end":{"line":6,"column":50}},"5":{"start":{"line":11,"column":15},"end":{"line":11,"column":39}},"6":{"start":{"line":12,"column":2},"end":{"line":14,"column":3}},"7":{"start":{"line":13,"column":4},"end":{"line":13,"column":43}},"8":{"start":{"line":18,"column":2},"end":{"line":22,"column":3}},"9":{"start":{"line":19,"column":4},"end":{"line":19,"column":46}},"10":{"start":{"line":20,"column":9},"end":{"line":22,"column":3}},"11":{"start":{"line":21,"column":4},"end":{"line":21,"column":64}},"12":{"start":{"line":26,"column":2},"end":{"line":30,"column":3}},"13":{"start":{"line":27,"column":4},"end":{"line":27,"column":61}},"14":{"start":{"line":28,"column":9},"end":{"line":30,"column":3}},"15":{"start":{"line":29,"column":4},"end":{"line":29,"column":55}},"16":{"start":{"line":34,"column":2},"end":{"line":38,"column":3}},"17":{"start":{"line":35,"column":4},"end":{"line":35,"column":53}},"18":{"start":{"line":36,"column":9},"end":{"line":38,"column":3}},"19":{"start":{"line":37,"column":4},"end":{"line":37,"column":67}},"20":{"start":{"line":42,"column":2},"end":{"line":46,"column":3}},"21":{"start":{"line":43,"column":4},"end":{"line":43,"column":61}},"22":{"start":{"line":44,"column":9},"end":{"line":46,"column":3}},"23":{"start":{"line":45,"column":4},"end":{"line":45,"column":55}},"24":{"start":{"line":50,"column":17},"end":{"line":50,"column":19}},"25":{"start":{"line":51,"column":2},"end":{"line":51,"column":30}},"26":{"start":{"line":52,"column":2},"end":{"line":52,"column":33}},"27":{"start":{"line":53,"column":2},"end":{"line":53,"column":16}},"28":{"start":{"line":57,"column":17},"end":{"line":57,"column":19}},"29":{"start":{"line":58,"column":2},"end":{"line":58,"column":29}},"30":{"start":{"line":59,"column":2},"end":{"line":59,"column":30}},"31":{"start":{"line":60,"column":2},"end":{"line":60,"column":33}},"32":{"start":{"line":61,"column":2},"end":{"line":61,"column":40}},"33":{"start":{"line":62,"column":2},"end":{"line":62,"column":16}},"34":{"start":{"line":66,"column":17},"end":{"line":66,"column":19}},"35":{"start":{"line":67,"column":2},"end":{"line":67,"column":30}},"36":{"start":{"line":68,"column":2},"end":{"line":70,"column":3}},"37":{"start":{"line":69,"column":4},"end":{"line":69,"column":61}},"38":{"start":{"line":71,"column":2},"end":{"line":71,"column":36}},"39":{"start":{"line":72,"column":2},"end":{"line":72,"column":43}},"40":{"start":{"line":73,"column":2},"end":{"line":73,"column":16}},"41":{"start":{"line":76,"column":0},"end":{"line":80,"column":2}}},"fnMap":{"0":{"name":"validateEmail","decl":{"start":{"line":1,"column":9},"end":{"line":1,"column":22}},"loc":{"start":{"line":1,"column":37},"end":{"line":8,"column":1}},"line":1},"1":{"name":"validateName","decl":{"start":{"line":10,"column":9},"end":{"line":10,"column":21}},"loc":{"start":{"line":10,"column":36},"end":{"line":15,"column":1}},"line":10},"2":{"name":"validatePassword","decl":{"start":{"line":17,"column":9},"end":{"line":17,"column":25}},"loc":{"start":{"line":17,"column":40},"end":{"line":23,"column":1}},"line":17},"3":{"name":"validateConfirmPassword","decl":{"start":{"line":25,"column":9},"end":{"line":25,"column":32}},"loc":{"start":{"line":25,"column":47},"end":{"line":31,"column":1}},"line":25},"4":{"name":"validateNewPassword","decl":{"start":{"line":33,"column":9},"end":{"line":33,"column":28}},"loc":{"start":{"line":33,"column":43},"end":{"line":39,"column":1}},"line":33},"5":{"name":"validateConfirmNewPassword","decl":{"start":{"line":41,"column":9},"end":{"line":41,"column":35}},"loc":{"start":{"line":41,"column":50},"end":{"line":47,"column":1}},"line":41},"6":{"name":"validateLogin","decl":{"start":{"line":49,"column":9},"end":{"line":49,"column":22}},"loc":{"start":{"line":49,"column":29},"end":{"line":54,"column":1}},"line":49},"7":{"name":"validateRegister","decl":{"start":{"line":56,"column":9},"end":{"line":56,"column":25}},"loc":{"start":{"line":56,"column":32},"end":{"line":63,"column":1}},"line":56},"8":{"name":"validatePasswordChange","decl":{"start":{"line":65,"column":9},"end":{"line":65,"column":31}},"loc":{"start":{"line":65,"column":38},"end":{"line":74,"column":1}},"line":65}},"branchMap":{"0":{"loc":{"start":{"line":2,"column":17},"end":{"line":2,"column":33}},"type":"binary-expr","locations":[{"start":{"line":2,"column":17},"end":{"line":2,"column":27}},{"start":{"line":2,"column":31},"end":{"line":2,"column":33}}],"line":2},"1":{"loc":{"start":{"line":3,"column":2},"end":{"line":7,"column":3}},"type":"if","locations":[{"start":{"line":3,"column":2},"end":{"line":7,"column":3}},{"start":{"line":5,"column":9},"end":{"line":7,"column":3}}],"line":3},"2":{"loc":{"start":{"line":5,"column":9},"end":{"line":7,"column":3}},"type":"if","locations":[{"start":{"line":5,"column":9},"end":{"line":7,"column":3}},{"start":{},"end":{}}],"line":5},"3":{"loc":{"start":{"line":11,"column":16},"end":{"line":11,"column":31}},"type":"binary-expr","locations":[{"start":{"line":11,"column":16},"end":{"line":11,"column":25}},{"start":{"line":11,"column":29},"end":{"line":11,"column":31}}],"line":11},"4":{"loc":{"start":{"line":12,"column":2},"end":{"line":14,"column":3}},"type":"if","locations":[{"start":{"line":12,"column":2},"end":{"line":14,"column":3}},{"start":{},"end":{}}],"line":12},"5":{"loc":{"start":{"line":18,"column":2},"end":{"line":22,"column":3}},"type":"if","locations":[{"start":{"line":18,"column":2},"end":{"line":22,"column":3}},{"start":{"line":20,"column":9},"end":{"line":22,"column":3}}],"line":18},"6":{"loc":{"start":{"line":20,"column":9},"end":{"line":22,"column":3}},"type":"if","locations":[{"start":{"line":20,"column":9},"end":{"line":22,"column":3}},{"start":{},"end":{}}],"line":20},"7":{"loc":{"start":{"line":26,"column":2},"end":{"line":30,"column":3}},"type":"if","locations":[{"start":{"line":26,"column":2},"end":{"line":30,"column":3}},{"start":{"line":28,"column":9},"end":{"line":30,"column":3}}],"line":26},"8":{"loc":{"start":{"line":28,"column":9},"end":{"line":30,"column":3}},"type":"if","locations":[{"start":{"line":28,"column":9},"end":{"line":30,"column":3}},{"start":{},"end":{}}],"line":28},"9":{"loc":{"start":{"line":34,"column":2},"end":{"line":38,"column":3}},"type":"if","locations":[{"start":{"line":34,"column":2},"end":{"line":38,"column":3}},{"start":{"line":36,"column":9},"end":{"line":38,"column":3}}],"line":34},"10":{"loc":{"start":{"line":36,"column":9},"end":{"line":38,"column":3}},"type":"if","locations":[{"start":{"line":36,"column":9},"end":{"line":38,"column":3}},{"start":{},"end":{}}],"line":36},"11":{"loc":{"start":{"line":42,"column":2},"end":{"line":46,"column":3}},"type":"if","locations":[{"start":{"line":42,"column":2},"end":{"line":46,"column":3}},{"start":{"line":44,"column":9},"end":{"line":46,"column":3}}],"line":42},"12":{"loc":{"start":{"line":44,"column":9},"end":{"line":46,"column":3}},"type":"if","locations":[{"start":{"line":44,"column":9},"end":{"line":46,"column":3}},{"start":{},"end":{}}],"line":44},"13":{"loc":{"start":{"line":68,"column":2},"end":{"line":70,"column":3}},"type":"if","locations":[{"start":{"line":68,"column":2},"end":{"line":70,"column":3}},{"start":{},"end":{}}],"line":68}},"s":{"0":0,"1":0,"2":0,"3":0,"4":0,"5":0,"6":0,"7":0,"8":0,"9":0,"10":0,"11":0,"12":0,"13":0,"14":0,"15":0,"16":0,"17":0,"18":0,"19":0,"20":0,"21":0,"22":0,"23":0,"24":0,"25":0,"26":0,"27":0,"28":0,"29":0,"30":0,"31":0,"32":0,"33":0,"34":0,"35":0,"36":0,"37":0,"38":0,"39":0,"40":0,"41":0},"f":{"0":0,"1":0,"2":0,"3":0,"4":0,"5":0,"6":0,"7":0,"8":0},"b":{"0":[0,0],"1":[0,0],"2":[0,0],"3":[0,0],"4":[0,0],"5":[0,0],"6":[0,0],"7":[0,0],"8":[0,0],"9":[0,0],"10":[0,0],"11":[0,0],"12":[0,0],"13":[0,0]}}
}
