TN:
SF:src\server.js
FN:21,(anonymous_0)
FN:25,(anonymous_1)
FN:40,(anonymous_2)
FN:48,(anonymous_3)
FN:71,(anonymous_4)
FN:101,(anonymous_5)
FN:107,(anonymous_6)
FN:110,(anonymous_7)
FN:112,(anonymous_8)
FNF:9
FNH:2
FNDA:0,(anonymous_0)
FNDA:26,(anonymous_1)
FNDA:0,(anonymous_2)
FNDA:23,(anonymous_3)
FNDA:0,(anonymous_4)
FNDA:0,(anonymous_5)
FNDA:0,(anonymous_6)
FNDA:0,(anonymous_7)
FNDA:0,(anonymous_8)
DA:1,2
DA:2,2
DA:3,2
DA:4,2
DA:5,2
DA:6,2
DA:7,2
DA:8,2
DA:9,2
DA:10,2
DA:11,2
DA:12,2
DA:13,2
DA:14,2
DA:15,2
DA:17,2
DA:18,2
DA:20,2
DA:21,0
DA:24,2
DA:26,26
DA:27,0
DA:28,0
DA:29,0
DA:33,2
DA:35,2
DA:36,2
DA:37,2
DA:38,2
DA:40,2
DA:41,0
DA:44,2
DA:45,2
DA:49,23
DA:50,23
DA:51,23
DA:52,0
DA:53,0
DA:54,0
DA:56,23
DA:57,23
DA:58,23
DA:62,2
DA:63,2
DA:64,2
DA:65,2
DA:66,2
DA:67,2
DA:68,2
DA:69,2
DA:71,2
DA:72,0
DA:73,0
DA:80,2
DA:82,0
DA:83,0
DA:84,0
DA:85,0
DA:86,0
DA:87,0
DA:88,0
DA:89,0
DA:90,0
DA:93,0
DA:95,0
DA:96,0
DA:97,0
DA:98,0
DA:99,0
DA:100,0
DA:101,0
DA:102,0
DA:103,0
DA:105,0
DA:107,0
DA:108,0
DA:111,0
DA:112,0
DA:113,0
DA:118,2
LF:80
LH:45
BRDA:18,0,0,2
BRDA:18,0,1,2
BRDA:20,1,0,0
BRDA:20,1,1,2
BRDA:26,2,0,26
BRDA:26,2,1,0
BRDA:26,3,0,26
BRDA:26,3,1,0
BRDA:27,4,0,0
BRDA:27,4,1,0
BRDA:28,5,0,0
BRDA:28,5,1,0
BRDA:49,6,0,23
BRDA:49,6,1,0
BRDA:49,7,0,23
BRDA:49,7,1,23
BRDA:50,8,0,23
BRDA:50,8,1,23
BRDA:50,8,2,23
BRDA:51,9,0,0
BRDA:51,9,1,23
BRDA:51,10,0,23
BRDA:51,10,1,0
BRDA:54,11,0,0
BRDA:54,11,1,0
BRDA:54,12,0,0
BRDA:54,12,1,0
BRDA:56,13,0,0
BRDA:56,13,1,23
BRDA:56,14,0,23
BRDA:56,14,1,23
BRDA:57,15,0,23
BRDA:57,15,1,23
BRDA:57,15,2,23
BRDA:80,16,0,0
BRDA:80,16,1,2
BRDA:87,17,0,0
BRDA:87,17,1,0
BRDA:87,18,0,0
BRDA:87,18,1,0
BRDA:87,18,2,0
BRDA:87,18,3,0
BRDA:95,19,0,0
BRDA:95,19,1,0
BRF:44
BRH:20
end_of_record
TN:
SF:src\chat\chatStore.js
FN:7,resolveMongoUrl
FN:11,getCollection
FN:29,mapDoc
FN:45,saveChatMessage
FN:91,listChats
FN:98,getConversation
FNF:6
FNH:3
FNDA:1,resolveMongoUrl
FNDA:1,getCollection
FNDA:0,mapDoc
FNDA:1,saveChatMessage
FNDA:0,listChats
FNDA:0,getConversation
DA:1,3
DA:3,3
DA:4,3
DA:5,3
DA:8,1
DA:12,1
DA:14,1
DA:15,1
DA:16,1
DA:17,0
DA:18,0
DA:20,0
DA:21,0
DA:22,0
DA:26,0
DA:30,0
DA:33,0
DA:46,1
DA:47,1
DA:48,0
DA:58,0
DA:59,0
DA:61,0
DA:62,0
DA:63,0
DA:64,0
DA:65,0
DA:66,0
DA:67,0
DA:69,0
DA:70,0
DA:80,0
DA:81,0
DA:82,0
DA:83,0
DA:84,0
DA:86,0
DA:92,0
DA:93,0
DA:94,0
DA:95,0
DA:99,0
DA:100,0
DA:101,0
DA:102,0
DA:103,0
DA:109,0
DA:112,3
LF:48
LH:12
BRDA:8,0,0,1
BRDA:8,0,1,1
BRDA:12,1,0,0
BRDA:12,1,1,1
BRDA:30,2,0,0
BRDA:30,2,1,0
BRDA:32,3,0,0
BRDA:32,3,1,0
BRDA:35,4,0,0
BRDA:35,4,1,0
BRDA:37,5,0,0
BRDA:37,5,1,0
BRDA:38,6,0,0
BRDA:38,6,1,0
BRDA:39,7,0,0
BRDA:39,7,1,0
BRDA:41,8,0,0
BRDA:41,8,1,0
BRDA:49,9,0,0
BRDA:49,9,1,0
BRDA:51,10,0,0
BRDA:51,10,1,0
BRDA:52,11,0,0
BRDA:52,11,1,0
BRDA:53,12,0,0
BRDA:53,12,1,0
BRDA:54,13,0,0
BRDA:54,13,1,0
BRDA:55,14,0,0
BRDA:55,14,1,0
BRDA:66,15,0,0
BRDA:66,15,1,0
BRDA:67,16,0,0
BRDA:67,16,1,0
BRDA:72,17,0,0
BRDA:72,17,1,0
BRDA:74,18,0,0
BRDA:74,18,1,0
BRDA:75,19,0,0
BRDA:75,19,1,0
BRDA:76,20,0,0
BRDA:76,20,1,0
BRDA:77,21,0,0
BRDA:77,21,1,0
BRDA:78,22,0,0
BRDA:78,22,1,0
BRDA:80,23,0,0
BRDA:80,23,1,0
BRDA:93,24,0,0
BRDA:93,24,1,0
BRDA:99,25,0,0
BRDA:99,25,1,0
BRDA:99,26,0,0
BRDA:99,26,1,0
BRF:54
BRH:3
end_of_record
TN:
SF:src\config\config.js
FNF:0
FNH:0
DA:1,0
DA:3,0
LF:2
LH:0
BRF:0
BRH:0
end_of_record
TN:
SF:src\data\detector.js
FN:6,scanAndFlag
FN:30,startDetector
FNF:2
FNH:1
FNDA:1,scanAndFlag
FNDA:0,startDetector
DA:1,1
DA:3,1
DA:4,1
DA:7,1
DA:8,1
DA:9,1
DA:14,1
DA:15,1
DA:16,1
DA:17,1
DA:18,1
DA:26,0
DA:31,0
DA:32,0
DA:35,1
LF:15
LH:12
BRDA:3,0,0,1
BRDA:3,0,1,1
BRDA:4,1,0,1
BRDA:4,1,1,1
BRDA:15,2,0,1
BRDA:15,2,1,0
BRDA:17,3,0,1
BRDA:17,3,1,0
BRDA:17,4,0,1
BRDA:17,4,1,1
BRDA:30,5,0,0
BRF:11
BRH:8
end_of_record
TN:
SF:src\data\ensureDefaultUsers.js
FN:3,ensureDefaultUsers
FNF:1
FNH:0
FNDA:0,ensureDefaultUsers
DA:1,0
DA:4,0
DA:5,0
DA:6,0
DA:8,0
DA:9,0
DA:14,0
DA:18,0
LF:8
LH:0
BRDA:4,0,0,0
BRDA:4,0,1,0
BRDA:5,1,0,0
BRDA:5,1,1,0
BRDA:6,2,0,0
BRDA:6,2,1,0
BRF:6
BRH:0
end_of_record
TN:
SF:src\data\logging.js
FN:3,resolveGroupId
FN:8,(anonymous_1)
FN:9,(anonymous_2)
FN:15,logAction
FNF:4
FNH:2
FNDA:2,resolveGroupId
FNDA:0,(anonymous_1)
FNDA:0,(anonymous_2)
FNDA:19,logAction
DA:1,2
DA:4,2
DA:5,2
DA:6,2
DA:7,2
DA:8,2
DA:9,2
DA:11,0
DA:16,19
DA:17,19
DA:18,19
DA:24,19
DA:25,19
DA:32,0
DA:36,2
LF:15
LH:13
BRDA:4,0,0,0
BRDA:4,0,1,2
BRDA:7,1,0,0
BRDA:7,1,1,2
BRDA:9,2,0,0
BRDA:9,2,1,2
BRDA:16,3,0,0
BRDA:16,3,1,19
BRDA:17,4,0,19
BRDA:17,4,1,2
BRDA:19,5,0,19
BRDA:19,5,1,0
BRDA:21,6,0,19
BRDA:21,6,1,0
BRDA:26,7,0,19
BRDA:26,7,1,0
BRF:16
BRH:9
end_of_record
TN:
SF:src\data\sessions.js
FN:4,createSession
FN:11,findSessionByToken
FN:16,updateSessionActivity
FN:24,invalidateSession
FNF:4
FNH:3
FNDA:13,createSession
FNDA:1,findSessionByToken
FNDA:1,updateSessionActivity
FNDA:0,invalidateSession
DA:1,2
DA:2,2
DA:5,13
DA:6,13
DA:7,13
DA:8,13
DA:12,1
DA:13,1
DA:17,1
DA:18,1
DA:19,1
DA:20,1
DA:21,1
DA:25,0
DA:26,0
DA:27,0
DA:28,0
DA:31,2
LF:18
LH:14
BRDA:4,0,0,12
BRDA:12,1,0,0
BRDA:12,1,1,1
BRDA:18,2,0,0
BRDA:18,2,1,1
BRDA:26,3,0,0
BRDA:26,3,1,0
BRF:7
BRH:3
end_of_record
TN:
SF:src\data\store.js
FN:19,resetStore
FN:23,resetStorePreserveUsers
FN:24,(anonymous_2)
FN:29,(anonymous_3)
FN:30,(anonymous_4)
FN:34,seedAssignmentsForUser
FN:35,(anonymous_6)
FN:39,ensureFocusStats
FN:51,normalizeSort
FN:56,listAssignments
FN:81,(anonymous_10)
FN:92,(anonymous_11)
FN:98,getAssignmentById
FN:104,addAssignment
FN:110,updateAssignment
FN:119,deleteAssignment
FN:126,getSummary
FN:139,findUserByEmail
FN:146,addUser
FN:154,updateUserPassword
FN:162,getFocusStats
FN:169,setFocusStats
FNF:22
FNH:16
FNDA:19,resetStore
FNDA:0,resetStorePreserveUsers
FNDA:0,(anonymous_2)
FNDA:0,(anonymous_3)
FNDA:0,(anonymous_4)
FNDA:11,seedAssignmentsForUser
FNDA:132,(anonymous_6)
FNDA:11,ensureFocusStats
FNDA:1,normalizeSort
FNDA:1,listAssignments
FNDA:0,(anonymous_10)
FNDA:0,(anonymous_11)
FNDA:1,getAssignmentById
FNDA:2,addAssignment
FNDA:1,updateAssignment
FNDA:1,deleteAssignment
FNDA:1,getSummary
FNDA:16,findUserByEmail
FNDA:11,addUser
FNDA:1,updateUserPassword
FNDA:6,getFocusStats
FNDA:3,setFocusStats
DA:1,4
DA:2,4
DA:4,4
DA:20,19
DA:24,0
DA:25,0
DA:27,0
DA:28,0
DA:29,0
DA:30,0
DA:35,132
DA:36,11
DA:40,11
DA:41,11
DA:42,11
DA:43,11
DA:44,11
DA:45,11
DA:46,11
DA:47,11
DA:48,11
DA:52,1
DA:53,1
DA:57,1
DA:58,1
DA:59,1
DA:60,1
DA:61,1
DA:62,0
DA:68,1
DA:69,1
DA:70,1
DA:71,1
DA:72,0
DA:74,1
DA:77,1
DA:78,0
DA:79,0
DA:80,0
DA:81,0
DA:83,0
DA:86,1
DA:87,1
DA:88,1
DA:89,1
DA:90,1
DA:91,0
DA:92,0
DA:94,1
DA:95,1
DA:99,1
DA:100,1
DA:101,1
DA:105,2
DA:106,2
DA:107,2
DA:111,1
DA:112,1
DA:113,1
DA:114,1
DA:115,1
DA:116,1
DA:120,1
DA:121,1
DA:122,1
DA:123,1
DA:127,1
DA:128,1
DA:129,1
DA:130,1
DA:131,1
DA:132,1
DA:133,1
DA:134,1
DA:135,1
DA:136,1
DA:140,16
DA:143,4
DA:144,4
DA:147,11
DA:148,11
DA:149,11
DA:150,11
DA:151,11
DA:155,1
DA:156,1
DA:157,1
DA:158,1
DA:159,1
DA:163,6
DA:164,6
DA:165,6
DA:166,0
DA:170,3
DA:171,3
DA:172,3
DA:173,1
DA:175,3
DA:176,3
DA:177,1
DA:179,3
DA:182,4
LF:102
LH:86
BRDA:27,0,0,0
BRDA:27,0,1,0
BRDA:42,1,0,0
BRDA:42,1,1,11
BRDA:42,2,0,11
BRDA:42,2,1,0
BRDA:44,3,0,11
BRDA:44,3,1,0
BRDA:45,4,0,11
BRDA:45,4,1,0
BRDA:53,5,0,0
BRDA:53,5,1,1
BRDA:58,6,0,1
BRDA:58,6,1,0
BRDA:59,7,0,0
BRDA:59,7,1,1
BRDA:60,8,0,0
BRDA:60,8,1,1
BRDA:61,9,0,0
BRDA:61,9,1,1
BRDA:70,10,0,0
BRDA:70,10,1,1
BRDA:71,11,0,0
BRDA:71,11,1,1
BRDA:77,12,0,0
BRDA:77,12,1,1
BRDA:79,13,0,0
BRDA:79,13,1,0
BRDA:81,14,0,0
BRDA:81,14,1,0
BRDA:81,15,0,0
BRDA:81,15,1,0
BRDA:86,16,0,1
BRDA:86,16,1,0
BRDA:87,17,0,1
BRDA:87,17,1,0
BRDA:90,18,0,0
BRDA:90,18,1,1
BRDA:92,19,0,0
BRDA:92,19,1,0
BRDA:92,20,0,0
BRDA:92,20,1,0
BRDA:100,21,0,1
BRDA:100,21,1,0
BRDA:101,22,0,1
BRDA:101,22,1,0
BRDA:105,23,0,2
BRDA:105,23,1,2
BRDA:112,24,0,1
BRDA:112,24,1,0
BRDA:114,25,0,0
BRDA:114,25,1,1
BRDA:121,26,0,1
BRDA:121,26,1,0
BRDA:128,27,0,1
BRDA:128,27,1,0
BRDA:144,28,0,4
BRDA:144,28,1,4
BRDA:156,29,0,0
BRDA:156,29,1,1
BRDA:165,30,0,6
BRDA:165,30,1,0
BRDA:165,31,0,6
BRDA:165,31,1,6
BRDA:172,32,0,2
BRDA:172,32,1,1
BRDA:176,33,0,2
BRDA:176,33,1,1
BRF:68
BRH:33
end_of_record
TN:
SF:src\graphql\resolvers.js
FN:23,errorsToList
FN:24,(anonymous_1)
FN:27,getUserRoles
FN:31,(anonymous_3)
FN:32,(anonymous_4)
FN:35,getGroupId
FN:40,isAdminUser
FN:46,getContextUserId
FN:51,enforceUserOrAdmin
FN:62,enforceAdmin
FN:69,safeUser
FN:75,toNumber
FN:80,userIdError
FN:85,(anonymous_13)
FN:103,(anonymous_14)
FN:111,(anonymous_15)
FN:118,(anonymous_16)
FN:127,(anonymous_17)
FN:159,(anonymous_18)
FN:188,(anonymous_19)
FN:212,(anonymous_20)
FN:238,(anonymous_21)
FN:267,(anonymous_22)
FN:301,(anonymous_23)
FN:317,(anonymous_24)
FN:337,(anonymous_25)
FN:343,(anonymous_26)
FN:349,(anonymous_27)
FN:357,(anonymous_28)
FN:365,(anonymous_29)
FN:375,(anonymous_30)
FN:383,(anonymous_31)
FNF:32
FNH:20
FNDA:1,errorsToList
FNDA:2,(anonymous_1)
FNDA:29,getUserRoles
FNDA:0,(anonymous_3)
FNDA:0,(anonymous_4)
FNDA:17,getGroupId
FNDA:0,isAdminUser
FNDA:10,getContextUserId
FNDA:10,enforceUserOrAdmin
FNDA:0,enforceAdmin
FNDA:12,safeUser
FNDA:13,toNumber
FNDA:0,userIdError
FNDA:1,(anonymous_13)
FNDA:1,(anonymous_14)
FNDA:1,(anonymous_15)
FNDA:1,(anonymous_16)
FNDA:11,(anonymous_17)
FNDA:1,(anonymous_18)
FNDA:2,(anonymous_19)
FNDA:1,(anonymous_20)
FNDA:3,(anonymous_21)
FNDA:1,(anonymous_22)
FNDA:1,(anonymous_23)
FNDA:1,(anonymous_24)
FNDA:0,(anonymous_25)
FNDA:0,(anonymous_26)
FNDA:0,(anonymous_27)
FNDA:0,(anonymous_28)
FNDA:0,(anonymous_29)
FNDA:0,(anonymous_30)
FNDA:0,(anonymous_31)
DA:13,2
DA:14,2
DA:15,2
DA:16,2
DA:21,2
DA:24,2
DA:28,29
DA:29,29
DA:30,29
DA:31,29
DA:32,29
DA:36,17
DA:37,17
DA:41,0
DA:42,0
DA:43,0
DA:47,10
DA:48,10
DA:52,10
DA:53,10
DA:54,10
DA:55,0
DA:57,0
DA:58,0
DA:59,0
DA:63,0
DA:64,0
DA:65,0
DA:66,0
DA:70,12
DA:71,12
DA:72,12
DA:76,13
DA:77,13
DA:81,0
DA:84,2
DA:86,1
DA:87,1
DA:88,1
DA:89,0
DA:91,1
DA:104,1
DA:105,1
DA:106,1
DA:107,1
DA:108,1
DA:112,1
DA:113,1
DA:114,1
DA:115,1
DA:119,1
DA:120,1
DA:121,1
DA:122,0
DA:124,1
DA:128,11
DA:129,11
DA:130,0
DA:133,11
DA:134,1
DA:137,10
DA:143,10
DA:152,10
DA:153,10
DA:154,10
DA:155,10
DA:156,10
DA:160,1
DA:161,1
DA:162,0
DA:165,1
DA:166,1
DA:167,1
DA:168,0
DA:175,0
DA:178,1
DA:186,1
DA:187,1
DA:188,2
DA:189,1
DA:190,1
DA:191,1
DA:192,1
DA:193,1
DA:194,1
DA:196,1
DA:197,1
DA:198,1
DA:199,1
DA:200,1
DA:202,1
DA:204,1
DA:206,0
DA:207,0
DA:208,0
DA:213,1
DA:214,1
DA:215,0
DA:218,1
DA:219,1
DA:220,1
DA:221,0
DA:223,1
DA:224,0
DA:227,1
DA:228,1
DA:235,1
DA:239,3
DA:240,3
DA:241,3
DA:242,3
DA:243,3
DA:244,1
DA:247,2
DA:256,2
DA:264,2
DA:268,1
DA:269,1
DA:270,1
DA:271,1
DA:272,1
DA:273,1
DA:274,0
DA:277,1
DA:286,1
DA:287,0
DA:290,1
DA:298,1
DA:302,1
DA:303,1
DA:304,1
DA:305,1
DA:306,1
DA:307,1
DA:314,1
DA:318,1
DA:319,1
DA:320,1
DA:321,1
DA:322,0
DA:325,1
DA:326,1
DA:333,1
DA:337,2
DA:338,0
DA:339,0
DA:340,0
DA:343,2
DA:344,0
DA:345,0
DA:348,2
DA:349,2
DA:350,0
DA:351,0
DA:353,0
DA:357,2
DA:358,0
DA:359,0
DA:361,0
DA:365,2
DA:366,0
DA:367,0
DA:368,0
DA:369,0
DA:370,0
DA:372,0
DA:375,2
DA:376,0
DA:377,0
DA:378,0
DA:379,0
DA:380,0
DA:383,2
DA:384,0
DA:385,0
DA:386,0
DA:387,0
DA:388,0
DA:389,0
DA:390,0
DA:391,0
DA:392,0
DA:395,2
LF:183
LH:125
BRDA:28,0,0,0
BRDA:28,0,1,29
BRDA:30,1,0,0
BRDA:30,1,1,29
BRDA:37,2,0,0
BRDA:37,2,1,17
BRDA:41,3,0,0
BRDA:41,3,1,0
BRDA:47,4,0,0
BRDA:47,4,1,10
BRDA:47,5,0,10
BRDA:47,5,1,10
BRDA:48,6,0,10
BRDA:48,6,1,10
BRDA:53,7,0,10
BRDA:53,7,1,0
BRDA:54,8,0,10
BRDA:54,8,1,0
BRDA:57,9,0,0
BRDA:57,9,1,0
BRDA:59,10,0,0
BRDA:59,10,1,0
BRDA:64,11,0,0
BRDA:64,11,1,0
BRDA:66,12,0,0
BRDA:66,12,1,0
BRDA:70,13,0,0
BRDA:70,13,1,12
BRDA:77,14,0,13
BRDA:77,14,1,0
BRDA:88,15,0,0
BRDA:88,15,1,1
BRDA:97,16,0,1
BRDA:97,16,1,0
BRDA:98,17,0,1
BRDA:98,17,1,0
BRDA:106,18,0,0
BRDA:106,18,1,1
BRDA:114,19,0,0
BRDA:114,19,1,1
BRDA:121,20,0,0
BRDA:121,20,1,1
BRDA:129,21,0,0
BRDA:129,21,1,11
BRDA:133,22,0,1
BRDA:133,22,1,10
BRDA:161,23,0,0
BRDA:161,23,1,1
BRDA:167,24,0,0
BRDA:167,24,1,1
BRDA:167,25,0,1
BRDA:167,25,1,1
BRDA:169,26,0,0
BRDA:169,26,1,0
BRDA:188,27,0,1
BRDA:188,27,1,1
BRDA:189,28,0,1
BRDA:189,28,1,0
BRDA:192,29,0,1
BRDA:192,29,1,1
BRDA:198,30,0,1
BRDA:198,30,1,0
BRDA:199,31,0,1
BRDA:199,31,1,1
BRDA:214,32,0,0
BRDA:214,32,1,1
BRDA:220,33,0,0
BRDA:220,33,1,1
BRDA:223,34,0,0
BRDA:223,34,1,1
BRDA:241,35,0,0
BRDA:241,35,1,3
BRDA:242,36,0,3
BRDA:242,36,1,0
BRDA:243,37,0,1
BRDA:243,37,1,2
BRDA:249,38,0,2
BRDA:249,38,1,0
BRDA:253,39,0,2
BRDA:253,39,1,1
BRDA:270,40,0,0
BRDA:270,40,1,1
BRDA:272,41,0,1
BRDA:272,41,1,0
BRDA:273,42,0,0
BRDA:273,42,1,1
BRDA:279,43,0,1
BRDA:279,43,1,0
BRDA:283,44,0,1
BRDA:283,44,1,0
BRDA:286,45,0,0
BRDA:286,45,1,1
BRDA:304,46,0,0
BRDA:304,46,1,1
BRDA:320,47,0,0
BRDA:320,47,1,1
BRDA:321,48,0,0
BRDA:321,48,1,1
BRDA:321,49,0,1
BRDA:321,49,1,1
BRDA:339,50,0,0
BRDA:339,50,1,0
BRDA:378,51,0,0
BRDA:378,51,1,0
BRDA:386,52,0,0
BRDA:386,52,1,0
BRDA:388,53,0,0
BRDA:388,53,1,0
BRF:108
BRH:54
end_of_record
TN:
SF:src\graphql\schema.js
FNF:0
FNH:0
DA:1,2
DA:3,2
DA:167,2
LF:3
LH:3
BRF:0
BRH:0
end_of_record
TN:
SF:src\middleware\authMiddleware.js
FN:6,attachUserContext
FN:25,(anonymous_1)
FN:37,(anonymous_2)
FNF:3
FNH:1
FNDA:26,attachUserContext
FNDA:0,(anonymous_1)
FNDA:0,(anonymous_2)
DA:1,2
DA:2,2
DA:4,2
DA:7,26
DA:8,26
DA:9,26
DA:10,26
DA:12,0
DA:13,0
DA:14,0
DA:15,0
DA:16,0
DA:19,0
DA:20,0
DA:21,0
DA:22,0
DA:25,0
DA:26,0
DA:27,0
DA:28,0
DA:31,0
DA:32,0
DA:33,0
DA:34,0
DA:37,0
DA:38,0
DA:39,0
DA:42,2
LF:28
LH:8
BRDA:4,0,0,2
BRDA:4,0,1,2
BRDA:7,1,0,26
BRDA:7,1,1,26
BRDA:8,2,0,26
BRDA:8,2,1,0
BRDA:14,3,0,0
BRDA:14,3,1,0
BRDA:20,4,0,0
BRDA:20,4,1,0
BRDA:20,5,0,0
BRDA:20,5,1,0
BRDA:26,6,0,0
BRDA:26,6,1,0
BRDA:32,7,0,0
BRDA:32,7,1,0
BRDA:38,8,0,0
BRDA:38,8,1,0
BRDA:38,9,0,0
BRDA:38,9,1,0
BRF:20
BRH:5
end_of_record
TN:
SF:src\middleware\suspiciousMiddleware.js
FN:3,suspiciousMiddleware
FN:12,(anonymous_1)
FNF:2
FNH:2
FNDA:26,suspiciousMiddleware
FNDA:26,(anonymous_1)
DA:1,2
DA:4,26
DA:5,26
DA:6,26
DA:7,26
DA:9,26
DA:12,26
DA:18,26
DA:21,2
LF:9
LH:9
BRDA:5,0,0,26
BRDA:5,0,1,0
BRDA:5,0,2,0
BRDA:5,0,3,0
BRDA:6,1,0,0
BRDA:6,1,1,26
BRDA:6,2,0,26
BRDA:6,2,1,0
BRDA:7,3,0,26
BRDA:7,3,1,26
BRF:10
BRH:5
end_of_record
TN:
SF:src\models\assignment.js
FN:3,(anonymous_0)
FNF:1
FNH:1
FNDA:5,(anonymous_0)
DA:1,5
DA:3,5
DA:4,5
LF:3
LH:3
BRF:0
BRH:0
end_of_record
TN:
SF:src\models\assignmentCollaborator.js
FN:3,(anonymous_0)
FNF:1
FNH:1
FNDA:5,(anonymous_0)
DA:1,5
DA:3,5
DA:4,5
LF:3
LH:3
BRF:0
BRH:0
end_of_record
TN:
SF:src\models\focusAllTime.js
FN:3,(anonymous_0)
FNF:1
FNH:1
FNDA:5,(anonymous_0)
DA:1,5
DA:3,5
DA:4,5
LF:3
LH:3
BRF:0
BRH:0
end_of_record
TN:
SF:src\models\focusStats.js
FN:3,(anonymous_0)
FNF:1
FNH:1
FNDA:5,(anonymous_0)
DA:1,5
DA:3,5
DA:4,5
LF:3
LH:3
BRF:0
BRH:0
end_of_record
TN:
SF:src\models\focusToday.js
FN:3,(anonymous_0)
FNF:1
FNH:1
FNDA:5,(anonymous_0)
DA:1,5
DA:3,5
DA:4,5
LF:3
LH:3
BRF:0
BRH:0
end_of_record
TN:
SF:src\models\log.js
FN:3,(anonymous_0)
FNF:1
FNH:1
FNDA:5,(anonymous_0)
DA:1,5
DA:3,5
DA:4,5
LF:3
LH:3
BRF:0
BRH:0
end_of_record
TN:
SF:src\models\observation.js
FN:3,(anonymous_0)
FNF:1
FNH:1
FNDA:5,(anonymous_0)
DA:1,5
DA:3,5
DA:4,5
LF:3
LH:3
BRF:0
BRH:0
end_of_record
TN:
SF:src\models\permission.js
FN:3,(anonymous_0)
FNF:1
FNH:1
FNDA:5,(anonymous_0)
DA:1,5
DA:3,5
DA:4,5
LF:3
LH:3
BRF:0
BRH:0
end_of_record
TN:
SF:src\models\role.js
FN:3,(anonymous_0)
FNF:1
FNH:1
FNDA:5,(anonymous_0)
DA:1,5
DA:3,5
DA:4,5
LF:3
LH:3
BRF:0
BRH:0
end_of_record
TN:
SF:src\models\rolePermission.js
FN:3,(anonymous_0)
FNF:1
FNH:1
FNDA:5,(anonymous_0)
DA:1,5
DA:3,5
DA:4,5
LF:3
LH:3
BRF:0
BRH:0
end_of_record
TN:
SF:src\models\session.js
FN:4,(anonymous_0)
FN:9,(anonymous_1)
FN:13,(anonymous_2)
FNF:3
FNH:3
FNDA:5,(anonymous_0)
FNDA:13,(anonymous_1)
FNDA:13,(anonymous_2)
DA:1,5
DA:2,5
DA:4,5
DA:5,5
DA:9,13
DA:13,13
DA:26,5
LF:7
LH:7
BRF:0
BRH:0
end_of_record
TN:
SF:src\models\user.js
FN:3,(anonymous_0)
FNF:1
FNH:1
FNDA:5,(anonymous_0)
DA:1,5
DA:3,5
DA:4,5
LF:3
LH:3
BRF:0
BRH:0
end_of_record
TN:
SF:src\models\userRole.js
FN:3,(anonymous_0)
FNF:1
FNH:1
FNDA:5,(anonymous_0)
DA:1,5
DA:3,5
DA:4,5
LF:3
LH:3
BRF:0
BRH:0
end_of_record
TN:
SF:src\models\userStats.js
FN:3,(anonymous_0)
FNF:1
FNH:1
FNDA:5,(anonymous_0)
DA:1,5
DA:3,5
DA:4,5
LF:3
LH:3
BRF:0
BRH:0
end_of_record
TN:
SF:src\realtime\socketHub.js
FN:7,initWebSocket
FN:9,(anonymous_1)
FN:12,(anonymous_2)
FN:57,(anonymous_3)
FN:63,(anonymous_4)
FN:80,(anonymous_5)
FN:98,broadcast
FN:101,(anonymous_7)
FNF:8
FNH:0
FNDA:0,initWebSocket
FNDA:0,(anonymous_1)
FNDA:0,(anonymous_2)
FNDA:0,(anonymous_3)
FNDA:0,(anonymous_4)
FNDA:0,(anonymous_5)
FNDA:0,broadcast
FNDA:0,(anonymous_7)
DA:1,3
DA:2,3
DA:4,3
DA:5,3
DA:8,0
DA:9,0
DA:10,0
DA:12,0
DA:13,0
DA:14,0
DA:15,0
DA:16,0
DA:17,0
DA:18,0
DA:19,0
DA:20,0
DA:21,0
DA:23,0
DA:26,0
DA:27,0
DA:28,0
DA:29,0
DA:39,0
DA:40,0
DA:41,0
DA:42,0
DA:45,0
DA:47,0
DA:48,0
DA:49,0
DA:51,0
DA:54,0
DA:55,0
DA:56,0
DA:57,0
DA:58,0
DA:61,0
DA:62,0
DA:63,0
DA:64,0
DA:67,0
DA:69,0
DA:70,0
DA:72,0
DA:76,0
DA:80,0
DA:81,0
DA:82,0
DA:83,0
DA:84,0
DA:85,0
DA:86,0
DA:87,0
DA:89,0
DA:95,0
DA:99,0
DA:100,0
DA:101,0
DA:102,0
DA:106,3
LF:60
LH:5
BRDA:15,0,0,0
BRDA:15,0,1,0
BRDA:15,1,0,0
BRDA:15,1,1,0
BRDA:17,2,0,0
BRDA:17,2,1,0
BRDA:20,3,0,0
BRDA:20,3,1,0
BRDA:26,4,0,0
BRDA:26,4,1,0
BRDA:27,5,0,0
BRDA:27,5,1,0
BRDA:31,6,0,0
BRDA:31,6,1,0
BRDA:32,7,0,0
BRDA:32,7,1,0
BRDA:32,8,0,0
BRDA:32,8,1,0
BRDA:33,9,0,0
BRDA:33,9,1,0
BRDA:34,10,0,0
BRDA:34,10,1,0
BRDA:35,11,0,0
BRDA:35,11,1,0
BRDA:42,12,0,0
BRDA:42,12,1,0
BRDA:42,13,0,0
BRDA:42,13,1,0
BRDA:45,14,0,0
BRDA:45,14,1,0
BRDA:45,15,0,0
BRDA:45,15,1,0
BRDA:54,16,0,0
BRDA:54,16,1,0
BRDA:56,17,0,0
BRDA:56,17,1,0
BRDA:58,18,0,0
BRDA:58,18,1,0
BRDA:58,19,0,0
BRDA:58,19,1,0
BRDA:62,20,0,0
BRDA:62,20,1,0
BRDA:64,21,0,0
BRDA:64,21,1,0
BRDA:64,22,0,0
BRDA:64,22,1,0
BRDA:67,23,0,0
BRDA:67,23,1,0
BRDA:67,24,0,0
BRDA:67,24,1,0
BRDA:69,25,0,0
BRDA:69,25,1,0
BRDA:81,26,0,0
BRDA:81,26,1,0
BRDA:83,27,0,0
BRDA:83,27,1,0
BRDA:85,28,0,0
BRDA:85,28,1,0
BRDA:99,29,0,0
BRDA:99,29,1,0
BRDA:102,30,0,0
BRDA:102,30,1,0
BRF:62
BRH:0
end_of_record
TN:
SF:src\routes\adminRoutes.js
FN:6,isAdminUser
FN:11,(anonymous_1)
FN:12,(anonymous_2)
FN:15,requireAdmin
FN:40,(anonymous_4)
FN:48,(anonymous_5)
FN:55,(anonymous_6)
FN:63,(anonymous_7)
FN:72,(anonymous_8)
FNF:9
FNH:0
FNDA:0,isAdminUser
FNDA:0,(anonymous_1)
FNDA:0,(anonymous_2)
FNDA:0,requireAdmin
FNDA:0,(anonymous_4)
FNDA:0,(anonymous_5)
FNDA:0,(anonymous_6)
FNDA:0,(anonymous_7)
FNDA:0,(anonymous_8)
DA:1,2
DA:2,2
DA:3,2
DA:4,2
DA:7,0
DA:8,0
DA:9,0
DA:10,0
DA:11,0
DA:12,0
DA:16,0
DA:17,0
DA:18,0
DA:19,0
DA:20,0
DA:22,0
DA:23,0
DA:24,0
DA:25,0
DA:26,0
DA:31,0
DA:32,0
DA:34,0
DA:36,0
DA:40,2
DA:41,0
DA:42,0
DA:43,0
DA:44,0
DA:45,0
DA:48,2
DA:49,0
DA:50,0
DA:51,0
DA:52,0
DA:55,2
DA:56,0
DA:57,0
DA:58,0
DA:59,0
DA:60,0
DA:63,2
DA:64,0
DA:65,0
DA:66,0
DA:67,0
DA:68,0
DA:72,2
DA:73,0
DA:74,0
DA:75,0
DA:76,0
DA:77,0
DA:78,0
DA:79,0
DA:80,0
DA:81,0
DA:84,2
LF:58
LH:10
BRDA:8,0,0,0
BRDA:8,0,1,0
BRDA:10,1,0,0
BRDA:10,1,1,0
BRDA:17,2,0,0
BRDA:17,2,1,0
BRDA:18,3,0,0
BRDA:18,3,1,0
BRDA:20,4,0,0
BRDA:20,4,1,0
BRDA:24,5,0,0
BRDA:24,5,1,0
BRDA:24,6,0,0
BRDA:24,6,1,0
BRDA:42,7,0,0
BRDA:42,7,1,0
BRDA:65,8,0,0
BRDA:65,8,1,0
BRDA:74,9,0,0
BRDA:74,9,1,0
BRDA:75,10,0,0
BRDA:75,10,1,0
BRDA:76,11,0,0
BRDA:76,11,1,0
BRDA:76,11,2,0
BRDA:77,12,0,0
BRDA:77,12,1,0
BRDA:77,13,0,0
BRDA:77,13,1,0
BRDA:77,13,2,0
BRDA:78,14,0,0
BRDA:78,14,1,0
BRF:32
BRH:0
end_of_record
TN:
SF:src\routes\alertsRoutes.js
FN:5,(anonymous_0)
FN:11,(anonymous_1)
FNF:2
FNH:0
FNDA:0,(anonymous_0)
FNDA:0,(anonymous_1)
DA:1,2
DA:2,2
DA:3,2
DA:5,2
DA:6,0
DA:7,0
DA:11,2
DA:13,2
LF:8
LH:6
BRDA:6,0,0,0
BRDA:6,0,1,0
BRF:2
BRH:0
end_of_record
TN:
SF:src\routes\analyticsRoutes.js
FN:7,(anonymous_0)
FN:15,(anonymous_1)
FN:24,(anonymous_2)
FNF:3
FNH:0
FNDA:0,(anonymous_0)
FNDA:0,(anonymous_1)
FNDA:0,(anonymous_2)
DA:1,2
DA:2,2
DA:3,2
DA:4,2
DA:7,2
DA:8,0
DA:9,0
DA:10,0
DA:11,0
DA:12,0
DA:13,0
DA:15,0
DA:16,0
DA:18,0
DA:19,0
DA:24,2
DA:25,0
DA:26,0
DA:27,0
DA:28,0
DA:30,0
DA:36,0
DA:37,0
DA:38,0
DA:40,0
DA:41,0
DA:45,2
LF:27
LH:7
BRDA:28,0,0,0
BRDA:28,0,1,0
BRF:2
BRH:0
end_of_record
TN:
SF:src\routes\assignmentsRoutes.js
FN:15,(anonymous_0)
FN:45,(anonymous_1)
FN:53,(anonymous_2)
FN:65,(anonymous_3)
FN:91,(anonymous_4)
FN:120,(anonymous_5)
FNF:6
FNH:0
FNDA:0,(anonymous_0)
FNDA:0,(anonymous_1)
FNDA:0,(anonymous_2)
FNDA:0,(anonymous_3)
FNDA:0,(anonymous_4)
FNDA:0,(anonymous_5)
DA:1,2
DA:9,2
DA:10,2
DA:11,2
DA:13,2
DA:15,2
DA:16,0
DA:17,0
DA:18,0
DA:28,0
DA:30,0
DA:31,0
DA:42,0
DA:45,2
DA:46,0
DA:47,0
DA:48,0
DA:50,0
DA:53,2
DA:54,0
DA:55,0
DA:56,0
DA:58,0
DA:59,0
DA:60,0
DA:62,0
DA:65,2
DA:66,0
DA:67,0
DA:68,0
DA:70,0
DA:71,0
DA:72,0
DA:74,0
DA:82,0
DA:88,0
DA:91,2
DA:92,0
DA:93,0
DA:94,0
DA:96,0
DA:97,0
DA:98,0
DA:100,0
DA:108,0
DA:109,0
DA:111,0
DA:117,0
DA:120,2
DA:121,0
DA:122,0
DA:123,0
DA:125,0
DA:126,0
DA:127,0
DA:129,0
DA:135,0
DA:138,2
LF:58
LH:12
BRDA:17,0,0,0
BRDA:17,0,1,0
BRDA:21,1,0,0
BRDA:22,2,0,0
BRDA:23,3,0,0
BRDA:24,4,0,0
BRDA:25,5,0,0
BRDA:26,6,0,0
BRDA:27,7,0,0
BRDA:47,8,0,0
BRDA:47,8,1,0
BRDA:55,9,0,0
BRDA:55,9,1,0
BRDA:59,10,0,0
BRDA:59,10,1,0
BRDA:67,11,0,0
BRDA:67,11,1,0
BRDA:70,12,0,0
BRDA:70,12,1,0
BRDA:71,13,0,0
BRDA:71,13,1,0
BRDA:76,14,0,0
BRDA:76,14,1,0
BRDA:80,15,0,0
BRDA:80,15,1,0
BRDA:93,16,0,0
BRDA:93,16,1,0
BRDA:96,17,0,0
BRDA:96,17,1,0
BRDA:97,18,0,0
BRDA:97,18,1,0
BRDA:102,19,0,0
BRDA:102,19,1,0
BRDA:106,20,0,0
BRDA:106,20,1,0
BRDA:108,21,0,0
BRDA:108,21,1,0
BRDA:122,22,0,0
BRDA:122,22,1,0
BRDA:126,23,0,0
BRDA:126,23,1,0
BRF:41
BRH:0
end_of_record
TN:
SF:src\routes\authRoutes.js
FN:23,safeUser
FN:28,sendEmail
FN:99,(anonymous_2)
FN:129,(anonymous_3)
FN:157,(anonymous_4)
FN:184,(anonymous_5)
FN:208,(anonymous_6)
FN:228,(anonymous_7)
FN:232,(anonymous_8)
FN:253,(anonymous_9)
FN:257,(anonymous_10)
FN:271,(anonymous_11)
FN:279,(anonymous_12)
FN:282,(anonymous_13)
FN:287,(anonymous_14)
FNF:15
FNH:5
FNDA:2,safeUser
FNDA:0,sendEmail
FNDA:1,(anonymous_2)
FNDA:1,(anonymous_3)
FNDA:1,(anonymous_4)
FNDA:0,(anonymous_5)
FNDA:0,(anonymous_6)
FNDA:0,(anonymous_7)
FNDA:0,(anonymous_8)
FNDA:0,(anonymous_9)
FNDA:0,(anonymous_10)
FNDA:1,(anonymous_11)
FNDA:0,(anonymous_12)
FNDA:0,(anonymous_13)
FNDA:0,(anonymous_14)
DA:1,2
DA:6,2
DA:7,2
DA:8,2
DA:9,2
DA:10,2
DA:15,2
DA:16,2
DA:17,2
DA:18,2
DA:19,2
DA:21,2
DA:24,2
DA:25,2
DA:29,0
DA:30,0
DA:31,0
DA:32,0
DA:34,0
DA:35,0
DA:36,0
DA:37,0
DA:38,0
DA:39,0
DA:40,0
DA:41,0
DA:42,0
DA:43,0
DA:44,0
DA:45,0
DA:47,0
DA:48,0
DA:52,0
DA:53,0
DA:59,0
DA:60,0
DA:61,0
DA:64,0
DA:65,0
DA:66,0
DA:67,0
DA:73,0
DA:74,0
DA:75,0
DA:77,0
DA:81,0
DA:82,0
DA:83,0
DA:89,0
DA:90,0
DA:91,0
DA:92,0
DA:94,0
DA:95,0
DA:99,2
DA:100,1
DA:101,1
DA:102,0
DA:105,1
DA:106,0
DA:110,1
DA:116,1
DA:117,1
DA:119,1
DA:126,1
DA:129,2
DA:130,1
DA:131,1
DA:132,0
DA:135,1
DA:136,1
DA:137,0
DA:144,0
DA:147,1
DA:155,1
DA:157,1
DA:159,1
DA:160,0
DA:161,0
DA:162,0
DA:163,0
DA:165,0
DA:166,0
DA:167,0
DA:168,0
DA:169,0
DA:171,0
DA:173,0
DA:176,0
DA:179,1
DA:180,1
DA:181,1
DA:184,2
DA:185,0
DA:186,0
DA:187,0
DA:190,0
DA:191,0
DA:192,0
DA:194,0
DA:195,0
DA:198,0
DA:199,0
DA:205,0
DA:208,2
DA:209,0
DA:210,0
DA:211,0
DA:212,0
DA:213,0
DA:214,0
DA:215,0
DA:217,0
DA:218,0
DA:219,0
DA:220,0
DA:221,0
DA:223,0
DA:224,0
DA:225,0
DA:226,0
DA:227,0
DA:228,0
DA:229,0
DA:232,2
DA:233,0
DA:234,0
DA:235,0
DA:236,0
DA:237,0
DA:238,0
DA:239,0
DA:240,0
DA:241,0
DA:242,0
DA:244,0
DA:245,0
DA:246,0
DA:248,0
DA:250,0
DA:253,2
DA:254,0
DA:255,0
DA:256,0
DA:257,0
DA:258,0
DA:259,0
DA:261,0
DA:262,0
DA:263,0
DA:264,0
DA:265,0
DA:267,0
DA:268,0
DA:271,2
DA:272,1
DA:273,1
DA:274,1
DA:275,1
DA:276,1
DA:277,1
DA:278,1
DA:279,0
DA:280,0
DA:282,1
DA:283,1
DA:284,1
DA:287,2
DA:288,0
DA:289,0
DA:290,0
DA:291,0
DA:292,0
DA:293,0
DA:294,0
DA:295,0
DA:298,0
DA:299,0
DA:300,0
DA:301,0
DA:303,0
DA:306,2
LF:182
LH:52
BRDA:24,0,0,0
BRDA:24,0,1,2
BRDA:31,1,0,0
BRDA:31,1,1,0
BRDA:32,2,0,0
BRDA:32,2,1,0
BRDA:34,3,0,0
BRDA:34,3,1,0
BRDA:39,4,0,0
BRDA:39,4,1,0
BRDA:47,5,0,0
BRDA:47,5,1,0
BRDA:52,6,0,0
BRDA:52,6,1,0
BRDA:55,7,0,0
BRDA:55,7,1,0
BRDA:56,8,0,0
BRDA:56,8,1,0
BRDA:57,9,0,0
BRDA:57,9,1,0
BRDA:59,10,0,0
BRDA:59,10,1,0
BRDA:64,11,0,0
BRDA:64,11,1,0
BRDA:66,12,0,0
BRDA:66,12,1,0
BRDA:68,13,0,0
BRDA:68,13,1,0
BRDA:73,14,0,0
BRDA:73,14,1,0
BRDA:74,15,0,0
BRDA:74,15,1,0
BRDA:77,16,0,0
BRDA:77,16,1,0
BRDA:89,17,0,0
BRDA:89,17,1,0
BRDA:100,18,0,1
BRDA:100,18,1,0
BRDA:101,19,0,0
BRDA:101,19,1,1
BRDA:105,20,0,0
BRDA:105,20,1,1
BRDA:130,21,0,1
BRDA:130,21,1,0
BRDA:131,22,0,0
BRDA:131,22,1,1
BRDA:136,23,0,0
BRDA:136,23,1,1
BRDA:136,24,0,1
BRDA:136,24,1,1
BRDA:138,25,0,0
BRDA:138,25,1,0
BRDA:155,26,0,0
BRDA:155,26,1,1
BRDA:157,27,0,1
BRDA:157,27,1,0
BRDA:159,28,0,0
BRDA:159,28,1,1
BRDA:161,29,0,0
BRDA:161,29,1,0
BRDA:167,30,0,0
BRDA:167,30,1,0
BRDA:168,31,0,0
BRDA:168,31,1,0
BRDA:173,32,0,0
BRDA:173,32,1,0
BRDA:185,33,0,0
BRDA:185,33,1,0
BRDA:186,34,0,0
BRDA:186,34,1,0
BRDA:191,35,0,0
BRDA:191,35,1,0
BRDA:194,36,0,0
BRDA:194,36,1,0
BRDA:209,37,0,0
BRDA:209,37,1,0
BRDA:210,38,0,0
BRDA:210,38,1,0
BRDA:212,39,0,0
BRDA:212,39,1,0
BRDA:213,40,0,0
BRDA:213,40,1,0
BRDA:214,41,0,0
BRDA:214,41,1,0
BRDA:214,42,0,0
BRDA:214,42,1,0
BRDA:214,42,2,0
BRDA:217,43,0,0
BRDA:217,43,1,0
BRDA:218,44,0,0
BRDA:218,44,1,0
BRDA:218,45,0,0
BRDA:218,45,1,0
BRDA:219,46,0,0
BRDA:219,46,1,0
BRDA:221,47,0,0
BRDA:221,47,1,0
BRDA:233,48,0,0
BRDA:233,48,1,0
BRDA:234,49,0,0
BRDA:234,49,1,0
BRDA:236,50,0,0
BRDA:236,50,1,0
BRDA:238,51,0,0
BRDA:238,51,1,0
BRDA:244,52,0,0
BRDA:244,52,1,0
BRDA:248,53,0,0
BRDA:248,53,1,0
BRDA:254,54,0,0
BRDA:254,54,1,0
BRDA:255,55,0,0
BRDA:255,55,1,0
BRDA:255,56,0,0
BRDA:255,56,1,0
BRDA:258,57,0,0
BRDA:258,57,1,0
BRDA:258,58,0,0
BRDA:258,58,1,0
BRDA:258,58,2,0
BRDA:272,59,0,1
BRDA:272,59,1,0
BRDA:273,60,0,0
BRDA:273,60,1,1
BRDA:275,61,0,0
BRDA:275,61,1,1
BRDA:276,62,0,1
BRDA:276,62,1,1
BRDA:278,63,0,0
BRDA:278,63,1,1
BRDA:288,64,0,0
BRDA:288,64,1,0
BRDA:288,65,0,0
BRDA:288,65,1,0
BRDA:290,66,0,0
BRDA:290,66,1,0
BRDA:291,67,0,0
BRDA:291,67,1,0
BRDA:292,68,0,0
BRDA:292,68,1,0
BRDA:292,69,0,0
BRDA:292,69,1,0
BRDA:295,70,0,0
BRDA:295,70,1,0
BRDA:295,71,0,0
BRDA:295,71,1,0
BRDA:298,72,0,0
BRDA:298,72,1,0
BRDA:301,73,0,0
BRDA:301,73,1,0
BRF:150
BRH:18
end_of_record
TN:
SF:src\routes\focusRoutes.js
FN:7,(anonymous_0)
FN:15,(anonymous_1)
FNF:2
FNH:0
FNDA:0,(anonymous_0)
FNDA:0,(anonymous_1)
DA:1,2
DA:2,2
DA:3,2
DA:5,2
DA:7,2
DA:8,0
DA:9,0
DA:10,0
DA:12,0
DA:15,2
DA:16,0
DA:17,0
DA:18,0
DA:20,0
DA:21,0
DA:22,0
DA:24,0
DA:25,0
DA:31,0
DA:34,2
LF:20
LH:7
BRDA:9,0,0,0
BRDA:9,0,1,0
BRDA:17,1,0,0
BRDA:17,1,1,0
BRDA:20,2,0,0
BRDA:20,2,1,0
BRDA:21,3,0,0
BRDA:21,3,1,0
BRDA:21,4,0,0
BRDA:21,4,1,0
BRF:10
BRH:0
end_of_record
TN:
SF:src\routes\generatorRoutes.js
FN:9,createFakeAssignment
FN:27,(anonymous_1)
FN:40,(anonymous_2)
FN:52,(anonymous_3)
FNF:4
FNH:0
FNDA:0,createFakeAssignment
FNDA:0,(anonymous_1)
FNDA:0,(anonymous_2)
FNDA:0,(anonymous_3)
DA:1,2
DA:2,2
DA:3,2
DA:4,2
DA:6,2
DA:7,2
DA:10,0
DA:11,0
DA:12,0
DA:13,0
DA:14,0
DA:15,0
DA:17,0
DA:27,2
DA:28,0
DA:29,0
DA:30,0
DA:33,0
DA:34,0
DA:37,0
DA:38,0
DA:40,0
DA:41,0
DA:42,0
DA:43,0
DA:45,0
DA:48,0
DA:49,0
DA:52,2
DA:53,0
DA:54,0
DA:55,0
DA:58,0
DA:59,0
DA:60,0
DA:63,0
DA:64,0
DA:65,0
DA:68,2
LF:39
LH:9
BRDA:29,0,0,0
BRDA:29,0,1,0
BRDA:33,1,0,0
BRDA:33,1,1,0
BRDA:37,2,0,0
BRDA:37,2,1,0
BRDA:38,3,0,0
BRDA:38,3,1,0
BRDA:54,4,0,0
BRDA:54,4,1,0
BRDA:59,5,0,0
BRDA:59,5,1,0
BRF:12
BRH:0
end_of_record
TN:
SF:src\routes\validationRoutes.js
FN:12,sendValidationResponse
FN:19,(anonymous_1)
FN:24,(anonymous_2)
FN:29,(anonymous_3)
FNF:4
FNH:0
FNDA:0,sendValidationResponse
FNDA:0,(anonymous_1)
FNDA:0,(anonymous_2)
FNDA:0,(anonymous_3)
DA:1,2
DA:5,2
DA:8,2
DA:10,2
DA:13,0
DA:14,0
DA:16,0
DA:19,2
DA:20,0
DA:21,0
DA:24,2
DA:25,0
DA:26,0
DA:29,2
DA:30,0
DA:31,0
DA:34,2
LF:17
LH:8
BRDA:13,0,0,0
BRDA:13,0,1,0
BRDA:20,1,0,0
BRDA:20,1,1,0
BRDA:25,2,0,0
BRDA:25,2,1,0
BRDA:30,3,0,0
BRDA:30,3,1,0
BRF:8
BRH:0
end_of_record
TN:
SF:src\seeders\assignments-seed.js
FN:7,(anonymous_0)
FN:10,(anonymous_1)
FNF:2
FNH:0
FNDA:0,(anonymous_0)
FNDA:0,(anonymous_1)
DA:1,0
DA:6,0
LF:2
LH:0
BRF:0
BRH:0
end_of_record
TN:
SF:src\seeders\assignments-seeder.js
FN:2,(anonymous_0)
FN:5,(anonymous_1)
FN:10,(anonymous_2)
FN:14,(anonymous_3)
FNF:4
FNH:0
FNDA:0,(anonymous_0)
FNDA:0,(anonymous_1)
FNDA:0,(anonymous_2)
FNDA:0,(anonymous_3)
DA:1,0
DA:3,0
DA:4,0
DA:5,0
DA:7,0
DA:10,0
DA:12,0
DA:15,0
LF:8
LH:0
BRDA:12,0,0,0
BRDA:12,0,1,0
BRF:2
BRH:0
end_of_record
TN:
SF:src\seeders\focus-seeder.js
FN:2,(anonymous_0)
FN:5,(anonymous_1)
FN:10,(anonymous_2)
FN:15,(anonymous_3)
FN:18,(anonymous_4)
FN:25,(anonymous_5)
FN:31,(anonymous_6)
FNF:7
FNH:0
FNDA:0,(anonymous_0)
FNDA:0,(anonymous_1)
FNDA:0,(anonymous_2)
FNDA:0,(anonymous_3)
FNDA:0,(anonymous_4)
FNDA:0,(anonymous_5)
FNDA:0,(anonymous_6)
DA:1,0
DA:3,0
DA:4,0
DA:5,0
DA:7,0
DA:10,0
DA:12,0
DA:15,0
DA:17,0
DA:18,0
DA:19,0
DA:20,0
DA:24,0
DA:25,0
DA:26,0
DA:27,0
DA:32,0
DA:33,0
LF:18
LH:0
BRDA:19,0,0,0
BRDA:19,0,1,0
BRDA:19,1,0,0
BRDA:19,1,1,0
BRDA:26,2,0,0
BRDA:26,2,1,0
BRDA:26,3,0,0
BRDA:26,3,1,0
BRF:8
BRH:0
end_of_record
TN:
SF:src\seeders\permissions-seeder.js
FN:2,(anonymous_0)
FN:12,(anonymous_1)
FNF:2
FNH:0
FNDA:0,(anonymous_0)
FNDA:0,(anonymous_1)
DA:1,0
DA:3,0
DA:10,0
DA:13,0
LF:4
LH:0
BRF:0
BRH:0
end_of_record
TN:
SF:src\seeders\role-permissions-seeder.js
FN:2,(anonymous_0)
FN:5,(anonymous_1)
FN:6,(anonymous_2)
FN:20,(anonymous_3)
FNF:4
FNH:0
FNDA:0,(anonymous_0)
FNDA:0,(anonymous_1)
FNDA:0,(anonymous_2)
FNDA:0,(anonymous_3)
DA:1,0
DA:3,0
DA:4,0
DA:5,0
DA:6,0
DA:8,0
DA:9,0
DA:10,0
DA:11,0
DA:12,0
DA:14,0
DA:15,0
DA:16,0
DA:18,0
DA:21,0
LF:15
LH:0
BRDA:11,0,0,0
BRDA:11,0,1,0
BRDA:14,1,0,0
BRDA:14,1,1,0
BRDA:15,2,0,0
BRDA:15,2,1,0
BRDA:16,3,0,0
BRDA:16,3,1,0
BRDA:18,4,0,0
BRDA:18,4,1,0
BRF:10
BRH:0
end_of_record
TN:
SF:src\seeders\roles-seeder.js
FN:2,(anonymous_0)
FN:9,(anonymous_1)
FNF:2
FNH:0
FNDA:0,(anonymous_0)
FNDA:0,(anonymous_1)
DA:1,0
DA:3,0
DA:7,0
DA:10,0
LF:4
LH:0
BRF:0
BRH:0
end_of_record
TN:
SF:src\seeders\user-roles-seeder.js
FN:2,(anonymous_0)
FN:5,(anonymous_1)
FN:13,(anonymous_2)
FNF:3
FNH:0
FNDA:0,(anonymous_0)
FNDA:0,(anonymous_1)
FNDA:0,(anonymous_2)
DA:1,0
DA:3,0
DA:4,0
DA:5,0
DA:6,0
DA:7,0
DA:8,0
DA:9,0
DA:11,0
DA:14,0
LF:10
LH:0
BRDA:9,0,0,0
BRDA:9,0,1,0
BRDA:9,1,0,0
BRDA:9,1,1,0
BRDA:11,2,0,0
BRDA:11,2,1,0
BRF:6
BRH:0
end_of_record
TN:
SF:src\seeders\users-seeder.js
FN:2,(anonymous_0)
FN:9,(anonymous_1)
FNF:2
FNH:0
FNDA:0,(anonymous_0)
FNDA:0,(anonymous_1)
DA:1,0
DA:3,0
DA:4,0
DA:10,0
LF:4
LH:0
BRF:0
BRH:0
end_of_record
TN:
SF:src\services\aiDetectorClient.js
FN:5,getFetch
FN:15,scoreFeatures
FNF:2
FNH:2
FNDA:16,getFetch
FNDA:16,scoreFeatures
DA:1,2
DA:3,2
DA:6,16
DA:7,0
DA:8,0
DA:9,0
DA:11,0
DA:16,16
DA:17,16
DA:18,16
DA:23,0
DA:24,0
DA:25,0
DA:27,16
DA:29,16
DA:30,16
DA:31,16
DA:33,0
DA:38,2
LF:19
LH:11
BRDA:1,0,0,2
BRDA:1,0,1,2
BRDA:6,1,0,16
BRDA:6,1,1,0
BRDA:23,2,0,0
BRDA:23,2,1,0
BRDA:23,3,0,0
BRDA:23,3,1,0
BRDA:23,4,0,0
BRDA:23,4,1,0
BRDA:27,5,0,16
BRDA:27,5,1,16
BRF:12
BRH:5
end_of_record
TN:
SF:src\services\localAIDetector.js
FN:1,clamp
FN:3,scoreFromFeatures
FNF:2
FNH:2
FNDA:80,clamp
FNDA:16,scoreFromFeatures
DA:1,80
DA:4,16
DA:5,16
DA:6,16
DA:7,16
DA:8,16
DA:11,16
DA:12,16
DA:13,16
DA:14,16
DA:15,16
DA:17,16
DA:18,16
DA:19,16
DA:20,16
DA:21,16
DA:23,16
DA:25,16
DA:26,16
DA:28,16
DA:29,16
DA:32,2
LF:22
LH:22
BRDA:1,0,0,80
BRDA:1,1,0,80
BRDA:3,2,0,0
BRDA:4,3,0,16
BRDA:4,3,1,0
BRDA:5,4,0,16
BRDA:5,4,1,0
BRDA:6,5,0,16
BRDA:6,5,1,16
BRDA:7,6,0,16
BRDA:7,6,1,0
BRDA:8,7,0,16
BRDA:8,7,1,0
BRDA:25,8,0,0
BRDA:25,8,1,16
BRDA:26,9,0,0
BRDA:26,9,1,16
BRF:17
BRH:10
end_of_record
TN:
SF:src\utils\alertsBroadcaster.js
FN:5,now
FN:7,pushAlert
FN:16,getAlerts
FN:18,(anonymous_3)
FN:21,sseHandler
FN:29,(anonymous_5)
FNF:6
FNH:0
FNDA:0,now
FNDA:0,pushAlert
FNDA:0,getAlerts
FNDA:0,(anonymous_3)
FNDA:0,sseHandler
FNDA:0,(anonymous_5)
DA:1,2
DA:2,2
DA:3,2
DA:5,0
DA:8,0
DA:9,0
DA:10,0
DA:11,0
DA:12,0
DA:17,0
DA:18,0
DA:22,0
DA:27,0
DA:28,0
DA:29,0
DA:32,2
LF:16
LH:4
BRDA:8,0,0,0
BRDA:8,0,1,0
BRDA:16,1,0,0
BRDA:17,2,0,0
BRDA:17,2,1,0
BRF:5
BRH:0
end_of_record
TN:
SF:src\utils\cache.js
FN:2,(anonymous_0)
FN:6,(anonymous_1)
FN:11,(anonymous_2)
FN:21,(anonymous_3)
FNF:4
FNH:1
FNDA:2,(anonymous_0)
FNDA:0,(anonymous_1)
FNDA:0,(anonymous_2)
FNDA:0,(anonymous_3)
DA:3,2
DA:7,0
DA:8,0
DA:12,0
DA:13,0
DA:14,0
DA:15,0
DA:16,0
DA:18,0
DA:21,0
DA:24,2
LF:11
LH:2
BRDA:6,0,0,0
BRDA:13,1,0,0
BRDA:13,1,1,0
BRDA:14,2,0,0
BRDA:14,2,1,0
BRF:5
BRH:0
end_of_record
TN:
SF:src\utils\jwt.js
FN:7,signAccessToken
FN:12,(anonymous_1)
FN:12,(anonymous_2)
FN:14,(anonymous_3)
FN:16,(anonymous_4)
FN:17,(anonymous_5)
FN:28,verifyAccessToken
FNF:7
FNH:1
FNDA:13,signAccessToken
FNDA:0,(anonymous_1)
FNDA:0,(anonymous_2)
FNDA:0,(anonymous_3)
FNDA:0,(anonymous_4)
FNDA:0,(anonymous_5)
FNDA:0,verifyAccessToken
DA:1,2
DA:2,2
DA:4,2
DA:5,2
DA:8,13
DA:9,13
DA:10,13
DA:11,13
DA:12,13
DA:13,13
DA:14,13
DA:15,13
DA:16,0
DA:17,0
DA:19,13
DA:20,13
DA:25,13
DA:29,0
DA:30,0
DA:32,0
DA:36,2
LF:21
LH:16
BRDA:4,0,0,2
BRDA:4,0,1,2
BRDA:5,1,0,2
BRDA:5,1,1,2
BRDA:9,2,0,13
BRDA:9,2,1,0
BRDA:9,3,0,13
BRDA:9,3,1,13
BRDA:11,4,0,13
BRDA:11,4,1,0
BRF:10
BRH:8
end_of_record
TN:
SF:src\utils\suspiciousDetector.js
FN:10,now
FN:12,maybeAnalyze
FN:18,(anonymous_2)
FN:19,(anonymous_3)
FN:20,(anonymous_4)
FN:21,(anonymous_5)
FN:29,(anonymous_6)
FN:42,record
FN:67,(anonymous_8)
FN:71,getAlerts
FN:76,reset
FNF:11
FNH:7
FNDA:26,now
FNDA:26,maybeAnalyze
FNDA:232,(anonymous_2)
FNDA:248,(anonymous_3)
FNDA:248,(anonymous_4)
FNDA:248,(anonymous_5)
FNDA:0,(anonymous_6)
FNDA:26,record
FNDA:0,(anonymous_8)
FNDA:0,getAlerts
FNDA:0,reset
DA:1,2
DA:2,2
DA:3,2
DA:5,2
DA:6,2
DA:8,2
DA:10,26
DA:13,26
DA:14,26
DA:15,26
DA:16,16
DA:17,232
DA:18,232
DA:19,248
DA:20,248
DA:21,248
DA:22,16
DA:29,16
DA:30,16
DA:31,0
DA:32,0
DA:33,0
DA:34,0
DA:37,0
DA:39,16
DA:43,26
DA:44,26
DA:45,26
DA:46,2
DA:47,0
DA:48,0
DA:49,0
DA:51,2
DA:52,2
DA:54,26
DA:55,26
DA:56,26
DA:58,26
DA:59,0
DA:60,0
DA:61,0
DA:62,0
DA:63,0
DA:67,26
DA:68,26
DA:73,0
DA:77,0
DA:80,2
LF:48
LH:33
BRDA:2,0,0,2
BRDA:2,0,1,2
BRDA:14,1,0,0
BRDA:14,1,1,26
BRDA:15,2,0,10
BRDA:15,2,1,16
BRDA:15,3,0,26
BRDA:15,3,1,26
BRDA:18,4,0,16
BRDA:18,4,1,0
BRDA:19,5,0,248
BRDA:19,5,1,248
BRDA:20,6,0,248
BRDA:20,6,1,248
BRDA:21,7,0,248
BRDA:21,7,1,248
BRDA:30,8,0,0
BRDA:30,8,1,16
BRDA:30,9,0,16
BRDA:30,9,1,16
BRDA:30,9,2,16
BRDA:30,9,3,16
BRDA:31,10,0,0
BRDA:31,10,1,0
BRDA:42,11,0,0
BRDA:43,12,0,0
BRDA:43,12,1,26
BRDA:45,13,0,2
BRDA:45,13,1,24
BRDA:46,14,0,0
BRDA:46,14,1,2
BRDA:56,15,0,26
BRDA:56,15,1,26
BRDA:58,16,0,0
BRDA:58,16,1,26
BRDA:71,17,0,0
BRF:36
BRH:26
end_of_record
TN:
SF:src\validators\assignmentValidator.js
FN:1,validateAssignment
FNF:1
FNH:1
FNDA:4,validateAssignment
DA:2,4
DA:4,4
DA:5,4
DA:6,1
DA:7,3
DA:8,0
DA:11,4
DA:12,1
DA:14,3
DA:15,3
DA:16,0
DA:20,4
DA:21,0
DA:24,4
DA:25,0
DA:28,4
DA:29,0
DA:32,4
DA:35,2
LF:19
LH:14
BRDA:4,0,0,4
BRDA:4,0,1,1
BRDA:5,1,0,1
BRDA:5,1,1,3
BRDA:7,2,0,0
BRDA:7,2,1,3
BRDA:11,3,0,1
BRDA:11,3,1,3
BRDA:15,4,0,0
BRDA:15,4,1,3
BRDA:20,5,0,0
BRDA:20,5,1,4
BRDA:24,6,0,0
BRDA:24,6,1,4
BRDA:28,7,0,0
BRDA:28,7,1,4
BRDA:28,8,0,4
BRDA:28,8,1,2
BRF:18
BRH:13
end_of_record
TN:
SF:src\validators\authValidator.js
FN:1,validateEmail
FN:10,validateName
FN:17,validatePassword
FN:25,validateConfirmPassword
FN:33,validateNewPassword
FN:41,validateConfirmNewPassword
FN:49,validateLogin
FN:56,validateRegister
FN:65,validatePasswordChange
FNF:9
FNH:9
FNDA:15,validateEmail
FNDA:12,validateName
FNDA:14,validatePassword
FNDA:12,validateConfirmPassword
FNDA:1,validateNewPassword
FNDA:1,validateConfirmNewPassword
FNDA:2,validateLogin
FNDA:12,validateRegister
FNDA:1,validatePasswordChange
DA:2,15
DA:3,15
DA:4,0
DA:5,15
DA:6,0
DA:11,12
DA:12,12
DA:13,0
DA:18,14
DA:19,0
DA:20,14
DA:21,0
DA:26,12
DA:27,0
DA:28,12
DA:29,0
DA:34,1
DA:35,0
DA:36,1
DA:37,0
DA:42,1
DA:43,0
DA:44,1
DA:45,0
DA:50,2
DA:51,2
DA:52,2
DA:53,2
DA:57,12
DA:58,12
DA:59,12
DA:60,12
DA:61,12
DA:62,12
DA:66,1
DA:67,1
DA:68,1
DA:69,0
DA:71,1
DA:72,1
DA:73,1
DA:76,2
LF:42
LH:30
BRDA:2,0,0,15
BRDA:2,0,1,0
BRDA:3,1,0,0
BRDA:3,1,1,15
BRDA:5,2,0,0
BRDA:5,2,1,15
BRDA:11,3,0,12
BRDA:11,3,1,0
BRDA:12,4,0,0
BRDA:12,4,1,12
BRDA:18,5,0,0
BRDA:18,5,1,14
BRDA:20,6,0,0
BRDA:20,6,1,14
BRDA:26,7,0,0
BRDA:26,7,1,12
BRDA:28,8,0,0
BRDA:28,8,1,12
BRDA:34,9,0,0
BRDA:34,9,1,1
BRDA:36,10,0,0
BRDA:36,10,1,1
BRDA:42,11,0,0
BRDA:42,11,1,1
BRDA:44,12,0,0
BRDA:44,12,1,1
BRDA:68,13,0,0
BRDA:68,13,1,1
BRF:28
BRH:14
end_of_record
